2023-05-11 20:36:59:felx_hist: Optimisation method=Nelder-Mead
2023-05-11 20:48:11:hist_165_v0_00: p=2135: cost=0.473906010389328 {'c_scav': 2.0, 'k_inorg': 0.0006, 'k_org': 0.0001, 'mu_D': 0.02, 'mu_D_180': 0.01}
2023-05-11 20:55:29:hist_165_v0_00: p=2135: cost=0.4637518525123596 {'c_scav': 2.1, 'k_inorg': 0.0006, 'k_org': 0.0001, 'mu_D': 0.02, 'mu_D_180': 0.01}
2023-05-11 21:02:55:hist_165_v0_00: p=2135: cost=0.46722981333732605 {'c_scav': 2.0, 'k_inorg': 0.0006299999999999999, 'k_org': 0.0001, 'mu_D': 0.02, 'mu_D_180': 0.01}
2023-05-11 21:10:22:hist_165_v0_00: p=2135: cost=0.46453753113746643 {'c_scav': 2.0, 'k_inorg': 0.0006, 'k_org': 0.000105, 'mu_D': 0.02, 'mu_D_180': 0.01}
2023-05-11 21:17:42:hist_165_v0_00: p=2135: cost=0.4610837996006012 {'c_scav': 2.0, 'k_inorg': 0.0006, 'k_org': 0.0001, 'mu_D': 0.021, 'mu_D_180': 0.01}
2023-05-11 21:25:03:hist_165_v0_00: p=2135: cost=0.4738091230392456 {'c_scav': 2.0, 'k_inorg': 0.0006, 'k_org': 0.0001, 'mu_D': 0.02, 'mu_D_180': 0.0105}
2023-05-11 21:32:23:hist_165_v0_00: p=2135: cost=0.4663134217262268 {'c_scav': 2.04, 'k_inorg': 0.000612, 'k_org': 0.000102, 'mu_D': 0.020400000000000005, 'mu_D_180': 0.010200000000000002}
2023-05-11 21:39:45:hist_165_v0_00: p=2135: cost=0.4672398269176483 {'c_scav': 2.056, 'k_inorg': 0.0006168000000000001, 'k_org': 0.00010280000000000002, 'mu_D': 0.02056, 'mu_D_180': 0.00958}
2023-05-11 21:47:09:hist_165_v0_00: p=2135: cost=0.46648460626602173 {'c_scav': 2.042, 'k_inorg': 0.0006126, 'k_org': 0.00010210000000000002, 'mu_D': 0.02042, 'mu_D_180': 0.00981}
2023-05-11 21:54:31:hist_165_v0_00: p=2135: cost=0.4598427414894104 {'c_scav': 2.0728, 'k_inorg': 0.0005798400000000001, 'k_org': 0.00010364000000000002, 'mu_D': 0.020728, 'mu_D_180': 0.010004}
2023-05-11 22:01:57:hist_165_v0_00: p=2135: cost=0.45459428429603577 {'c_scav': 2.1091999999999995, 'k_inorg': 0.0005547600000000001, 'k_org': 0.00010546000000000001, 'mu_D': 0.021092, 'mu_D_180': 0.010006000000000001}
2023-05-11 22:09:24:hist_165_v0_00: p=2135: cost=0.4587860703468323 {'c_scav': 2.0576799999999995, 'k_inorg': 0.0005741039999999998, 'k_org': 0.000102884, 'mu_D': 0.020576800000000006, 'mu_D_180': 0.010272400000000004}
2023-05-11 22:16:46:hist_165_v0_00: p=2135: cost=0.45583465695381165 {'c_scav': 2.0667519999999993, 'k_inorg': 0.0005595455999999997, 'k_org': 0.0001033376, 'mu_D': 0.020667520000000005, 'mu_D_180': 0.00991136}
2023-05-11 22:24:11:hist_165_v0_00: p=2135: cost=0.4545516073703766 {'c_scav': 2.133452799999999, 'k_inorg': 0.0005553638399999997, 'k_org': 9.967264000000002e-05, 'mu_D': 0.02133452800000001, 'mu_D_180': 0.010075904000000002}
2023-05-11 22:31:36:hist_165_v0_00: p=2135: cost=0.44965821504592896 {'c_scav': 2.2001791999999982, 'k_inorg': 0.0005330457599999996, 'k_org': 9.700896000000006e-05, 'mu_D': 0.022001792000000013, 'mu_D_180': 0.010113856000000001}
2023-05-11 22:39:08:hist_165_v0_00: p=2135: cost=0.4492429494857788 {'c_scav': 2.0735244799999992, 'k_inorg': 0.0005285821439999996, 'k_org': 0.00010347622400000006, 'mu_D': 0.022135244800000013, 'mu_D_180': 0.0101214464}
2023-05-11 22:46:40:hist_165_v0_00: p=2135: cost=0.44166988134384155 {'c_scav': 2.060286719999999, 'k_inorg': 0.0004928732159999994, 'k_org': 0.00010521433600000011, 'mu_D': 0.02320286720000001, 'mu_D_180': 0.010182169599999999}
2023-05-11 22:54:09:hist_165_v0_00: p=2135: cost=0.43997564911842346 {'c_scav': 2.1976391679999985, 'k_inorg': 0.0004857314303999995, 'k_org': 0.00010556195840000006, 'mu_D': 0.022016391680000014, 'mu_D_180': 0.01019431424}
2023-05-11 23:01:39:hist_165_v0_00: p=2135: cost=0.4274568259716034 {'c_scav': 2.2964587519999977, 'k_inorg': 0.00042859714559999925, 'k_org': 0.0001083429376000001, 'mu_D': 0.02252458752000002, 'mu_D_180': 0.010291471360000002}
2023-05-11 23:09:12:hist_165_v0_00: p=2135: cost=0.432860791683197 {'c_scav': 2.235470668799998, 'k_inorg': 0.0004534246886399994, 'k_org': 0.00010486153344000008, 'mu_D': 0.023218706688000017, 'mu_D_180': 0.009929542783999996}
2023-05-11 23:16:43:hist_165_v0_00: p=2135: cost=0.42650020122528076 {'c_scav': 2.2938861363199976, 'k_inorg': 0.0004255347240959992, 'k_org': 0.00010501750681600013, 'mu_D': 0.024148461363200025, 'mu_D_180': 0.010297855897600001}
2023-05-11 23:24:15:hist_165_v0_00: p=2135: cost=0.4109426736831665 {'c_scav': 2.4074532044799968, 'k_inorg': 0.0003585292861439989, 'k_org': 0.00010585746022400016, 'mu_D': 0.025888932044800035, 'mu_D_180': 0.010491103846400004}
2023-05-11 23:31:45:hist_165_v0_00: p=2135: cost=0.4094838500022888 {'c_scav': 2.370739418111995, 'k_inorg': 0.0003518280385535987, 'k_org': 0.00010305409090560018, 'mu_D': 0.02564275418112004, 'mu_D_180': 0.010397257436159997}
2023-05-11 23:39:10:hist_165_v0_00: p=2135: cost=0.38456839323043823 {'c_scav': 2.5, 'k_inorg': 0.0002503620578303981, 'k_org': 0.00010185113635840024, 'mu_D': 0.027918131271680052, 'mu_D_180': 0.010592886154239995}
2023-05-11 23:46:36:hist_165_v0_00: p=2135: cost=0.3872220814228058 {'c_scav': 2.399688538111999, 'k_inorg': 0.0002604687976857584, 'k_org': 0.00011344200144896023, 'mu_D': 0.02709949788979204, 'mu_D_180': 0.010481013497855997}
2023-05-11 23:54:03:hist_165_v0_00: p=2135: cost=0.3736492395401001 {'c_scav': 2.5, 'k_inorg': 0.00020767957436006223, 'k_org': 0.00010852769162854423, 'mu_D': 0.027457074965708858, 'mu_D_180': 0.0105322374569984}
2023-05-12 00:01:30:hist_165_v0_00: p=2135: cost=0.33481043577194214 {'c_scav': 2.5, 'k_inorg': 6.508275354009376e-05, 'k_org': 0.00011018436944281628, 'mu_D': 0.029584178848563278, 'mu_D_180': 0.010707271385497603}
2023-05-12 00:08:56:hist_165_v0_00: p=2135: cost=0.341544508934021 {'c_scav': 2.5, 'k_inorg': 9.179132768009999e-05, 'k_org': 0.00011100962858967076, 'mu_D': 0.029987424341934153, 'mu_D_180': 0.011095955713597443}
2023-05-12 00:16:31:hist_165_v0_00: p=2135: cost=0.3201844394207001 {'c_scav': 2.5, 'k_inorg': 1e-08, 'k_org': 0.000108594900825539, 'mu_D': 0.0336666782387078, 'mu_D_180': 0.01105582087903641}
2023-05-12 00:23:55:hist_165_v0_00: p=2135: cost=0.31881290674209595 {'c_scav': 2.5, 'k_inorg': 1e-08, 'k_org': 0.00010872088243830844, 'mu_D': 0.0392377235980617, 'mu_D_180': 0.011437995638554611}
2023-05-12 00:31:22:hist_165_v0_00: p=2135: cost=0.31966549158096313 {'c_scav': 2.5, 'k_inorg': 1e-08, 'k_org': 0.00011222574708726223, 'mu_D': 0.03564185033521246, 'mu_D_180': 0.011234945109498257}
2023-05-12 00:38:49:hist_165_v0_00: p=2135: cost=0.3190707564353943 {'c_scav': 2.5, 'k_inorg': 1e-08, 'k_org': 0.00010415470411762298, 'mu_D': 0.03784822546838861, 'mu_D_180': 0.011546608102699168}
2023-05-12 00:46:20:hist_165_v0_00: p=2135: cost=0.3185236155986786 {'c_scav': 2.5, 'k_inorg': 1e-08, 'k_org': 0.00011666699631187203, 'mu_D': 0.04, 'mu_D_180': 0.011816224225698838}
2023-05-12 00:53:51:hist_165_v0_00: p=2135: cost=0.31836000084877014 {'c_scav': 2.5, 'k_inorg': 1e-08, 'k_org': 0.00012407492628860794, 'mu_D': 0.04, 'mu_D_180': 0.012427893261428256}
2023-05-12 01:01:18:hist_165_v0_00: p=2135: cost=0.3185057044029236 {'c_scav': 2.5, 'k_inorg': 1e-08, 'k_org': 0.00011273462316017637, 'mu_D': 0.04, 'mu_D_180': 0.011845929685473714}
2023-05-12 01:08:45:hist_165_v0_00: p=2135: cost=0.3182602822780609 {'c_scav': 2.5, 'k_inorg': 1e-08, 'k_org': 0.00011457998379397493, 'mu_D': 0.04, 'mu_D_180': 0.012690077333563997}
2023-05-12 01:16:15:hist_165_v0_00: p=2135: cost=0.31797125935554504 {'c_scav': 2.5, 'k_inorg': 1e-08, 'k_org': 0.00011677779096955427, 'mu_D': 0.04, 'mu_D_180': 0.013681480307597194}
2023-05-12 01:23:42:hist_165_v0_00: p=2135: cost=0.3181263208389282 {'c_scav': 2.5, 'k_inorg': 1e-08, 'k_org': 0.00011435942370244579, 'mu_D': 0.04, 'mu_D_180': 0.013141017688802922}
2023-05-12 01:31:05:hist_165_v0_00: p=2135: cost=0.3180571496486664 {'c_scav': 2.5, 'k_inorg': 1e-08, 'k_org': 0.00012651235450601415, 'mu_D': 0.04, 'mu_D_180': 0.013467118530043516}
2023-05-12 01:38:30:hist_165_v0_00: p=2135: cost=0.3177955746650696 {'c_scav': 2.5, 'k_inorg': 1e-08, 'k_org': 0.000129062765012411, 'mu_D': 0.04, 'mu_D_180': 0.014387380150783627}
2023-05-12 01:45:54:hist_165_v0_00: p=2135: cost=0.3174099028110504 {'c_scav': 2.5, 'k_inorg': 1.0000000000000004e-08, 'k_org': 0.00013923370629946228, 'mu_D': 0.04, 'mu_D_180': 0.01586207240689813}
2023-05-12 01:53:20:hist_165_v0_00: p=2135: cost=0.3174796998500824 {'c_scav': 2.5, 'k_inorg': 1e-08, 'k_org': 0.0001356486575462574, 'mu_D': 0.04, 'mu_D_180': 0.015585903192434292}
2023-05-12 02:00:44:hist_165_v0_00: p=2135: cost=0.3172752261161804 {'c_scav': 2.5, 'k_inorg': 1e-08, 'k_org': 0.0001289378469208856, 'mu_D': 0.04, 'mu_D_180': 0.016267143588882163}
2023-05-12 02:08:15:hist_165_v0_00: p=2135: cost=0.31675490736961365 {'c_scav': 2.5, 'k_inorg': 1.0000000000000004e-08, 'k_org': 0.00013136930723702445, 'mu_D': 0.039999999999999994, 'mu_D_180': 0.01818676875260912}
2023-05-12 02:15:38:hist_165_v0_00: p=2135: cost=0.3169609308242798 {'c_scav': 2.5, 'k_inorg': 1e-08, 'k_org': 0.0001454573029208792, 'mu_D': 0.04, 'mu_D_180': 0.017572319587029976}
2023-05-12 02:23:02:hist_165_v0_00: p=2135: cost=0.3165954649448395 {'c_scav': 2.5, 'k_inorg': 1e-08, 'k_org': 0.0001408823514832569, 'mu_D': 0.04, 'mu_D_180': 0.01888829916858397}
2023-05-12 02:30:24:hist_165_v0_00: p=2135: cost=0.31587809324264526 {'c_scav': 2.5, 'k_inorg': 1.0000000000000004e-08, 'k_org': 0.0001480673499718783, 'mu_D': 0.039999999999999994, 'mu_D_180': 0.021598889487854198}
2023-05-12 02:37:48:hist_165_v0_00: p=2135: cost=0.31587135791778564 {'c_scav': 2.5, 'k_inorg': 1.0000000000000004e-08, 'k_org': 0.00016313273862064639, 'mu_D': 0.04, 'mu_D_180': 0.021840901063133092}
2023-05-12 02:45:12:hist_165_v0_00: p=2135: cost=0.31484276056289673 {'c_scav': 2.5, 'k_inorg': 1.0000000000000004e-08, 'k_org': 0.00018631021244619244, 'mu_D': 0.039999999999999994, 'mu_D_180': 0.02592061144090104}
2023-05-12 02:52:33:hist_165_v0_00: p=2135: cost=0.3152770400047302 {'c_scav': 2.5, 'k_inorg': 1.0000000000000007e-08, 'k_org': 0.00016452649400391727, 'mu_D': 0.03999999999999999, 'mu_D_180': 0.0240703614776827}
2023-05-12 03:00:02:hist_165_v0_00: p=2135: cost=0.31452733278274536 {'c_scav': 2.5, 'k_inorg': 1.0000000000000007e-08, 'k_org': 0.0001710585603324944, 'mu_D': 0.03999999999999999, 'mu_D_180': 0.02707750789153268}
2023-05-12 03:07:24:hist_165_v0_00: p=2135: cost=0.31384146213531494 {'c_scav': 2.5, 'k_inorg': 1.000000000000001e-08, 'k_org': 0.00018697098734901045, 'mu_D': 0.03999999999999998, 'mu_D_180': 0.03}
2023-05-12 03:14:47:hist_165_v0_00: p=2135: cost=0.3138301968574524 {'c_scav': 2.5, 'k_inorg': 1.000000000000001e-08, 'k_org': 0.00018144043748232996, 'mu_D': 0.03999999999999999, 'mu_D_180': 0.03}
2023-05-12 03:22:11:hist_165_v0_00: p=2135: cost=0.3138660490512848 {'c_scav': 2.5, 'k_inorg': 1.0000000000000017e-08, 'k_org': 0.00019943200476305528, 'mu_D': 0.03999999999999998, 'mu_D_180': 0.03}
2023-05-12 03:29:35:hist_165_v0_00: p=2135: cost=0.3138948082923889 {'c_scav': 2.5, 'k_inorg': 1.000000000000001e-08, 'k_org': 0.00021555688526430695, 'mu_D': 0.039999999999999994, 'mu_D_180': 0.03}
2023-05-12 03:37:00:hist_165_v0_00: p=2135: cost=0.3139134347438812 {'c_scav': 2.5, 'k_inorg': 1.000000000000001e-08, 'k_org': 0.00022585465664642457, 'mu_D': 0.03999999999999998, 'mu_D_180': 0.03}
2023-05-12 03:44:22:hist_165_v0_00: p=2135: cost=0.3139330744743347 {'c_scav': 2.5, 'k_inorg': 1.000000000000001e-08, 'k_org': 0.0002339267776713884, 'mu_D': 0.03999999999999997, 'mu_D_180': 0.03}
2023-05-12 03:51:48:hist_165_v0_00: p=2135: cost=0.31392329931259155 {'c_scav': 2.5, 'k_inorg': 1.0000000000000017e-08, 'k_org': 0.0002311896853191916, 'mu_D': 0.039999999999999966, 'mu_D_180': 0.03}
2023-05-12 03:59:18:hist_165_v0_00: p=2135: cost=0.313831627368927 {'c_scav': 2.5, 'k_inorg': 1.0000000000000013e-08, 'k_org': 0.00018247828315311697, 'mu_D': 0.03999999999999999, 'mu_D_180': 0.03}
2023-05-12 03:59:18:hist_165_v0_00: p=2135, method=Nelder-Mead, nit=37, nfev=59, success=True, message=Optimization terminated successfully.
2023-05-12 03:59:18:hist_165_v0_00: Init [2, 0.0006, 0.0001, 0.02, 0.01]
2023-05-12 03:59:18:hist_165_v0_00: Optimimal {'c_scav': 2.5, 'k_inorg': 1.000000000000001e-08, 'k_org': 0.00018144043748232996, 'mu_D': 0.03999999999999999, 'mu_D_180': 0.03}
