2023-05-11 20:36:59:felx_hist: Optimisation method=Nelder-Mead
2023-05-11 20:47:17:hist_250_v0_00: p=3294: cost=0.39085501432418823 {'c_scav': 2.0, 'k_inorg': 0.0006, 'k_org': 0.0001, 'mu_D': 0.02, 'mu_D_180': 0.01}
2023-05-11 20:56:36:hist_250_v0_00: p=3294: cost=0.39170512557029724 {'c_scav': 2.1, 'k_inorg': 0.0006, 'k_org': 0.0001, 'mu_D': 0.02, 'mu_D_180': 0.01}
2023-05-11 21:05:59:hist_250_v0_00: p=3294: cost=0.3839769661426544 {'c_scav': 2.0, 'k_inorg': 0.0006299999999999999, 'k_org': 0.0001, 'mu_D': 0.02, 'mu_D_180': 0.01}
2023-05-11 21:15:19:hist_250_v0_00: p=3294: cost=0.3908613622188568 {'c_scav': 2.0, 'k_inorg': 0.0006, 'k_org': 0.000105, 'mu_D': 0.02, 'mu_D_180': 0.01}
2023-05-11 21:24:45:hist_250_v0_00: p=3294: cost=0.3915366530418396 {'c_scav': 2.0, 'k_inorg': 0.0006, 'k_org': 0.0001, 'mu_D': 0.021, 'mu_D_180': 0.01}
2023-05-11 21:34:15:hist_250_v0_00: p=3294: cost=0.3909354507923126 {'c_scav': 2.0, 'k_inorg': 0.0006, 'k_org': 0.0001, 'mu_D': 0.02, 'mu_D_180': 0.0105}
2023-05-11 21:43:36:hist_250_v0_00: p=3294: cost=0.3883688747882843 {'c_scav': 1.9, 'k_inorg': 0.0006119999999999998, 'k_org': 0.000102, 'mu_D': 0.020400000000000005, 'mu_D_180': 0.010200000000000002}
2023-05-11 21:53:12:hist_250_v0_00: p=3294: cost=0.3866806626319885 {'c_scav': 1.96, 'k_inorg': 0.0006167999999999997, 'k_org': 0.00010280000000000002, 'mu_D': 0.019160000000000007, 'mu_D_180': 0.010280000000000003}
2023-05-11 22:02:35:hist_250_v0_00: p=3294: cost=0.3854489028453827 {'c_scav': 1.944, 'k_inorg': 0.0006235199999999997, 'k_org': 0.00010392000000000001, 'mu_D': 0.019824000000000012, 'mu_D_180': 0.009692000000000004}
2023-05-11 22:12:08:hist_250_v0_00: p=3294: cost=0.3832334280014038 {'c_scav': 1.9216000000000002, 'k_inorg': 0.0006329279999999997, 'k_org': 9.848800000000001e-05, 'mu_D': 0.019753600000000014, 'mu_D_180': 0.010068800000000004}
2023-05-11 22:21:26:hist_250_v0_00: p=3294: cost=0.37930577993392944 {'c_scav': 1.8824000000000005, 'k_inorg': 0.0006493919999999997, 'k_org': 9.5232e-05, 'mu_D': 0.01963040000000002, 'mu_D_180': 0.010103200000000007}
2023-05-11 22:30:54:hist_250_v0_00: p=3294: cost=0.378507137298584 {'c_scav': 1.8745600000000002, 'k_inorg': 0.0006526847999999995, 'k_org': 0.0001015808, 'mu_D': 0.019605760000000017, 'mu_D_180': 0.010110080000000009}
2023-05-11 22:40:16:hist_250_v0_00: p=3294: cost=0.3723297417163849 {'c_scav': 1.8118400000000001, 'k_inorg': 0.0006790271999999992, 'k_org': 0.00010237120000000001, 'mu_D': 0.019408640000000026, 'mu_D_180': 0.010165120000000014}
2023-05-11 22:49:43:hist_250_v0_00: p=3294: cost=0.375091552734375 {'c_scav': 1.9392960000000001, 'k_inorg': 0.0006674956799999995, 'k_org': 9.972928000000001e-05, 'mu_D': 0.01880921600000002, 'mu_D_180': 0.00989612800000001}
2023-05-11 22:58:59:hist_250_v0_00: p=3294: cost=0.3721436858177185 {'c_scav': 1.8710144000000009, 'k_inorg': 0.0006829739519999997, 'k_org': 9.7700992e-05, 'mu_D': 0.01990890240000003, 'mu_D_180': 0.009662579200000012}
2023-05-11 23:08:26:hist_250_v0_00: p=3294: cost=0.3652963936328888 {'c_scav': 1.8265216000000013, 'k_inorg': 0.0007160609279999997, 'k_org': 9.5151488e-05, 'mu_D': 0.02028335360000004, 'mu_D_180': 0.009353868800000015}
2023-05-11 23:17:57:hist_250_v0_00: p=3294: cost=0.3654758632183075 {'c_scav': 1.840023040000001, 'k_inorg': 0.0007132703231999994, 'k_org': 9.307358720000003e-05, 'mu_D': 0.019428643840000034, 'mu_D_180': 0.010115326720000014}
2023-05-11 23:27:20:hist_250_v0_00: p=3294: cost=0.35912057757377625 {'c_scav': 1.720032256000001, 'k_inorg': 0.0007400984524799992, 'k_org': 9.422302208e-05, 'mu_D': 0.019024101376000056, 'mu_D_180': 0.009853457408000024}
2023-05-11 23:36:49:hist_250_v0_00: p=3294: cost=0.34782135486602783 {'c_scav': 1.5800483840000012, 'k_inorg': 0.000795147678719999, 'k_org': 9.133453311999999e-05, 'mu_D': 0.018536152064000083, 'mu_D_180': 0.009780186112000034}
2023-05-11 23:46:24:hist_250_v0_00: p=3294: cost=0.3518243432044983 {'c_scav': 1.7166916096000007, 'k_inorg': 0.0007790087239679989, 'k_org': 9.743203532800005e-05, 'mu_D': 0.018956002201600056, 'mu_D_180': 0.009621051852800027}
2023-05-11 23:55:52:hist_250_v0_00: p=3294: cost=0.34679675102233887 {'c_scav': 1.5707538534400016, 'k_inorg': 0.000805510261555199, 'k_org': 9.201585745920002e-05, 'mu_D': 0.019835900682240077, 'mu_D_180': 0.009718093393920034}
2023-05-12 00:05:28:hist_250_v0_00: p=3294: cost=0.33538001775741577 {'c_scav': 1.5, 'k_inorg': 0.0008745175523327986, 'k_org': 8.81591461888e-05, 'mu_D': 0.0203492430233601, 'mu_D_180': 0.009629076090880047}
2023-05-12 00:15:03:hist_250_v0_00: p=3294: cost=0.3357739746570587 {'c_scav': 1.5734738534400017, 'k_inorg': 0.000872174882488319, 'k_org': 8.368911593472004e-05, 'mu_D': 0.019612717891584107, 'mu_D_180': 0.009234683830272043}
2023-05-12 00:24:43:hist_250_v0_00: p=3294: cost=0.3308873474597931 {'c_scav': 1.5, 'k_inorg': 0.0009014935830036467, 'k_org': 8.9232940228608e-05, 'mu_D': 0.01966634367221772, 'mu_D_180': 0.008932219954380852}
2023-05-12 00:34:23:hist_250_v0_00: p=3294: cost=0.3182739317417145 {'c_scav': 1.5, 'k_inorg': 0.0009956052129054705, 'k_org': 8.731261674291196e-05, 'mu_D': 0.01978519358832656, 'mu_D_180': 0.00834066657157127}
2023-05-12 00:43:43:hist_250_v0_00: p=3294: cost=0.31699496507644653 {'c_scav': 1.5, 'k_inorg': 0.001, 'k_org': 8.401949092577281e-05, 'mu_D': 0.018612369907548325, 'mu_D_180': 0.009288396983009355}
2023-05-12 00:53:10:hist_250_v0_00: p=3294: cost=0.3165115416049957 {'c_scav': 1.5, 'k_inorg': 0.001, 'k_org': 7.845349238865923e-05, 'mu_D': 0.01777687806132247, 'mu_D_180': 0.009255661074514025}
2023-05-12 01:02:45:hist_250_v0_00: p=3294: cost=0.31750819087028503 {'c_scav': 1.5, 'k_inorg': 0.001, 'k_org': 7.414752642203641e-05, 'mu_D': 0.01946807164983727, 'mu_D_180': 0.008875057618894937}
2023-05-12 01:12:14:hist_250_v0_00: p=3294: cost=0.3180420994758606 {'c_scav': 1.5, 'k_inorg': 0.001, 'k_org': 7.337022595085106e-05, 'mu_D': 0.020260689621772125, 'mu_D_180': 0.008353871962452897}
2023-05-12 01:21:44:hist_250_v0_00: p=3294: cost=0.3175058960914612 {'c_scav': 1.5, 'k_inorg': 0.001, 'k_org': 7.68880871425834e-05, 'mu_D': 0.01944331248626331, 'mu_D_180': 0.008547049497053226}
2023-05-12 01:31:11:hist_250_v0_00: p=3294: cost=0.3169465959072113 {'c_scav': 1.5, 'k_inorg': 0.001, 'k_org': 6.79096332700168e-05, 'mu_D': 0.018344415139648594, 'mu_D_180': 0.007719846598914497}
2023-05-12 01:40:36:hist_250_v0_00: p=3294: cost=0.31689512729644775 {'c_scav': 1.5, 'k_inorg': 0.001, 'k_org': 6.0994969326746805e-05, 'mu_D': 0.01833215319521095, 'mu_D_180': 0.008759928129160561}
2023-05-12 01:50:05:hist_250_v0_00: p=3294: cost=0.31613439321517944 {'c_scav': 1.5, 'k_inorg': 0.001, 'k_org': 6.9987257469166e-05, 'mu_D': 0.017085242591140908, 'mu_D_180': 0.008909145204962002}
2023-05-12 01:59:43:hist_250_v0_00: p=3294: cost=0.31517356634140015 {'c_scav': 1.5, 'k_inorg': 0.001, 'k_org': 6.829577322832347e-05, 'mu_D': 0.015497519075825299, 'mu_D_180': 0.009186781826216555}
2023-05-12 02:09:16:hist_250_v0_00: p=3294: cost=0.3156842887401581 {'c_scav': 1.5, 'k_inorg': 0.001, 'k_org': 6.686925572049548e-05, 'mu_D': 0.016289639533470977, 'mu_D_180': 0.008512649231448607}
2023-05-12 02:18:46:hist_250_v0_00: p=3294: cost=0.31493616104125977 {'c_scav': 1.5, 'k_inorg': 0.001, 'k_org': 6.012116243111332e-05, 'mu_D': 0.015052929515928001, 'mu_D_180': 0.008826897247048472}
2023-05-12 02:28:21:hist_250_v0_00: p=3294: cost=0.31365105509757996 {'c_scav': 1.5, 'k_inorg': 0.001, 'k_org': 5.173770007537828e-05, 'mu_D': 0.012857738030760346, 'mu_D_180': 0.008966821122046095}
2023-05-12 02:37:54:hist_250_v0_00: p=3294: cost=0.3142133057117462 {'c_scav': 1.5, 'k_inorg': 0.001, 'k_org': 6.263084302582451e-05, 'mu_D': 0.013957156018987421, 'mu_D_180': 0.010152889954439838}
2023-05-12 02:47:31:hist_250_v0_00: p=3294: cost=0.31320998072624207 {'c_scav': 1.5, 'k_inorg': 0.001, 'k_org': 7.019985644872559e-05, 'mu_D': 0.012219419092935658, 'mu_D_180': 0.009669993154305487}
2023-05-12 02:57:00:hist_250_v0_00: p=3294: cost=0.31140828132629395 {'c_scav': 1.5, 'k_inorg': 0.001, 'k_org': 7.4802300009715e-05, 'mu_D': 0.009163052041798014, 'mu_D_180': 0.010125025666877951}
2023-05-12 03:06:28:hist_250_v0_00: p=3294: cost=0.31157007813453674 {'c_scav': 1.5, 'k_inorg': 0.001, 'k_org': 5.128085643523546e-05, 'mu_D': 0.00932916381901435, 'mu_D_180': 0.00952200604589759}
2023-05-12 03:15:56:hist_250_v0_00: p=3294: cost=0.3107577860355377 {'c_scav': 1.5, 'k_inorg': 0.001, 'k_org': 5.662973338929522e-05, 'mu_D': 0.008032212061083194, 'mu_D_180': 0.010668760614742603}
2023-05-12 03:25:27:hist_250_v0_00: p=3294: cost=0.30899107456207275 {'c_scav': 1.5, 'k_inorg': 0.001, 'k_org': 5.150997222369509e-05, 'mu_D': 0.005, 'mu_D_180': 0.011746816306389601}
2023-05-12 03:35:03:hist_250_v0_00: p=3294: cost=0.30903011560440063 {'c_scav': 1.5, 'k_inorg': 0.001, 'k_org': 4.848889547961586e-05, 'mu_D': 0.005, 'mu_D_180': 0.011018641812043876}
2023-05-12 03:44:38:hist_250_v0_00: p=3294: cost=0.3090616464614868 {'c_scav': 1.5, 'k_inorg': 0.001, 'k_org': 4.849704666363138e-05, 'mu_D': 0.005, 'mu_D_180': 0.010398834426862208}
2023-05-12 03:54:13:hist_250_v0_00: p=3294: cost=0.3089618980884552 {'c_scav': 1.5, 'k_inorg': 0.001, 'k_org': 5.8093928249378825e-05, 'mu_D': 0.005, 'mu_D_180': 0.012157708581182394}
2023-05-12 04:03:42:hist_250_v0_00: p=3294: cost=0.30888843536376953 {'c_scav': 1.5, 'k_inorg': 0.001, 'k_org': 6.12720423363791e-05, 'mu_D': 0.005, 'mu_D_180': 0.013753152310750541}
2023-05-12 04:13:10:hist_250_v0_00: p=3294: cost=0.30890554189682007 {'c_scav': 1.5, 'k_inorg': 0.001, 'k_org': 6.254724624997913e-05, 'mu_D': 0.005, 'mu_D_180': 0.01329498216327208}
2023-05-12 04:22:43:hist_250_v0_00: p=3294: cost=0.30892324447631836 {'c_scav': 1.5, 'k_inorg': 0.001, 'k_org': 3.412378117160524e-05, 'mu_D': 0.005, 'mu_D_180': 0.013959945140849372}
2023-05-12 04:32:07:hist_250_v0_00: p=3294: cost=0.3088439702987671 {'c_scav': 1.5, 'k_inorg': 0.001, 'k_org': 5.467972832087839e-05, 'mu_D': 0.005, 'mu_D_180': 0.015110580666459976}
2023-05-12 04:41:38:hist_250_v0_00: p=3294: cost=0.3087509870529175 {'c_scav': 1.5, 'k_inorg': 0.001, 'k_org': 5.777106914950188e-05, 'mu_D': 0.005, 'mu_D_180': 0.017466453786258856}
2023-05-12 04:51:18:hist_250_v0_00: p=3294: cost=0.30876418948173523 {'c_scav': 1.5, 'k_inorg': 0.001, 'k_org': 5.840074897284831e-05, 'mu_D': 0.005, 'mu_D_180': 0.017069898070964304}
2023-05-12 05:00:55:hist_250_v0_00: p=3294: cost=0.30871525406837463 {'c_scav': 1.5, 'k_inorg': 0.001, 'k_org': 5.8135982928430365e-05, 'mu_D': 0.005, 'mu_D_180': 0.018470956282448457}
2023-05-12 05:10:27:hist_250_v0_00: p=3294: cost=0.30861538648605347 {'c_scav': 1.5, 'k_inorg': 0.001, 'k_org': 6.144898828079799e-05, 'mu_D': 0.005, 'mu_D_180': 0.02183302627047788}
2023-05-12 05:20:04:hist_250_v0_00: p=3294: cost=0.30864042043685913 {'c_scav': 1.5, 'k_inorg': 0.001, 'k_org': 8.645225682419733e-05, 'mu_D': 0.005, 'mu_D_180': 0.0194070598998401}
2023-05-12 05:29:34:hist_250_v0_00: p=3294: cost=0.3085898756980896 {'c_scav': 1.5, 'k_inorg': 0.001, 'k_org': 6.75907959755107e-05, 'mu_D': 0.005, 'mu_D_180': 0.022516853972044594}
2023-05-12 05:39:09:hist_250_v0_00: p=3294: cost=0.30850934982299805 {'c_scav': 1.5, 'k_inorg': 0.001, 'k_org': 7.011257083827649e-05, 'mu_D': 0.005, 'mu_D_180': 0.02712778987643085}
2023-05-12 05:48:41:hist_250_v0_00: p=3294: cost=0.308502197265625 {'c_scav': 1.5, 'k_inorg': 0.001, 'k_org': 7.240221128986969e-05, 'mu_D': 0.005, 'mu_D_180': 0.027408538850838257}
2023-05-12 05:58:16:hist_250_v0_00: p=3294: cost=0.30846846103668213 {'c_scav': 1.5, 'k_inorg': 0.001, 'k_org': 7.7967295766615e-05, 'mu_D': 0.005, 'mu_D_180': 0.03}
2023-05-12 06:07:44:hist_250_v0_00: p=3294: cost=0.3084648847579956 {'c_scav': 1.5, 'k_inorg': 0.001, 'k_org': 8.310012337090716e-05, 'mu_D': 0.005, 'mu_D_180': 0.02926383386223877}
2023-05-12 06:17:12:hist_250_v0_00: p=3294: cost=0.3084396421909332 {'c_scav': 1.5, 'k_inorg': 0.001, 'k_org': 9.544981056993658e-05, 'mu_D': 0.005, 'mu_D_180': 0.03}
2023-05-12 06:26:44:hist_250_v0_00: p=3294: cost=0.30843427777290344 {'c_scav': 1.5, 'k_inorg': 0.001, 'k_org': 9.880129976242748e-05, 'mu_D': 0.005, 'mu_D_180': 0.03}
2023-05-12 06:36:11:hist_250_v0_00: p=3294: cost=0.30840030312538147 {'c_scav': 1.5, 'k_inorg': 0.001, 'k_org': 0.00011931641506889029, 'mu_D': 0.005, 'mu_D_180': 0.03}
2023-05-12 06:45:41:hist_250_v0_00: p=3294: cost=0.3084597587585449 {'c_scav': 1.5, 'k_inorg': 0.001, 'k_org': 8.32657753856092e-05, 'mu_D': 0.005, 'mu_D_180': 0.03}
2023-05-12 06:55:11:hist_250_v0_00: p=3294: cost=0.30840423703193665 {'c_scav': 1.5, 'k_inorg': 0.001, 'k_org': 0.00011699575877093302, 'mu_D': 0.005, 'mu_D_180': 0.03}
2023-05-12 07:04:36:hist_250_v0_00: p=3294: cost=0.30838751792907715 {'c_scav': 1.5, 'k_inorg': 0.001, 'k_org': 0.00012708545138651712, 'mu_D': 0.005, 'mu_D_180': 0.03}
2023-05-12 07:14:11:hist_250_v0_00: p=3294: cost=0.30834057927131653 {'c_scav': 1.5, 'k_inorg': 0.001, 'k_org': 0.00015557189166063743, 'mu_D': 0.005, 'mu_D_180': 0.03}
2023-05-12 07:23:36:hist_250_v0_00: p=3294: cost=0.3083491921424866 {'c_scav': 1.5, 'k_inorg': 0.001, 'k_org': 0.0001502725648157876, 'mu_D': 0.005, 'mu_D_180': 0.03}
2023-05-12 07:33:07:hist_250_v0_00: p=3294: cost=0.3083139657974243 {'c_scav': 1.5, 'k_inorg': 0.001, 'k_org': 0.0001717768009688648, 'mu_D': 0.005, 'mu_D_180': 0.03}
2023-05-12 07:42:42:hist_250_v0_00: p=3294: cost=0.30824145674705505 {'c_scav': 1.5, 'k_inorg': 0.001, 'k_org': 0.0002160323137604926, 'mu_D': 0.005, 'mu_D_180': 0.03}
2023-05-12 07:52:16:hist_250_v0_00: p=3294: cost=0.308254599571228 {'c_scav': 1.5, 'k_inorg': 0.001, 'k_org': 0.00020782576706075982, 'mu_D': 0.005, 'mu_D_180': 0.03}
2023-05-12 08:01:48:hist_250_v0_00: p=3294: cost=0.30823075771331787 {'c_scav': 1.5, 'k_inorg': 0.001, 'k_org': 0.00022261182217569406, 'mu_D': 0.005, 'mu_D_180': 0.03}
2023-05-12 08:11:10:hist_250_v0_00: p=3294: cost=0.30814430117607117 {'c_scav': 1.5, 'k_inorg': 0.001, 'k_org': 0.00027541985387807453, 'mu_D': 0.005, 'mu_D_180': 0.03}
2023-05-12 08:20:36:hist_250_v0_00: p=3294: cost=0.3081321120262146 {'c_scav': 1.5, 'k_inorg': 0.001, 'k_org': 0.00028273254140141047, 'mu_D': 0.005, 'mu_D_180': 0.03}
2023-05-12 08:30:06:hist_250_v0_00: p=3294: cost=0.3079989552497864 {'c_scav': 1.5, 'k_inorg': 0.001, 'k_org': 0.0003644406045676705, 'mu_D': 0.005, 'mu_D_180': 0.03}
2023-05-12 08:39:33:hist_250_v0_00: p=3294: cost=0.30804282426834106 {'c_scav': 1.5, 'k_inorg': 0.001, 'k_org': 0.0003374436075552664, 'mu_D': 0.005, 'mu_D_180': 0.03}
2023-05-12 08:49:07:hist_250_v0_00: p=3294: cost=0.30793294310569763 {'c_scav': 1.5, 'k_inorg': 0.001, 'k_org': 0.00040489296706826814, 'mu_D': 0.005, 'mu_D_180': 0.03}
2023-05-12 08:58:31:hist_250_v0_00: p=3294: cost=0.3077302873134613 {'c_scav': 1.5, 'k_inorg': 0.001, 'k_org': 0.0005295535047720835, 'mu_D': 0.005, 'mu_D_180': 0.03}
2023-05-12 09:07:58:hist_250_v0_00: p=3294: cost=0.3078083097934723 {'c_scav': 1.5, 'k_inorg': 0.001, 'k_org': 0.0004813301867526752, 'mu_D': 0.005, 'mu_D_180': 0.03}
2023-05-12 09:17:29:hist_250_v0_00: p=3294: cost=0.30765002965927124 {'c_scav': 1.5, 'k_inorg': 0.001, 'k_org': 0.0005792427892498152, 'mu_D': 0.005, 'mu_D_180': 0.03}
2023-05-12 09:26:55:hist_250_v0_00: p=3294: cost=0.3073573708534241 {'c_scav': 1.5, 'k_inorg': 0.001, 'k_org': 0.0007608480269944765, 'mu_D': 0.005, 'mu_D_180': 0.03}
2023-05-12 09:36:18:hist_250_v0_00: p=3294: cost=0.3074323534965515 {'c_scav': 1.5, 'k_inorg': 0.001, 'k_org': 0.0007140265183787942, 'mu_D': 0.005, 'mu_D_180': 0.03}
2023-05-12 09:45:47:hist_250_v0_00: p=3294: cost=0.307290256023407 {'c_scav': 1.5, 'k_inorg': 0.001, 'k_org': 0.0008026359290310134, 'mu_D': 0.005, 'mu_D_180': 0.03}
2023-05-12 09:55:15:hist_250_v0_00: p=3294: cost=0.30697357654571533 {'c_scav': 1.5, 'k_inorg': 0.001, 'k_org': 0.001, 'mu_D': 0.005, 'mu_D_180': 0.03}
2023-05-12 10:04:35:hist_250_v0_00: p=3294: cost=0.30697357654571533 {'c_scav': 1.5, 'k_inorg': 0.001, 'k_org': 0.001, 'mu_D': 0.005, 'mu_D_180': 0.03}
2023-05-12 10:14:09:hist_250_v0_00: p=3294: cost=0.30697357654571533 {'c_scav': 1.5, 'k_inorg': 0.001, 'k_org': 0.001, 'mu_D': 0.005, 'mu_D_180': 0.03}
2023-05-12 10:23:44:hist_250_v0_00: p=3294: cost=0.30697357654571533 {'c_scav': 1.5, 'k_inorg': 0.001, 'k_org': 0.001, 'mu_D': 0.005, 'mu_D_180': 0.03}
2023-05-12 10:33:17:hist_250_v0_00: p=3294: cost=0.30697357654571533 {'c_scav': 1.5, 'k_inorg': 0.001, 'k_org': 0.001, 'mu_D': 0.005, 'mu_D_180': 0.03}
2023-05-12 10:42:44:hist_250_v0_00: p=3294: cost=0.30697357654571533 {'c_scav': 1.5, 'k_inorg': 0.001, 'k_org': 0.001, 'mu_D': 0.005, 'mu_D_180': 0.03}
2023-05-12 10:52:21:hist_250_v0_00: p=3294: cost=0.30697357654571533 {'c_scav': 1.5, 'k_inorg': 0.001, 'k_org': 0.001, 'mu_D': 0.005, 'mu_D_180': 0.03}
2023-05-12 10:52:21:hist_250_v0_00: p=3294, method=Nelder-Mead, nit=59, nfev=90, success=True, message=Optimization terminated successfully.
2023-05-12 10:52:21:hist_250_v0_00: Init [2, 0.0006, 0.0001, 0.02, 0.01]
2023-05-12 10:52:21:hist_250_v0_00: Optimimal {'c_scav': 1.5, 'k_inorg': 0.001, 'k_org': 0.001, 'mu_D': 0.005, 'mu_D_180': 0.03}
