2023-02-16 19:36:03:inverse_particle_obs: 00h:01m:42.67s (total=102.67 seconds).
2023-02-16 19:38:55:inverse_plx_dataset: 00h:04m:47.95s (total=287.95 seconds).
2023-02-19 18:07:07:save_plx_file_particle_subset: 00h:10m:36.31s (total=636.31 seconds).
2023-02-19 18:09:29:save_inverse_plx_dataset: 00h:02m:22.28s (total=142.28 seconds).
2023-02-19 18:09:29:check_prereq_files: 00h:12m:58.63s (total=778.63 seconds).
2023-02-21 16:20:01:check_prereq_files: 00h:00m:00.00s (total=0.00 seconds).
2023-02-23 21:24:03:check_prereq_files: 00h:00m:00.00s (total=0.00 seconds).
2023-02-24 00:14:17:check_prereq_files: 00h:00m:00.00s (total=0.00 seconds).
2023-02-24 01:37:47:save_plx_file_particle_subset: 00h:12m:48.40s (total=768.40 seconds).
2023-02-24 01:41:06:save_inverse_plx_dataset: 00h:03m:18.38s (total=198.38 seconds).
2023-02-24 01:41:06:check_prereq_files: 00h:16m:06.86s (total=966.86 seconds).
2023-02-24 04:37:05:update_field_AAA: 04h:20m:55.05s (total=15655.05 seconds).
2023-02-24 06:59:35:update_field_AAA: 05h:16m:23.27s (total=18983.27 seconds).
2023-02-24 08:44:22:update_field_AAA: 04h:07m:16.90s (total=14836.90 seconds).
2023-02-24 11:51:10:update_field_AAA: 04h:51m:35.21s (total=17495.21 seconds).
2023-02-24 12:51:07:update_field_AAA: 04h:06m:44.51s (total=14804.51 seconds).
2023-02-24 17:04:27:update_field_AAA: 04h:13m:19.75s (total=15199.75 seconds).
2023-02-24 17:09:55:update_field_AAA: 05h:18m:44.71s (total=19124.71 seconds).
2023-02-24 18:53:39:check_prereq_files: 00h:00m:00.00s (total=0.00 seconds).
2023-02-24 18:53:39:check_prereq_files: 00h:00m:00.00s (total=0.00 seconds).
2023-02-24 19:22:11:check_prereq_files: 00h:00m:00.00s (total=0.00 seconds).
2023-02-24 19:22:11:check_prereq_files: 00h:00m:00.00s (total=0.00 seconds).
2023-02-24 19:44:15:check_prereq_files: 00h:00m:00.00s (total=0.00 seconds).
2023-02-24 19:44:15:check_prereq_files: 00h:00m:00.00s (total=0.00 seconds).
2023-02-24 19:53:26:check_prereq_files: 00h:00m:00.00s (total=0.00 seconds).
2023-02-24 19:53:26:check_prereq_files: 00h:00m:00.00s (total=0.00 seconds).
2023-02-24 20:15:37:check_prereq_files: 00h:00m:00.00s (total=0.00 seconds).
2023-02-24 20:15:37:check_prereq_files: 00h:00m:00.00s (total=0.00 seconds).
2023-02-24 20:20:54:save_plx_file_particle_subset: 00h:05m:17.05s (total=317.05 seconds).
2023-02-24 20:21:31:save_plx_file_particle_subset: 00h:05m:54.38s (total=354.38 seconds).
2023-02-24 21:39:24:update_field_AAA: 04h:34m:57.12s (total=16497.12 seconds).
2023-02-24 22:18:23:check_prereq_files: 00h:00m:00.00s (total=0.00 seconds).
2023-02-24 22:18:23:check_prereq_files: 00h:00m:00.00s (total=0.00 seconds).
2023-02-24 22:21:08:save_inverse_plx_dataset: 00h:02m:45.47s (total=165.47 seconds).
2023-02-24 22:21:08:check_prereq_files: 00h:02m:45.47s (total=165.47 seconds).
2023-02-24 22:21:40:save_inverse_plx_dataset: 00h:03m:16.68s (total=196.68 seconds).
2023-02-24 22:21:40:check_prereq_files: 00h:03m:16.69s (total=196.69 seconds).
2023-02-24 22:26:49:save_plx_file_particle_subset: 00h:05m:41.06s (total=341.06 seconds).
2023-02-24 22:27:58:save_plx_file_particle_subset: 00h:06m:18.89s (total=378.89 seconds).
2023-02-24 22:46:01:update_field_AAA: 05h:36m:04.49s (total=20164.49 seconds).
2023-02-25 02:05:12:update_field_AAA: 04h:25m:47.44s (total=15947.44 seconds).
2023-02-25 04:44:16:update_field_AAA: 05h:58m:15.46s (total=21495.46 seconds).
2023-02-25 06:27:52:update_field_AAA: 04h:22m:39.33s (total=15759.33 seconds).
2023-02-25 10:16:21:update_field_AAA: 05h:32m:04.20s (total=19924.20 seconds).
2023-02-25 11:05:33:update_field_AAA: 04h:37m:40.40s (total=16660.40 seconds).
2023-02-25 15:29:18:update_field_AAA: 04h:23m:44.42s (total=15824.42 seconds).
2023-02-25 15:56:50:update_field_AAA: 05h:40m:28.71s (total=20428.71 seconds).
2023-02-25 19:35:15:update_field_AAA: 04h:05m:57.17s (total=14757.17 seconds).
2023-02-25 21:47:16:update_field_AAA: 05h:50m:24.62s (total=21024.62 seconds).
2023-02-25 23:40:44:update_field_AAA: 04h:05m:28.42s (total=14728.42 seconds).
2023-02-26 13:34:17:check_prereq_files: 00h:00m:00.00s (total=0.00 seconds).
2023-02-26 13:34:17:check_prereq_files: 00h:00m:00.00s (total=0.00 seconds).
2023-02-26 13:34:17:check_prereq_files: 00h:00m:00.00s (total=0.00 seconds).
2023-02-26 13:34:17:check_prereq_files: 00h:00m:00.00s (total=0.00 seconds).
2023-02-26 13:40:46:check_prereq_files: 00h:00m:00.00s (total=0.00 seconds).
2023-02-26 13:40:46:check_prereq_files: 00h:00m:00.00s (total=0.00 seconds).
2023-02-26 13:40:46:check_prereq_files: 00h:00m:00.00s (total=0.00 seconds).
2023-02-26 13:40:46:check_prereq_files: 00h:00m:00.00s (total=0.00 seconds).
2023-02-26 13:48:51:check_prereq_files: 00h:00m:00.00s (total=0.00 seconds).
2023-02-26 13:48:51:check_prereq_files: 00h:00m:00.00s (total=0.00 seconds).
2023-02-26 13:48:51:check_prereq_files: 00h:00m:00.00s (total=0.00 seconds).
2023-02-26 13:48:51:check_prereq_files: 00h:00m:00.00s (total=0.00 seconds).
2023-02-26 14:08:38:save_plx_file_particle_subset: 00h:19m:47.38s (total=1187.38 seconds).
2023-02-26 14:08:46:save_plx_file_particle_subset: 00h:19m:55.06s (total=1195.06 seconds).
2023-02-26 14:10:31:save_plx_file_particle_subset: 00h:21m:39.91s (total=1299.91 seconds).
2023-02-26 14:10:41:save_plx_file_particle_subset: 00h:21m:50.52s (total=1310.52 seconds).
2023-02-26 14:10:41:save_plx_file_particle_subset: 00h:21m:50.84s (total=1310.84 seconds).
2023-02-26 14:11:32:save_inverse_plx_dataset: 00h:02m:53.71s (total=173.71 seconds).
2023-02-26 14:11:32:check_prereq_files: 00h:22m:41.13s (total=1361.13 seconds).
2023-02-26 14:11:34:save_inverse_plx_dataset: 00h:02m:48.38s (total=168.38 seconds).
2023-02-26 14:11:34:check_prereq_files: 00h:22m:43.46s (total=1363.46 seconds).
2023-02-26 14:13:37:save_inverse_plx_dataset: 00h:03m:06.20s (total=186.20 seconds).
2023-02-26 14:13:37:check_prereq_files: 00h:24m:46.11s (total=1486.11 seconds).
2023-02-26 14:14:11:save_inverse_plx_dataset: 00h:03m:29.35s (total=209.35 seconds).
2023-02-26 14:14:11:check_prereq_files: 00h:25m:19.88s (total=1519.88 seconds).
2023-02-26 14:14:17:save_inverse_plx_dataset: 00h:02m:42.79s (total=162.79 seconds).
2023-02-26 14:14:17:check_prereq_files: 00h:02m:42.79s (total=162.79 seconds).
2023-02-26 14:14:18:save_inverse_plx_dataset: 00h:03m:36.55s (total=216.55 seconds).
2023-02-26 14:14:18:check_prereq_files: 00h:25m:27.40s (total=1527.40 seconds).
2023-02-26 14:14:29:save_inverse_plx_dataset: 00h:02m:57.33s (total=177.33 seconds).
2023-02-26 14:14:29:check_prereq_files: 00h:02m:57.33s (total=177.33 seconds).
2023-02-26 15:26:52:check_prereq_files: 00h:00m:13.83s (total=13.83 seconds).
2023-02-26 15:26:52:check_prereq_files: 00h:00m:13.89s (total=13.89 seconds).
2023-02-26 15:26:52:check_prereq_files: 00h:00m:13.91s (total=13.91 seconds).
2023-02-26 15:26:52:check_prereq_files: 00h:00m:14.00s (total=14.00 seconds).
2023-02-26 15:35:58:check_prereq_files: 00h:00m:10.08s (total=10.08 seconds).
2023-02-26 15:35:58:check_prereq_files: 00h:00m:10.10s (total=10.10 seconds).
2023-02-26 15:35:58:check_prereq_files: 00h:00m:10.13s (total=10.13 seconds).
2023-02-26 15:35:58:check_prereq_files: 00h:00m:10.21s (total=10.21 seconds).
2023-02-26 15:51:20:check_prereq_files: 00h:00m:12.12s (total=12.12 seconds).
2023-02-26 15:51:20:check_prereq_files: 00h:00m:12.25s (total=12.25 seconds).
2023-02-26 15:51:20:check_prereq_files: 00h:00m:12.27s (total=12.27 seconds).
2023-02-26 15:51:20:check_prereq_files: 00h:00m:12.29s (total=12.29 seconds).
2023-02-26 16:09:42:save_plx_file_particle_subset: 00h:08m:56.22s (total=536.22 seconds).
2023-02-26 16:09:43:check_prereq_files: 00h:09m:09.24s (total=549.24 seconds).
2023-02-26 16:11:11:save_plx_file_particle_subset: 00h:10m:37.34s (total=637.34 seconds).
2023-02-26 16:11:11:check_prereq_files: 00h:10m:38.09s (total=638.09 seconds).
2023-02-26 16:12:08:save_plx_file_particle_subset: 00h:11m:34.69s (total=694.69 seconds).
2023-02-26 16:12:08:save_plx_file_particle_subset: 00h:11m:34.78s (total=694.78 seconds).
2023-02-26 16:12:49:save_inverse_plx_dataset: 00h:03m:06.21s (total=186.21 seconds).
2023-02-26 16:12:49:check_prereq_files: 00h:03m:06.33s (total=186.33 seconds).
2023-02-26 16:14:05:save_inverse_plx_dataset: 00h:02m:53.38s (total=173.38 seconds).
2023-02-26 16:14:05:check_prereq_files: 00h:02m:53.51s (total=173.51 seconds).
2023-02-26 16:15:23:save_inverse_plx_dataset: 00h:03m:14.42s (total=194.42 seconds).
2023-02-26 16:15:23:check_prereq_files: 00h:14m:49.18s (total=889.18 seconds).
2023-02-26 16:15:25:save_inverse_plx_dataset: 00h:03m:17.05s (total=197.05 seconds).
2023-02-26 16:15:25:check_prereq_files: 00h:14m:51.86s (total=891.86 seconds).
2023-02-26 16:18:25:save_plx_file_particle_subset: 00h:05m:35.86s (total=335.86 seconds).
2023-02-26 16:18:39:save_inverse_plx_dataset: 00h:03m:16.28s (total=196.28 seconds).
2023-02-26 16:18:39:check_prereq_files: 00h:03m:16.81s (total=196.81 seconds).
2023-02-26 16:18:44:save_inverse_plx_dataset: 00h:03m:18.25s (total=198.25 seconds).
2023-02-26 16:18:44:check_prereq_files: 00h:03m:18.52s (total=198.52 seconds).
2023-02-26 16:20:13:save_plx_file_particle_subset: 00h:06m:07.57s (total=367.57 seconds).
2023-02-26 16:21:07:save_inverse_plx_dataset: 00h:02m:41.85s (total=161.85 seconds).
2023-02-26 16:21:07:check_prereq_files: 00h:08m:17.77s (total=497.77 seconds).
2023-02-26 16:23:43:save_inverse_plx_dataset: 00h:03m:30.79s (total=210.79 seconds).
2023-02-26 16:23:43:check_prereq_files: 00h:09m:38.37s (total=578.37 seconds).
2023-02-26 16:23:46:save_inverse_plx_dataset: 00h:02m:39.23s (total=159.23 seconds).
2023-02-26 16:23:46:check_prereq_files: 00h:02m:39.69s (total=159.69 seconds).
2023-02-26 16:27:06:save_plx_file_particle_subset: 00h:08m:26.59s (total=506.59 seconds).
2023-02-26 16:27:24:save_inverse_plx_dataset: 00h:03m:40.76s (total=220.76 seconds).
2023-02-26 16:27:24:check_prereq_files: 00h:03m:40.92s (total=220.92 seconds).
2023-02-26 16:27:31:save_plx_file_particle_subset: 00h:08m:47.38s (total=527.38 seconds).
2023-02-26 16:29:53:save_plx_file_particle_subset: 00h:06m:06.20s (total=366.20 seconds).
2023-02-26 16:30:07:save_inverse_plx_dataset: 00h:03m:01.43s (total=181.43 seconds).
2023-02-26 16:30:07:check_prereq_files: 00h:11m:28.02s (total=688.02 seconds).
2023-02-26 16:30:50:save_inverse_plx_dataset: 00h:03m:18.77s (total=198.77 seconds).
2023-02-26 16:30:50:check_prereq_files: 00h:12m:06.15s (total=726.15 seconds).
2023-02-26 16:32:10:save_inverse_plx_dataset: 00h:02m:17.42s (total=137.42 seconds).
2023-02-26 16:32:10:check_prereq_files: 00h:08m:23.63s (total=503.63 seconds).
2023-02-26 16:33:02:save_inverse_plx_dataset: 00h:02m:54.41s (total=174.41 seconds).
2023-02-26 16:33:02:check_prereq_files: 00h:02m:54.56s (total=174.56 seconds).
2023-02-26 16:33:15:save_plx_file_particle_subset: 00h:05m:50.68s (total=350.68 seconds).
2023-02-26 16:33:56:save_inverse_plx_dataset: 00h:03m:05.57s (total=185.57 seconds).
2023-02-26 16:33:56:check_prereq_files: 00h:03m:05.73s (total=185.73 seconds).
2023-02-26 16:34:23:save_inverse_plx_dataset: 00h:02m:13.32s (total=133.32 seconds).
2023-02-26 16:34:23:check_prereq_files: 00h:02m:13.47s (total=133.47 seconds).
2023-02-26 16:36:03:save_inverse_plx_dataset: 00h:02m:48.53s (total=168.53 seconds).
2023-02-26 16:36:04:check_prereq_files: 00h:08m:39.28s (total=519.28 seconds).
2023-02-26 16:39:25:save_inverse_plx_dataset: 00h:03m:20.48s (total=200.48 seconds).
2023-02-26 16:39:25:check_prereq_files: 00h:03m:21.43s (total=201.43 seconds).
2023-02-26 16:40:13:save_plx_file_particle_subset: 00h:05m:49.70s (total=349.70 seconds).
2023-02-26 16:40:18:save_plx_file_particle_subset: 00h:07m:15.70s (total=435.70 seconds).
2023-02-26 16:41:47:save_plx_file_particle_subset: 00h:07m:51.32s (total=471.32 seconds).
2023-02-26 16:42:06:save_inverse_plx_dataset: 00h:01m:52.49s (total=112.49 seconds).
2023-02-26 16:42:06:check_prereq_files: 00h:07m:42.20s (total=462.20 seconds).
2023-02-26 16:43:12:save_inverse_plx_dataset: 00h:02m:54.38s (total=174.38 seconds).
2023-02-26 16:43:12:check_prereq_files: 00h:10m:10.09s (total=610.09 seconds).
2023-02-26 16:43:55:save_inverse_plx_dataset: 00h:01m:48.79s (total=108.79 seconds).
2023-02-26 16:43:55:check_prereq_files: 00h:01m:48.90s (total=108.90 seconds).
2023-02-26 16:44:27:save_plx_file_particle_subset: 00h:05m:02.22s (total=302.22 seconds).
2023-02-26 16:44:38:save_inverse_plx_dataset: 00h:02m:51.18s (total=171.18 seconds).
2023-02-26 16:44:38:check_prereq_files: 00h:10m:42.50s (total=642.50 seconds).
2023-02-26 16:46:03:save_inverse_plx_dataset: 00h:02m:50.56s (total=170.56 seconds).
2023-02-26 16:46:03:check_prereq_files: 00h:02m:50.70s (total=170.70 seconds).
2023-02-26 16:46:31:save_inverse_plx_dataset: 00h:02m:03.73s (total=123.73 seconds).
2023-02-26 16:46:31:check_prereq_files: 00h:07m:05.95s (total=425.95 seconds).
2023-02-26 16:47:22:save_inverse_plx_dataset: 00h:02m:43.31s (total=163.31 seconds).
2023-02-26 16:47:22:check_prereq_files: 00h:02m:43.45s (total=163.45 seconds).
2023-02-26 16:48:41:save_inverse_plx_dataset: 00h:02m:09.54s (total=129.54 seconds).
2023-02-26 16:48:41:check_prereq_files: 00h:02m:09.66s (total=129.66 seconds).
2023-02-26 16:51:51:save_plx_file_particle_subset: 00h:05m:48.33s (total=348.33 seconds).
2023-02-26 16:52:57:save_plx_file_particle_subset: 00h:05m:35.51s (total=335.51 seconds).
2023-02-26 16:54:11:save_inverse_plx_dataset: 00h:02m:20.44s (total=140.44 seconds).
2023-02-26 16:54:11:check_prereq_files: 00h:08m:08.77s (total=488.77 seconds).
2023-02-26 16:55:29:save_inverse_plx_dataset: 00h:02m:32.36s (total=152.36 seconds).
2023-02-26 16:55:29:check_prereq_files: 00h:08m:07.87s (total=487.87 seconds).
2023-02-26 16:56:30:check_prereq_files: 00h:00m:00.33s (total=0.33 seconds).
2023-02-26 16:56:30:check_prereq_files: 00h:00m:00.33s (total=0.33 seconds).
2023-02-26 16:56:30:check_prereq_files: 00h:00m:00.33s (total=0.33 seconds).
2023-02-26 16:56:30:check_prereq_files: 00h:00m:00.33s (total=0.33 seconds).
2023-02-26 16:56:30:check_prereq_files: 00h:00m:00.34s (total=0.34 seconds).
2023-02-26 16:56:34:check_prereq_files: 00h:00m:00.19s (total=0.19 seconds).
2023-02-26 16:56:34:check_prereq_files: 00h:00m:00.19s (total=0.19 seconds).
2023-02-26 16:56:34:check_prereq_files: 00h:00m:00.19s (total=0.19 seconds).
2023-02-26 16:56:34:check_prereq_files: 00h:00m:00.19s (total=0.19 seconds).
2023-02-26 16:56:34:check_prereq_files: 00h:00m:00.19s (total=0.19 seconds).
2023-02-26 16:56:36:check_prereq_files: 00h:00m:00.19s (total=0.19 seconds).
2023-02-26 16:56:36:check_prereq_files: 00h:00m:00.19s (total=0.19 seconds).
2023-02-26 16:56:36:check_prereq_files: 00h:00m:00.20s (total=0.20 seconds).
2023-02-26 16:56:37:check_prereq_files: 00h:00m:00.20s (total=0.20 seconds).
2023-02-26 16:56:37:check_prereq_files: 00h:00m:00.24s (total=0.24 seconds).
2023-02-26 16:56:37:check_prereq_files: 00h:00m:00.24s (total=0.24 seconds).
2023-02-26 16:56:37:check_prereq_files: 00h:00m:00.27s (total=0.27 seconds).
2023-02-26 16:56:37:check_prereq_files: 00h:00m:00.28s (total=0.28 seconds).
2023-02-26 16:56:37:check_prereq_files: 00h:00m:00.27s (total=0.27 seconds).
2023-02-26 16:56:37:check_prereq_files: 00h:00m:00.28s (total=0.28 seconds).
2023-02-26 16:56:38:check_prereq_files: 00h:00m:00.20s (total=0.20 seconds).
2023-02-26 16:56:38:check_prereq_files: 00h:00m:00.22s (total=0.22 seconds).
2023-02-26 16:56:38:check_prereq_files: 00h:00m:00.23s (total=0.23 seconds).
2023-02-26 16:56:38:check_prereq_files: 00h:00m:00.23s (total=0.23 seconds).
2023-02-26 16:56:38:check_prereq_files: 00h:00m:00.28s (total=0.28 seconds).
2023-02-26 16:56:41:check_prereq_files: 00h:00m:00.24s (total=0.24 seconds).
2023-02-26 16:56:41:check_prereq_files: 00h:00m:00.24s (total=0.24 seconds).
2023-02-26 16:56:41:check_prereq_files: 00h:00m:00.27s (total=0.27 seconds).
2023-02-26 16:56:41:check_prereq_files: 00h:00m:00.27s (total=0.27 seconds).
2023-02-26 16:56:41:check_prereq_files: 00h:00m:00.30s (total=0.30 seconds).
2023-02-26 16:56:46:save_inverse_plx_dataset: 00h:02m:34.72s (total=154.72 seconds).
2023-02-26 16:56:46:check_prereq_files: 00h:02m:34.85s (total=154.85 seconds).
2023-02-26 16:58:04:save_inverse_plx_dataset: 00h:02m:34.89s (total=154.89 seconds).
2023-02-26 16:58:04:check_prereq_files: 00h:02m:35.03s (total=155.03 seconds).
2023-02-26 19:17:07:check_bgc_prereq_files: 00h:00m:10.72s (total=10.72 seconds).
2023-02-26 19:17:07:check_bgc_prereq_files: 00h:00m:10.74s (total=10.74 seconds).
2023-02-26 19:17:08:check_bgc_prereq_files: 00h:00m:10.82s (total=10.82 seconds).
2023-02-26 19:17:08:check_bgc_prereq_files: 00h:00m:10.83s (total=10.83 seconds).
2023-02-26 19:17:08:check_bgc_prereq_files: 00h:00m:00.54s (total=0.54 seconds).
2023-02-26 19:17:08:check_bgc_prereq_files: 00h:00m:00.62s (total=0.62 seconds).
2023-02-26 19:17:08:check_bgc_prereq_files: 00h:00m:00.53s (total=0.53 seconds).
2023-02-26 19:17:08:check_bgc_prereq_files: 00h:00m:00.55s (total=0.55 seconds).
2023-02-26 19:17:09:check_bgc_prereq_files: 00h:00m:00.46s (total=0.46 seconds).
2023-02-26 19:17:09:check_bgc_prereq_files: 00h:00m:00.47s (total=0.47 seconds).
2023-02-26 19:17:09:check_bgc_prereq_files: 00h:00m:00.49s (total=0.49 seconds).
2023-02-26 19:17:09:check_bgc_prereq_files: 00h:00m:00.57s (total=0.57 seconds).
2023-02-26 19:17:09:check_bgc_prereq_files: 00h:00m:00.39s (total=0.39 seconds).
2023-02-26 19:17:09:check_bgc_prereq_files: 00h:00m:00.50s (total=0.50 seconds).
2023-02-26 19:17:09:check_bgc_prereq_files: 00h:00m:00.53s (total=0.53 seconds).
2023-02-26 19:17:09:check_bgc_prereq_files: 00h:00m:00.57s (total=0.57 seconds).
2023-02-26 19:17:09:check_bgc_prereq_files: 00h:00m:00.37s (total=0.37 seconds).
2023-02-26 19:17:10:check_bgc_prereq_files: 00h:00m:00.46s (total=0.46 seconds).
2023-02-26 19:17:10:check_bgc_prereq_files: 00h:00m:00.60s (total=0.60 seconds).
2023-02-26 19:17:10:check_bgc_prereq_files: 00h:00m:00.43s (total=0.43 seconds).
2023-02-26 19:17:10:check_bgc_prereq_files: 00h:00m:00.43s (total=0.43 seconds).
2023-02-26 19:17:10:check_bgc_prereq_files: 00h:00m:00.57s (total=0.57 seconds).
2023-02-26 19:17:10:check_bgc_prereq_files: 00h:00m:00.48s (total=0.48 seconds).
2023-02-26 19:17:10:check_bgc_prereq_files: 00h:00m:00.54s (total=0.54 seconds).
2023-02-26 19:17:10:check_bgc_prereq_files: 00h:00m:00.48s (total=0.48 seconds).
2023-02-26 19:17:11:check_bgc_prereq_files: 00h:00m:00.41s (total=0.41 seconds).
2023-02-26 19:17:11:check_bgc_prereq_files: 00h:00m:00.51s (total=0.51 seconds).
2023-02-26 19:17:11:check_bgc_prereq_files: 00h:00m:00.51s (total=0.51 seconds).
2023-02-26 19:17:11:check_bgc_prereq_files: 00h:00m:00.43s (total=0.43 seconds).
2023-02-26 19:17:11:check_bgc_prereq_files: 00h:00m:00.64s (total=0.64 seconds).
2023-02-26 19:17:11:check_bgc_prereq_files: 00h:00m:00.59s (total=0.59 seconds).
2023-02-26 19:17:11:check_bgc_prereq_files: 00h:00m:00.58s (total=0.58 seconds).
2023-02-26 19:37:14:check_bgc_prereq_files: 00h:00m:00.41s (total=0.41 seconds).
2023-02-26 19:38:16:check_bgc_prereq_files: 00h:00m:00.23s (total=0.23 seconds).
2023-02-26 19:38:16:check_bgc_prereq_files: 00h:00m:00.23s (total=0.23 seconds).
2023-02-26 19:38:16:check_bgc_prereq_files: 00h:00m:00.23s (total=0.23 seconds).
2023-02-26 19:38:16:check_bgc_prereq_files: 00h:00m:00.24s (total=0.24 seconds).
2023-02-26 19:38:16:check_bgc_prereq_files: 00h:00m:00.24s (total=0.24 seconds).
2023-02-26 19:38:21:check_bgc_prereq_files: 00h:00m:00.19s (total=0.19 seconds).
2023-02-26 19:38:21:check_bgc_prereq_files: 00h:00m:00.19s (total=0.19 seconds).
2023-02-26 19:38:21:check_bgc_prereq_files: 00h:00m:00.19s (total=0.19 seconds).
2023-02-26 19:38:21:check_bgc_prereq_files: 00h:00m:00.20s (total=0.20 seconds).
2023-02-26 19:38:21:check_bgc_prereq_files: 00h:00m:00.20s (total=0.20 seconds).
2023-02-26 19:38:21:check_bgc_prereq_files: 00h:00m:00.25s (total=0.25 seconds).
2023-02-26 19:38:21:check_bgc_prereq_files: 00h:00m:00.24s (total=0.24 seconds).
2023-02-26 19:38:21:check_bgc_prereq_files: 00h:00m:00.24s (total=0.24 seconds).
2023-02-26 19:38:21:check_bgc_prereq_files: 00h:00m:00.27s (total=0.27 seconds).
2023-02-26 19:38:21:check_bgc_prereq_files: 00h:00m:00.27s (total=0.27 seconds).
2023-02-26 19:38:22:check_bgc_prereq_files: 00h:00m:00.20s (total=0.20 seconds).
2023-02-26 19:38:22:check_bgc_prereq_files: 00h:00m:00.20s (total=0.20 seconds).
2023-02-26 19:38:22:check_bgc_prereq_files: 00h:00m:00.20s (total=0.20 seconds).
2023-02-26 19:38:22:check_bgc_prereq_files: 00h:00m:00.36s (total=0.36 seconds).
2023-02-26 19:38:22:check_bgc_prereq_files: 00h:00m:00.37s (total=0.37 seconds).
2023-02-26 19:38:22:check_bgc_prereq_files: 00h:00m:00.38s (total=0.38 seconds).
2023-02-26 19:38:22:check_bgc_prereq_files: 00h:00m:00.38s (total=0.38 seconds).
2023-02-26 19:38:22:check_bgc_prereq_files: 00h:00m:00.38s (total=0.38 seconds).
2023-02-26 19:38:22:check_bgc_prereq_files: 00h:00m:00.38s (total=0.38 seconds).
2023-02-26 19:38:22:check_bgc_prereq_files: 00h:00m:00.40s (total=0.40 seconds).
2023-02-26 19:38:24:check_bgc_prereq_files: 00h:00m:00.21s (total=0.21 seconds).
2023-02-26 19:38:24:check_bgc_prereq_files: 00h:00m:00.23s (total=0.23 seconds).
2023-02-26 19:38:24:check_bgc_prereq_files: 00h:00m:00.24s (total=0.24 seconds).
2023-02-26 19:38:24:check_bgc_prereq_files: 00h:00m:00.37s (total=0.37 seconds).
2023-02-26 19:38:24:check_bgc_prereq_files: 00h:00m:00.47s (total=0.47 seconds).
2023-02-26 19:38:25:check_bgc_prereq_files: 00h:00m:12.04s (total=12.04 seconds).
2023-02-26 19:38:25:check_bgc_prereq_files: 00h:00m:12.05s (total=12.05 seconds).
2023-02-26 19:38:25:check_bgc_prereq_files: 00h:00m:12.25s (total=12.25 seconds).
2023-02-26 19:44:40:check_bgc_prereq_files: 00h:00m:11.96s (total=11.96 seconds).
2023-02-26 19:44:40:check_bgc_prereq_files: 00h:00m:11.99s (total=11.99 seconds).
2023-02-26 19:44:41:check_bgc_prereq_files: 00h:00m:12.21s (total=12.21 seconds).
2023-02-26 19:54:02:check_bgc_prereq_files: 00h:00m:00.32s (total=0.32 seconds).
2023-02-26 19:54:02:check_bgc_prereq_files: 00h:00m:00.32s (total=0.32 seconds).
2023-02-26 19:54:02:check_bgc_prereq_files: 00h:00m:00.33s (total=0.33 seconds).
2023-02-26 19:54:02:check_bgc_prereq_files: 00h:00m:00.33s (total=0.33 seconds).
2023-02-26 19:54:12:check_bgc_prereq_files: 00h:00m:00.20s (total=0.20 seconds).
2023-02-26 19:54:12:check_bgc_prereq_files: 00h:00m:00.20s (total=0.20 seconds).
2023-02-26 19:54:12:check_bgc_prereq_files: 00h:00m:00.21s (total=0.21 seconds).
2023-02-26 19:54:12:check_bgc_prereq_files: 00h:00m:00.21s (total=0.21 seconds).
2023-02-26 19:54:12:check_bgc_prereq_files: 00h:00m:00.20s (total=0.20 seconds).
2023-02-26 19:54:12:check_bgc_prereq_files: 00h:00m:00.20s (total=0.20 seconds).
2023-02-26 19:54:12:check_bgc_prereq_files: 00h:00m:00.20s (total=0.20 seconds).
2023-02-26 19:54:12:check_bgc_prereq_files: 00h:00m:00.22s (total=0.22 seconds).
2023-02-26 19:54:13:check_bgc_prereq_files: 00h:00m:00.22s (total=0.22 seconds).
2023-02-26 19:54:13:check_bgc_prereq_files: 00h:00m:00.22s (total=0.22 seconds).
2023-02-26 19:54:13:check_bgc_prereq_files: 00h:00m:00.26s (total=0.26 seconds).
2023-02-26 19:54:13:check_bgc_prereq_files: 00h:00m:00.25s (total=0.25 seconds).
2023-02-26 19:54:13:check_bgc_prereq_files: 00h:00m:00.21s (total=0.21 seconds).
2023-02-26 19:54:13:check_bgc_prereq_files: 00h:00m:00.25s (total=0.25 seconds).
2023-02-26 19:54:13:check_bgc_prereq_files: 00h:00m:00.21s (total=0.21 seconds).
2023-02-26 19:54:13:check_bgc_prereq_files: 00h:00m:00.28s (total=0.28 seconds).
2023-02-26 19:54:13:check_bgc_prereq_files: 00h:00m:00.28s (total=0.28 seconds).
2023-02-26 19:54:13:check_bgc_prereq_files: 00h:00m:00.27s (total=0.27 seconds).
2023-02-26 19:54:13:check_bgc_prereq_files: 00h:00m:00.27s (total=0.27 seconds).
2023-02-26 19:54:13:check_bgc_prereq_files: 00h:00m:00.27s (total=0.27 seconds).
2023-02-26 19:54:15:check_bgc_prereq_files: 00h:00m:00.22s (total=0.22 seconds).
2023-02-26 19:54:15:check_bgc_prereq_files: 00h:00m:00.27s (total=0.27 seconds).
2023-02-26 19:54:15:check_bgc_prereq_files: 00h:00m:00.28s (total=0.28 seconds).
2023-02-26 19:54:15:check_bgc_prereq_files: 00h:00m:00.28s (total=0.28 seconds).
2023-02-26 22:46:59:check_bgc_prereq_files: 00h:00m:00.37s (total=0.37 seconds).
2023-02-26 22:46:59:check_bgc_prereq_files: 00h:00m:00.37s (total=0.37 seconds).
2023-02-26 22:46:59:check_bgc_prereq_files: 00h:00m:00.38s (total=0.38 seconds).
2023-02-26 22:47:54:check_bgc_prereq_files: 00h:00m:00.18s (total=0.18 seconds).
2023-02-26 22:47:54:check_bgc_prereq_files: 00h:00m:00.19s (total=0.19 seconds).
2023-02-26 22:47:54:check_bgc_prereq_files: 00h:00m:00.19s (total=0.19 seconds).
2023-02-26 22:47:57:check_bgc_prereq_files: 00h:00m:00.19s (total=0.19 seconds).
2023-02-26 22:47:57:check_bgc_prereq_files: 00h:00m:00.20s (total=0.20 seconds).
2023-02-26 22:47:57:check_bgc_prereq_files: 00h:00m:00.19s (total=0.19 seconds).
2023-02-26 22:48:00:check_bgc_prereq_files: 00h:00m:00.19s (total=0.19 seconds).
2023-02-26 22:48:00:check_bgc_prereq_files: 00h:00m:00.20s (total=0.20 seconds).
2023-02-26 22:48:00:check_bgc_prereq_files: 00h:00m:00.21s (total=0.21 seconds).
2023-02-26 22:48:01:check_bgc_prereq_files: 00h:00m:00.22s (total=0.22 seconds).
2023-02-26 22:48:01:check_bgc_prereq_files: 00h:00m:00.22s (total=0.22 seconds).
2023-02-26 22:48:01:check_bgc_prereq_files: 00h:00m:00.21s (total=0.21 seconds).
2023-02-26 22:48:02:check_bgc_prereq_files: 00h:00m:00.23s (total=0.23 seconds).
2023-02-26 22:48:02:check_bgc_prereq_files: 00h:00m:00.23s (total=0.23 seconds).
2023-02-26 22:48:02:check_bgc_prereq_files: 00h:00m:00.23s (total=0.23 seconds).
2023-02-26 22:48:03:check_bgc_prereq_files: 00h:00m:00.23s (total=0.23 seconds).
2023-02-26 22:48:03:check_bgc_prereq_files: 00h:00m:00.22s (total=0.22 seconds).
2023-02-26 22:48:04:check_bgc_prereq_files: 00h:00m:00.25s (total=0.25 seconds).
2023-02-27 11:38:53:check_bgc_prereq_files: 00h:00m:00.38s (total=0.38 seconds).
2023-02-27 11:38:53:check_bgc_prereq_files: 00h:00m:00.38s (total=0.38 seconds).
2023-02-27 11:38:53:check_bgc_prereq_files: 00h:00m:00.38s (total=0.38 seconds).
2023-02-27 11:39:48:check_bgc_prereq_files: 00h:00m:00.18s (total=0.18 seconds).
2023-02-27 11:39:48:check_bgc_prereq_files: 00h:00m:00.19s (total=0.19 seconds).
2023-02-27 11:39:48:check_bgc_prereq_files: 00h:00m:00.20s (total=0.20 seconds).
2023-02-27 11:39:52:check_bgc_prereq_files: 00h:00m:00.19s (total=0.19 seconds).
2023-02-27 11:39:52:check_bgc_prereq_files: 00h:00m:00.20s (total=0.20 seconds).
2023-02-27 11:39:52:check_bgc_prereq_files: 00h:00m:00.20s (total=0.20 seconds).
2023-02-27 11:39:52:check_bgc_prereq_files: 00h:00m:00.19s (total=0.19 seconds).
2023-02-27 11:39:52:check_bgc_prereq_files: 00h:00m:00.21s (total=0.21 seconds).
2023-02-27 11:39:52:check_bgc_prereq_files: 00h:00m:00.21s (total=0.21 seconds).
2023-02-27 11:39:53:check_bgc_prereq_files: 00h:00m:00.20s (total=0.20 seconds).
2023-02-27 11:39:53:check_bgc_prereq_files: 00h:00m:00.22s (total=0.22 seconds).
2023-02-27 11:39:53:check_bgc_prereq_files: 00h:00m:00.23s (total=0.23 seconds).
2023-02-27 11:39:54:check_bgc_prereq_files: 00h:00m:00.22s (total=0.22 seconds).
2023-02-27 11:39:54:check_bgc_prereq_files: 00h:00m:00.23s (total=0.23 seconds).
2023-02-27 11:39:54:check_bgc_prereq_files: 00h:00m:00.23s (total=0.23 seconds).
2023-02-27 11:39:55:check_bgc_prereq_files: 00h:00m:00.24s (total=0.24 seconds).
2023-02-27 11:39:55:check_bgc_prereq_files: 00h:00m:00.25s (total=0.25 seconds).
2023-02-27 11:39:55:check_bgc_prereq_files: 00h:00m:00.24s (total=0.24 seconds).
2023-02-27 11:42:53:save_plx_file_particle_subset: 00h:06m:26.04s (total=386.04 seconds).
2023-02-27 11:42:53:check_bgc_prereq_files: 00h:06m:39.22s (total=399.22 seconds).
2023-02-27 11:43:39:save_plx_file_particle_subset: 00h:07m:11.77s (total=431.77 seconds).
2023-02-27 11:43:39:check_bgc_prereq_files: 00h:07m:25.00s (total=445.00 seconds).
2023-02-27 11:44:08:save_plx_file_particle_subset: 00h:07m:40.80s (total=460.80 seconds).
2023-02-27 11:44:08:check_bgc_prereq_files: 00h:07m:54.06s (total=474.06 seconds).
2023-02-27 11:44:32:save_plx_file_particle_subset: 00h:08m:04.86s (total=484.86 seconds).
2023-02-27 11:44:32:check_bgc_prereq_files: 00h:08m:18.08s (total=498.08 seconds).
2023-02-27 11:45:36:save_inverse_plx_dataset: 00h:02m:42.23s (total=162.23 seconds).
2023-02-27 11:45:36:check_bgc_prereq_files: 00h:02m:42.33s (total=162.33 seconds).
2023-02-27 11:46:38:save_inverse_plx_dataset: 00h:02m:58.56s (total=178.56 seconds).
2023-02-27 11:46:38:check_bgc_prereq_files: 00h:02m:58.66s (total=178.66 seconds).
2023-02-27 11:47:25:save_inverse_plx_dataset: 00h:03m:16.92s (total=196.92 seconds).
2023-02-27 11:47:25:check_bgc_prereq_files: 00h:03m:17.04s (total=197.04 seconds).
2023-02-27 11:47:52:save_inverse_plx_dataset: 00h:03m:20.08s (total=200.08 seconds).
2023-02-27 11:47:52:check_bgc_prereq_files: 00h:03m:20.18s (total=200.18 seconds).
2023-02-27 11:51:21:save_plx_file_particle_subset: 00h:05m:45.70s (total=345.70 seconds).
2023-02-27 11:52:39:save_plx_file_particle_subset: 00h:06m:00.95s (total=360.95 seconds).
2023-02-27 11:53:50:save_inverse_plx_dataset: 00h:02m:28.63s (total=148.63 seconds).
2023-02-27 11:53:50:check_bgc_prereq_files: 00h:08m:14.33s (total=494.33 seconds).
2023-02-27 11:54:35:save_plx_file_particle_subset: 00h:07m:09.79s (total=429.79 seconds).
2023-02-27 11:55:06:save_plx_file_particle_subset: 00h:07m:14.01s (total=434.01 seconds).
2023-02-27 11:55:20:save_inverse_plx_dataset: 00h:02m:41.52s (total=161.52 seconds).
2023-02-27 11:55:20:check_bgc_prereq_files: 00h:08m:42.48s (total=522.48 seconds).
2023-02-27 11:56:16:save_inverse_plx_dataset: 00h:02m:25.37s (total=145.37 seconds).
2023-02-27 11:56:16:check_bgc_prereq_files: 00h:02m:25.51s (total=145.51 seconds).
2023-02-27 11:57:39:save_inverse_plx_dataset: 00h:03m:04.00s (total=184.00 seconds).
2023-02-27 11:57:39:check_bgc_prereq_files: 00h:10m:13.80s (total=613.80 seconds).
2023-02-27 11:57:58:save_inverse_plx_dataset: 00h:02m:37.56s (total=157.56 seconds).
2023-02-27 11:57:58:check_bgc_prereq_files: 00h:02m:37.68s (total=157.68 seconds).
2023-02-27 11:58:24:save_inverse_plx_dataset: 00h:03m:17.67s (total=197.67 seconds).
2023-02-27 11:58:24:check_bgc_prereq_files: 00h:10m:31.68s (total=631.68 seconds).
2023-02-27 12:00:42:save_inverse_plx_dataset: 00h:03m:02.50s (total=182.50 seconds).
2023-02-27 12:00:42:check_bgc_prereq_files: 00h:03m:02.61s (total=182.61 seconds).
2023-02-27 12:01:38:save_plx_file_particle_subset: 00h:05m:22.01s (total=322.01 seconds).
2023-02-27 12:01:39:save_inverse_plx_dataset: 00h:03m:14.89s (total=194.89 seconds).
2023-02-27 12:01:39:check_bgc_prereq_files: 00h:03m:15.02s (total=195.02 seconds).
2023-02-27 12:04:10:save_inverse_plx_dataset: 00h:02m:32.35s (total=152.35 seconds).
2023-02-27 12:04:10:check_bgc_prereq_files: 00h:07m:54.37s (total=474.37 seconds).
2023-02-27 12:04:11:save_plx_file_particle_subset: 00h:06m:13.53s (total=373.53 seconds).
2023-02-27 12:06:27:save_inverse_plx_dataset: 00h:02m:16.70s (total=136.70 seconds).
2023-02-27 12:06:27:check_bgc_prereq_files: 00h:02m:17.05s (total=137.05 seconds).
2023-02-27 12:07:00:save_inverse_plx_dataset: 00h:02m:48.11s (total=168.11 seconds).
2023-02-27 12:07:00:check_bgc_prereq_files: 00h:09m:01.64s (total=541.64 seconds).
2023-02-27 12:07:40:save_plx_file_particle_subset: 00h:06m:58.22s (total=418.22 seconds).
2023-02-27 12:08:49:save_plx_file_particle_subset: 00h:07m:10.14s (total=430.14 seconds).
2023-02-27 12:09:40:save_inverse_plx_dataset: 00h:02m:39.95s (total=159.95 seconds).
2023-02-27 12:09:40:check_bgc_prereq_files: 00h:02m:40.06s (total=160.06 seconds).
2023-02-27 12:10:47:save_inverse_plx_dataset: 00h:03m:07.19s (total=187.19 seconds).
2023-02-27 12:10:47:check_bgc_prereq_files: 00h:10m:05.42s (total=605.42 seconds).
2023-02-27 12:10:51:save_plx_file_particle_subset: 00h:04m:24.10s (total=264.10 seconds).
2023-02-27 12:11:59:save_inverse_plx_dataset: 00h:03m:10.09s (total=190.09 seconds).
2023-02-27 12:11:59:check_bgc_prereq_files: 00h:10m:20.23s (total=620.23 seconds).
2023-02-27 12:12:50:save_inverse_plx_dataset: 00h:01m:59.03s (total=119.03 seconds).
2023-02-27 12:12:50:check_bgc_prereq_files: 00h:06m:23.14s (total=383.14 seconds).
2023-02-27 12:13:44:save_inverse_plx_dataset: 00h:02m:56.51s (total=176.51 seconds).
2023-02-27 12:13:44:check_bgc_prereq_files: 00h:02m:56.63s (total=176.63 seconds).
2023-02-27 12:14:16:save_plx_file_particle_subset: 00h:04m:36.69s (total=276.69 seconds).
2023-02-27 12:14:41:save_inverse_plx_dataset: 00h:01m:51.14s (total=111.14 seconds).
2023-02-27 12:14:41:check_bgc_prereq_files: 00h:01m:51.25s (total=111.25 seconds).
2023-02-27 12:15:11:save_inverse_plx_dataset: 00h:03m:11.08s (total=191.08 seconds).
2023-02-27 12:15:11:check_bgc_prereq_files: 00h:03m:11.22s (total=191.22 seconds).
2023-02-27 12:16:24:save_inverse_plx_dataset: 00h:02m:08.16s (total=128.16 seconds).
2023-02-27 12:16:24:check_bgc_prereq_files: 00h:06m:44.85s (total=404.85 seconds).
2023-02-27 12:18:32:save_inverse_plx_dataset: 00h:02m:07.67s (total=127.67 seconds).
2023-02-27 12:18:32:check_bgc_prereq_files: 00h:02m:07.80s (total=127.80 seconds).
2023-02-27 12:19:43:save_plx_file_particle_subset: 00h:05m:59.57s (total=359.57 seconds).
2023-02-27 12:20:55:save_plx_file_particle_subset: 00h:05m:44.73s (total=344.73 seconds).
2023-02-27 12:22:11:save_inverse_plx_dataset: 00h:02m:27.49s (total=147.49 seconds).
2023-02-27 12:22:11:check_bgc_prereq_files: 00h:08m:27.06s (total=507.06 seconds).
2023-02-27 12:23:42:save_inverse_plx_dataset: 00h:02m:47.14s (total=167.14 seconds).
2023-02-27 12:23:42:check_bgc_prereq_files: 00h:08m:31.87s (total=511.87 seconds).
2023-02-27 12:24:37:save_inverse_plx_dataset: 00h:02m:26.04s (total=146.04 seconds).
2023-02-27 12:24:37:check_bgc_prereq_files: 00h:02m:26.18s (total=146.18 seconds).
2023-02-27 12:26:12:save_inverse_plx_dataset: 00h:02m:29.95s (total=149.95 seconds).
2023-02-27 12:26:12:check_bgc_prereq_files: 00h:02m:30.06s (total=150.06 seconds).
2023-02-28 17:21:18:check_bgc_prereq_files: 00h:00m:00.00s (total=0.00 seconds).
2023-02-28 17:21:18:check_bgc_prereq_files: 00h:00m:00.00s (total=0.00 seconds).
2023-02-28 17:21:18:check_bgc_prereq_files: 00h:00m:00.00s (total=0.00 seconds).
2023-02-28 17:22:18:check_bgc_prereq_files: 00h:00m:00.00s (total=0.00 seconds).
2023-02-28 17:22:18:check_bgc_prereq_files: 00h:00m:00.00s (total=0.00 seconds).
2023-02-28 17:22:18:check_bgc_prereq_files: 00h:00m:00.00s (total=0.00 seconds).
2023-02-28 17:22:19:check_bgc_prereq_files: 00h:00m:00.00s (total=0.00 seconds).
2023-02-28 17:22:19:check_bgc_prereq_files: 00h:00m:00.00s (total=0.00 seconds).
2023-02-28 17:22:19:check_bgc_prereq_files: 00h:00m:00.00s (total=0.00 seconds).
2023-02-28 17:22:19:check_bgc_prereq_files: 00h:00m:00.00s (total=0.00 seconds).
2023-02-28 17:22:19:check_bgc_prereq_files: 00h:00m:00.00s (total=0.00 seconds).
2023-02-28 17:22:19:check_bgc_prereq_files: 00h:00m:00.00s (total=0.00 seconds).
2023-02-28 17:22:19:check_bgc_prereq_files: 00h:00m:00.00s (total=0.00 seconds).
2023-02-28 17:22:19:check_bgc_prereq_files: 00h:00m:00.00s (total=0.00 seconds).
2023-02-28 17:22:19:check_bgc_prereq_files: 00h:00m:00.00s (total=0.00 seconds).
2023-02-28 17:22:19:check_bgc_prereq_files: 00h:00m:00.00s (total=0.00 seconds).
2023-02-28 17:22:19:check_bgc_prereq_files: 00h:00m:00.00s (total=0.00 seconds).
2023-02-28 17:22:19:check_bgc_prereq_files: 00h:00m:00.00s (total=0.00 seconds).
2023-02-28 17:22:19:check_bgc_prereq_files: 00h:00m:00.00s (total=0.00 seconds).
2023-02-28 17:22:19:check_bgc_prereq_files: 00h:00m:00.00s (total=0.00 seconds).
2023-02-28 17:22:19:check_bgc_prereq_files: 00h:00m:00.00s (total=0.00 seconds).
2023-03-05 20:32:42:update_field_AAA: 05h:44m:13.37s (total=20653.37 seconds).
2023-03-05 20:32:43:save_felx_BGC_field_subset: 05h:45m:51.63s (total=20751.63 seconds).
2023-03-05 20:35:30:update_field_AAA: 05h:47m:00.85s (total=20820.85 seconds).
2023-03-05 20:35:30:save_felx_BGC_field_subset: 05h:48m:39.06s (total=20919.06 seconds).
2023-03-05 20:37:16:update_field_AAA: 05h:49m:02.21s (total=20942.21 seconds).
2023-03-05 20:37:17:save_felx_BGC_field_subset: 05h:50m:25.73s (total=21025.73 seconds).
2023-03-05 20:40:18:update_field_AAA: 05h:51m:49.47s (total=21109.47 seconds).
2023-03-05 20:40:19:save_felx_BGC_field_subset: 05h:53m:27.65s (total=21207.65 seconds).
2023-03-05 20:42:35:update_field_AAA: 05h:54m:20.97s (total=21260.97 seconds).
2023-03-05 20:42:36:save_felx_BGC_field_subset: 05h:55m:44.48s (total=21344.48 seconds).
2023-03-05 20:49:12:update_field_AAA: 06h:00m:42.99s (total=21642.99 seconds).
2023-03-05 20:49:13:save_felx_BGC_field_subset: 06h:02m:21.43s (total=21741.43 seconds).
2023-03-05 20:49:59:update_field_AAA: 06h:01m:36.91s (total=21696.91 seconds).
2023-03-05 20:49:59:save_felx_BGC_field_subset: 06h:03m:08.19s (total=21788.19 seconds).
2023-03-05 20:50:12:update_field_AAA: 06h:01m:42.73s (total=21702.73 seconds).
2023-03-05 20:50:12:save_felx_BGC_field_subset: 06h:03m:21.00s (total=21801.00 seconds).
2023-03-05 20:51:09:update_field_AAA: 06h:02m:54.77s (total=21774.77 seconds).
2023-03-05 20:51:09:save_felx_BGC_field_subset: 06h:04m:18.35s (total=21858.35 seconds).
2023-03-05 20:52:20:update_field_AAA: 06h:04m:05.84s (total=21845.84 seconds).
2023-03-05 20:52:20:save_felx_BGC_field_subset: 06h:05m:29.42s (total=21929.42 seconds).
2023-03-05 20:52:24:update_field_AAA: 06h:03m:54.87s (total=21834.87 seconds).
2023-03-05 20:52:24:save_felx_BGC_field_subset: 06h:05m:33.22s (total=21933.22 seconds).
2023-03-05 20:53:15:update_field_AAA: 06h:04m:52.76s (total=21892.76 seconds).
2023-03-05 20:53:15:save_felx_BGC_field_subset: 06h:06m:24.03s (total=21984.03 seconds).
2023-03-05 20:54:19:update_field_AAA: 06h:05m:57.14s (total=21957.14 seconds).
2023-03-05 20:54:19:save_felx_BGC_field_subset: 06h:07m:28.35s (total=22048.35 seconds).
2023-03-05 20:54:38:update_field_AAA: 06h:06m:15.64s (total=21975.64 seconds).
2023-03-05 20:54:38:save_felx_BGC_field_subset: 06h:07m:46.99s (total=22066.99 seconds).
2023-03-05 20:59:11:update_field_AAA: 06h:10m:42.01s (total=22242.01 seconds).
2023-03-05 20:59:11:save_felx_BGC_field_subset: 06h:12m:20.25s (total=22340.25 seconds).
2023-03-05 20:59:31:update_field_AAA: 06h:11m:02.21s (total=22262.21 seconds).
2023-03-05 20:59:32:save_felx_BGC_field_subset: 06h:12m:40.68s (total=22360.68 seconds).
2023-03-05 21:40:59:update_field_AAA: 06h:35m:55.75s (total=23755.75 seconds).
2023-03-05 21:40:59:save_felx_BGC_field_subset: 06h:36m:59.29s (total=23819.29 seconds).
2023-03-05 21:44:58:update_field_AAA: 06h:39m:58.36s (total=23998.36 seconds).
2023-03-05 21:44:58:save_felx_BGC_field_subset: 06h:40m:58.14s (total=24058.14 seconds).
2023-03-05 21:54:58:update_field_AAA: 06h:49m:58.33s (total=24598.33 seconds).
2023-03-05 21:54:59:save_felx_BGC_field_subset: 06h:50m:58.72s (total=24658.72 seconds).
2023-03-05 21:55:15:update_field_AAA: 06h:50m:11.89s (total=24611.89 seconds).
2023-03-05 21:55:16:save_felx_BGC_field_subset: 06h:51m:16.42s (total=24676.42 seconds).
2023-03-05 21:56:37:update_field_AAA: 06h:51m:37.39s (total=24697.39 seconds).
2023-03-05 21:56:38:save_felx_BGC_field_subset: 06h:52m:37.90s (total=24757.90 seconds).
2023-03-05 21:56:46:update_field_AAA: 06h:51m:42.96s (total=24702.96 seconds).
2023-03-05 21:56:47:save_felx_BGC_field_subset: 06h:52m:46.92s (total=24766.92 seconds).
2023-03-05 22:00:04:update_field_AAA: 06h:54m:59.65s (total=24899.65 seconds).
2023-03-05 22:00:05:save_felx_BGC_field_subset: 06h:56m:05.26s (total=24965.26 seconds).
2023-03-05 22:01:34:update_field_AAA: 06h:56m:30.87s (total=24990.87 seconds).
2023-03-05 22:01:35:save_felx_BGC_field_subset: 06h:57m:34.98s (total=25054.98 seconds).
2023-03-05 22:04:49:update_field_AAA: 06h:59m:49.87s (total=25189.87 seconds).
2023-03-05 22:04:50:save_felx_BGC_field_subset: 07h:00m:50.19s (total=25250.19 seconds).
2023-03-05 22:06:06:update_field_AAA: 07h:01m:05.71s (total=25265.71 seconds).
2023-03-05 22:06:07:save_felx_BGC_field_subset: 07h:02m:06.59s (total=25326.59 seconds).
2023-03-05 22:31:25:update_field_AAA: 07h:25m:58.50s (total=26758.50 seconds).
2023-03-05 22:31:25:save_felx_BGC_field_subset: 07h:26m:54.24s (total=26814.24 seconds).
2023-03-05 22:38:48:update_field_AAA: 07h:33m:23.95s (total=27203.95 seconds).
2023-03-05 22:38:49:save_felx_BGC_field_subset: 07h:34m:17.55s (total=27257.55 seconds).
2023-03-05 22:39:08:update_field_AAA: 07h:33m:24.75s (total=27204.75 seconds).
2023-03-05 22:39:09:save_felx_BGC_field_subset: 07h:34m:21.19s (total=27261.19 seconds).
2023-03-05 22:41:10:update_field_AAA: 07h:35m:26.73s (total=27326.73 seconds).
2023-03-05 22:41:11:save_felx_BGC_field_subset: 07h:36m:22.32s (total=27382.32 seconds).
2023-03-05 22:41:16:update_field_AAA: 07h:35m:33.82s (total=27333.82 seconds).
2023-03-05 22:41:16:save_felx_BGC_field_subset: 07h:36m:28.32s (total=27388.32 seconds).
2023-03-05 22:41:19:update_field_AAA: 07h:35m:52.96s (total=27352.96 seconds).
2023-03-05 22:41:19:save_felx_BGC_field_subset: 07h:36m:47.90s (total=27407.90 seconds).
2023-03-05 22:42:16:update_field_AAA: 07h:36m:32.84s (total=27392.84 seconds).
2023-03-05 22:42:16:save_felx_BGC_field_subset: 07h:37m:28.13s (total=27448.13 seconds).
2023-03-05 22:42:23:update_field_AAA: 07h:36m:58.38s (total=27418.38 seconds).
2023-03-05 22:42:23:save_felx_BGC_field_subset: 07h:37m:51.97s (total=27471.97 seconds).
2023-03-05 22:46:44:update_field_AAA: 07h:41m:16.58s (total=27676.58 seconds).
2023-03-05 22:46:44:save_felx_BGC_field_subset: 07h:42m:13.18s (total=27733.18 seconds).
2023-03-05 22:47:32:update_field_AAA: 07h:42m:05.88s (total=27725.88 seconds).
2023-03-05 22:47:33:save_felx_BGC_field_subset: 07h:43m:01.51s (total=27781.51 seconds).
2023-03-05 22:47:42:update_field_AAA: 07h:42m:15.71s (total=27735.71 seconds).
2023-03-05 22:47:42:save_felx_BGC_field_subset: 07h:43m:11.35s (total=27791.35 seconds).
2023-03-05 22:48:34:update_field_AAA: 07h:43m:06.68s (total=27786.68 seconds).
2023-03-05 22:48:34:save_felx_BGC_field_subset: 07h:44m:03.15s (total=27843.15 seconds).
2023-03-05 22:49:48:update_field_AAA: 07h:44m:23.56s (total=27863.56 seconds).
2023-03-05 22:49:48:save_felx_BGC_field_subset: 07h:45m:17.19s (total=27917.19 seconds).
2023-03-05 22:52:06:update_field_AAA: 07h:46m:38.92s (total=27998.92 seconds).
2023-03-05 22:52:07:save_felx_BGC_field_subset: 07h:47m:35.53s (total=28055.53 seconds).
2023-03-05 22:52:50:update_field_AAA: 07h:47m:05.72s (total=28025.72 seconds).
2023-03-05 22:52:50:save_felx_BGC_field_subset: 07h:48m:02.25s (total=28082.25 seconds).
2023-03-05 22:53:12:update_field_AAA: 07h:47m:29.84s (total=28049.84 seconds).
2023-03-05 22:53:12:save_felx_BGC_field_subset: 07h:48m:23.98s (total=28103.98 seconds).
2023-03-05 22:53:13:update_field_AAA: 07h:47m:29.54s (total=28049.54 seconds).
2023-03-05 22:53:13:save_felx_BGC_field_subset: 07h:48m:24.87s (total=28104.87 seconds).
2023-03-05 22:56:12:update_field_AAA: 07h:50m:46.14s (total=28246.14 seconds).
2023-03-05 22:56:12:save_felx_BGC_field_subset: 07h:51m:41.21s (total=28301.21 seconds).
2023-03-05 22:58:11:update_field_AAA: 07h:52m:26.33s (total=28346.33 seconds).
2023-03-05 22:58:11:save_felx_BGC_field_subset: 07h:53m:22.84s (total=28402.84 seconds).
2023-03-05 22:59:25:update_field_AAA: 07h:53m:43.24s (total=28423.24 seconds).
2023-03-05 22:59:26:save_felx_BGC_field_subset: 07h:54m:37.46s (total=28477.46 seconds).
2023-03-05 22:59:54:update_field_AAA: 07h:54m:10.27s (total=28450.27 seconds).
2023-03-05 22:59:54:save_felx_BGC_field_subset: 07h:55m:06.14s (total=28506.14 seconds).
2023-03-05 23:02:09:update_field_AAA: 07h:56m:26.99s (total=28586.99 seconds).
2023-03-05 23:02:09:save_felx_BGC_field_subset: 07h:57m:21.24s (total=28641.24 seconds).
2023-03-05 23:04:09:update_field_AAA: 07h:58m:25.97s (total=28705.97 seconds).
2023-03-05 23:04:09:save_felx_BGC_field_subset: 07h:59m:21.31s (total=28761.31 seconds).
2023-03-06 21:58:14:update_field_AAA: 05h:57m:14.80s (total=21434.80 seconds).
2023-03-06 21:58:14:save_felx_BGC_field_subset: 05h:58m:58.03s (total=21538.03 seconds).
2023-03-06 22:01:50:update_field_AAA: 06h:00m:45.19s (total=21645.19 seconds).
2023-03-06 22:01:50:save_felx_BGC_field_subset: 06h:02m:33.99s (total=21753.99 seconds).
2023-03-06 22:02:04:update_field_AAA: 06h:00m:59.46s (total=21659.46 seconds).
2023-03-06 22:02:04:save_felx_BGC_field_subset: 06h:02m:48.00s (total=21768.00 seconds).
2023-03-06 22:02:43:update_field_AAA: 06h:01m:40.69s (total=21700.69 seconds).
2023-03-06 22:02:44:save_felx_BGC_field_subset: 06h:03m:27.62s (total=21807.62 seconds).
2023-03-06 23:14:41:update_field_AAA: 06h:04m:19.68s (total=21859.68 seconds).
2023-03-06 23:14:42:save_felx_BGC_field_subset: 06h:05m:13.88s (total=21913.88 seconds).
2023-03-06 23:15:56:update_field_AAA: 06h:05m:35.39s (total=21935.39 seconds).
2023-03-06 23:15:56:save_felx_BGC_field_subset: 06h:06m:28.31s (total=21988.31 seconds).
2023-03-06 23:17:14:update_field_AAA: 06h:06m:52.03s (total=22012.03 seconds).
2023-03-06 23:17:14:save_felx_BGC_field_subset: 06h:07m:46.44s (total=22066.44 seconds).
2023-03-06 23:17:28:update_field_AAA: 06h:07m:08.09s (total=22028.09 seconds).
2023-03-06 23:17:29:save_felx_BGC_field_subset: 06h:08m:00.94s (total=22080.94 seconds).
2023-03-06 23:17:34:update_field_AAA: 06h:07m:12.11s (total=22032.11 seconds).
2023-03-06 23:17:34:save_felx_BGC_field_subset: 06h:08m:06.47s (total=22086.47 seconds).
2023-03-06 23:19:37:update_field_AAA: 06h:09m:15.48s (total=22155.48 seconds).
2023-03-06 23:19:38:save_felx_BGC_field_subset: 06h:10m:09.82s (total=22209.82 seconds).
2023-03-06 23:21:06:update_field_AAA: 06h:10m:44.51s (total=22244.51 seconds).
2023-03-06 23:21:06:save_felx_BGC_field_subset: 06h:11m:38.62s (total=22298.62 seconds).
2023-03-06 23:22:57:update_field_AAA: 06h:12m:35.43s (total=22355.43 seconds).
2023-03-06 23:22:57:save_felx_BGC_field_subset: 06h:13m:29.50s (total=22409.50 seconds).
2023-03-06 23:23:19:update_field_AAA: 06h:12m:56.70s (total=22376.70 seconds).
2023-03-06 23:23:19:save_felx_BGC_field_subset: 06h:13m:50.99s (total=22430.99 seconds).
2023-03-06 23:24:28:update_field_AAA: 06h:14m:06.27s (total=22446.27 seconds).
2023-03-06 23:24:28:save_felx_BGC_field_subset: 06h:15m:00.66s (total=22500.66 seconds).
2023-03-06 23:25:46:update_field_AAA: 06h:15m:24.35s (total=22524.35 seconds).
2023-03-06 23:25:46:save_felx_BGC_field_subset: 06h:16m:18.45s (total=22578.45 seconds).
2023-03-06 23:26:43:update_field_AAA: 06h:16m:21.45s (total=22581.45 seconds).
2023-03-06 23:26:44:save_felx_BGC_field_subset: 06h:17m:15.87s (total=22635.87 seconds).
2023-03-06 23:27:30:update_field_AAA: 06h:17m:07.87s (total=22627.87 seconds).
2023-03-06 23:27:30:save_felx_BGC_field_subset: 06h:18m:02.22s (total=22682.22 seconds).
2023-03-06 23:27:47:update_field_AAA: 06h:17m:25.30s (total=22645.30 seconds).
2023-03-06 23:27:47:save_felx_BGC_field_subset: 06h:18m:19.72s (total=22699.72 seconds).
2023-03-06 23:28:18:update_field_AAA: 06h:17m:56.02s (total=22676.02 seconds).
2023-03-06 23:28:18:save_felx_BGC_field_subset: 06h:18m:50.41s (total=22730.41 seconds).
2023-03-06 23:28:31:update_field_AAA: 06h:18m:10.44s (total=22690.44 seconds).
2023-03-06 23:28:31:save_felx_BGC_field_subset: 06h:19m:03.37s (total=22743.37 seconds).
2023-03-06 23:30:06:update_field_AAA: 06h:19m:45.73s (total=22785.73 seconds).
2023-03-06 23:30:06:save_felx_BGC_field_subset: 06h:20m:38.57s (total=22838.57 seconds).
2023-03-06 23:30:58:update_field_AAA: 06h:20m:36.21s (total=22836.21 seconds).
2023-03-06 23:30:58:save_felx_BGC_field_subset: 06h:21m:35.60s (total=22895.60 seconds).
2023-03-06 23:31:21:update_field_AAA: 06h:20m:59.30s (total=22859.30 seconds).
2023-03-06 23:31:21:save_felx_BGC_field_subset: 06h:21m:53.38s (total=22913.38 seconds).
2023-03-06 23:35:20:update_field_AAA: 06h:24m:59.55s (total=23099.55 seconds).
2023-03-06 23:35:20:save_felx_BGC_field_subset: 06h:25m:52.45s (total=23152.45 seconds).
2023-03-06 23:51:19:update_field_AAA: 06h:39m:18.75s (total=23958.75 seconds).
2023-03-06 23:51:19:save_felx_BGC_field_subset: 06h:40m:11.14s (total=24011.14 seconds).
2023-03-06 23:54:22:update_field_AAA: 06h:42m:22.63s (total=24142.63 seconds).
2023-03-06 23:54:23:save_felx_BGC_field_subset: 06h:43m:14.60s (total=24194.60 seconds).
2023-03-06 23:55:15:update_field_AAA: 06h:43m:15.34s (total=24195.34 seconds).
2023-03-06 23:55:16:save_felx_BGC_field_subset: 06h:44m:07.46s (total=24247.46 seconds).
2023-03-06 23:55:44:update_field_AAA: 06h:43m:44.36s (total=24224.36 seconds).
2023-03-06 23:55:45:save_felx_BGC_field_subset: 06h:44m:36.42s (total=24276.42 seconds).
2023-03-06 23:56:45:update_field_AAA: 06h:44m:44.98s (total=24284.98 seconds).
2023-03-06 23:56:45:save_felx_BGC_field_subset: 06h:45m:36.95s (total=24336.95 seconds).
2023-03-06 23:59:42:update_field_AAA: 06h:47m:41.89s (total=24461.89 seconds).
2023-03-06 23:59:42:save_felx_BGC_field_subset: 06h:48m:33.61s (total=24513.61 seconds).
2023-03-07 00:00:41:update_field_AAA: 06h:48m:40.80s (total=24520.80 seconds).
2023-03-07 00:00:41:save_felx_BGC_field_subset: 06h:49m:32.78s (total=24572.78 seconds).
2023-03-07 00:04:21:update_field_AAA: 06h:52m:20.54s (total=24740.54 seconds).
2023-03-07 00:04:22:save_felx_BGC_field_subset: 06h:53m:13.43s (total=24793.43 seconds).
2023-03-07 00:05:24:update_field_AAA: 06h:53m:23.22s (total=24803.22 seconds).
2023-03-07 00:05:25:save_felx_BGC_field_subset: 06h:54m:16.47s (total=24856.47 seconds).
2023-03-07 00:06:27:update_field_AAA: 06h:54m:27.36s (total=24867.36 seconds).
2023-03-07 00:06:28:save_felx_BGC_field_subset: 06h:55m:20.18s (total=24920.18 seconds).
2023-03-07 00:07:05:update_field_AAA: 06h:55m:04.10s (total=24904.10 seconds).
2023-03-07 00:07:06:save_felx_BGC_field_subset: 06h:56m:02.37s (total=24962.37 seconds).
2023-03-07 00:07:54:update_field_AAA: 06h:55m:54.50s (total=24954.50 seconds).
2023-03-07 00:07:55:save_felx_BGC_field_subset: 06h:56m:46.51s (total=25006.51 seconds).
2023-03-07 00:10:29:update_field_AAA: 07h:00m:38.10s (total=25238.10 seconds).
2023-03-07 00:10:29:save_felx_BGC_field_subset: 07h:02m:16.85s (total=25336.85 seconds).
2023-03-07 00:13:00:update_field_AAA: 07h:00m:59.99s (total=25259.99 seconds).
2023-03-07 00:13:02:save_felx_BGC_field_subset: 07h:01m:53.31s (total=25313.31 seconds).
2023-03-07 00:14:55:update_field_AAA: 07h:05m:01.48s (total=25501.48 seconds).
2023-03-07 00:14:55:save_felx_BGC_field_subset: 07h:06m:42.29s (total=25602.29 seconds).
2023-03-07 00:14:59:update_field_AAA: 07h:05m:08.30s (total=25508.30 seconds).
2023-03-07 00:15:00:save_felx_BGC_field_subset: 07h:06m:46.99s (total=25606.99 seconds).
2023-03-07 00:16:14:update_field_AAA: 07h:06m:28.76s (total=25588.76 seconds).
2023-03-07 00:16:14:save_felx_BGC_field_subset: 07h:08m:01.70s (total=25681.70 seconds).
2023-03-07 00:17:15:update_field_AAA: 07h:05m:14.50s (total=25514.50 seconds).
2023-03-07 00:17:15:save_felx_BGC_field_subset: 07h:06m:06.93s (total=25566.93 seconds).
2023-03-07 00:17:56:update_field_AAA: 07h:08m:10.41s (total=25690.41 seconds).
2023-03-07 00:17:56:save_felx_BGC_field_subset: 07h:09m:43.29s (total=25783.29 seconds).
2023-03-07 00:18:07:update_field_AAA: 07h:06m:07.72s (total=25567.72 seconds).
2023-03-07 00:18:07:save_felx_BGC_field_subset: 07h:06m:58.83s (total=25618.83 seconds).
2023-03-07 00:18:31:update_field_AAA: 07h:08m:45.79s (total=25725.79 seconds).
2023-03-07 00:18:31:save_felx_BGC_field_subset: 07h:10m:18.64s (total=25818.64 seconds).
2023-03-07 00:18:35:update_field_AAA: 07h:06m:36.07s (total=25596.07 seconds).
2023-03-07 00:18:35:save_felx_BGC_field_subset: 07h:07m:27.12s (total=25647.12 seconds).
2023-03-07 00:19:29:update_field_AAA: 07h:07m:29.46s (total=25649.46 seconds).
2023-03-07 00:19:29:save_felx_BGC_field_subset: 07h:08m:20.57s (total=25700.57 seconds).
2023-03-07 00:21:53:update_field_AAA: 07h:11m:59.66s (total=25919.66 seconds).
2023-03-07 00:21:53:save_felx_BGC_field_subset: 07h:13m:40.55s (total=26020.55 seconds).
2023-03-07 00:23:12:update_field_AAA: 07h:11m:12.36s (total=25872.36 seconds).
2023-03-07 00:23:12:save_felx_BGC_field_subset: 07h:12m:03.49s (total=25923.49 seconds).
2023-03-07 00:24:20:update_field_AAA: 07h:14m:29.32s (total=26069.32 seconds).
2023-03-07 00:24:21:save_felx_BGC_field_subset: 07h:16m:08.00s (total=26168.00 seconds).
2023-03-07 00:24:47:update_field_AAA: 07h:12m:47.36s (total=25967.36 seconds).
2023-03-07 00:24:48:save_felx_BGC_field_subset: 07h:13m:39.36s (total=26019.36 seconds).
2023-03-07 00:26:10:update_field_AAA: 07h:16m:24.89s (total=26184.89 seconds).
2023-03-07 00:26:10:save_felx_BGC_field_subset: 07h:17m:57.72s (total=26277.72 seconds).
2023-03-07 00:27:44:update_field_AAA: 07h:15m:44.05s (total=26144.05 seconds).
2023-03-07 00:27:45:save_felx_BGC_field_subset: 07h:16m:36.44s (total=26196.44 seconds).
2023-03-07 00:35:04:update_field_AAA: 07h:25m:12.76s (total=26712.76 seconds).
2023-03-07 00:35:04:save_felx_BGC_field_subset: 07h:26m:30.39s (total=26790.39 seconds).
2023-03-07 00:44:36:update_field_AAA: 07h:34m:44.55s (total=27284.55 seconds).
2023-03-07 00:44:36:save_felx_BGC_field_subset: 07h:36m:02.44s (total=27362.44 seconds).
2023-03-07 00:45:33:update_field_AAA: 07h:35m:47.85s (total=27347.85 seconds).
2023-03-07 00:45:33:save_felx_BGC_field_subset: 07h:36m:59.57s (total=27419.57 seconds).
2023-03-07 00:45:34:update_field_AAA: 07h:35m:43.08s (total=27343.08 seconds).
2023-03-07 00:45:34:save_felx_BGC_field_subset: 07h:37m:00.62s (total=27420.62 seconds).
2023-03-07 00:46:23:update_field_AAA: 07h:36m:26.60s (total=27386.60 seconds).
2023-03-07 00:46:23:save_felx_BGC_field_subset: 07h:37m:49.39s (total=27469.39 seconds).
2023-03-07 00:49:01:update_field_AAA: 07h:39m:16.37s (total=27556.37 seconds).
2023-03-07 00:49:02:save_felx_BGC_field_subset: 07h:40m:27.99s (total=27627.99 seconds).
2023-03-07 00:49:45:update_field_AAA: 07h:39m:48.74s (total=27588.74 seconds).
2023-03-07 00:49:45:save_felx_BGC_field_subset: 07h:41m:11.41s (total=27671.41 seconds).
2023-03-07 00:53:29:update_field_AAA: 07h:43m:36.10s (total=27816.10 seconds).
2023-03-07 00:53:29:save_felx_BGC_field_subset: 07h:44m:55.62s (total=27895.62 seconds).
2023-03-07 00:54:48:update_field_AAA: 07h:44m:54.85s (total=27894.85 seconds).
2023-03-07 00:54:48:save_felx_BGC_field_subset: 07h:46m:14.32s (total=27974.32 seconds).
2023-03-07 01:06:01:update_field_AAA: 07h:55m:58.36s (total=28558.36 seconds).
2023-03-07 01:06:01:save_felx_BGC_field_subset: 07h:56m:56.18s (total=28616.18 seconds).
2023-03-07 01:13:16:update_field_AAA: 08h:03m:16.05s (total=28996.05 seconds).
2023-03-07 01:13:16:save_felx_BGC_field_subset: 08h:04m:11.08s (total=29051.08 seconds).
2023-03-07 01:14:04:update_field_AAA: 08h:04m:02.19s (total=29042.19 seconds).
2023-03-07 01:14:05:save_felx_BGC_field_subset: 08h:04m:59.85s (total=29099.85 seconds).
2023-03-07 01:24:19:update_field_AAA: 08h:14m:20.42s (total=29660.42 seconds).
2023-03-07 01:24:20:save_felx_BGC_field_subset: 08h:15m:14.94s (total=29714.94 seconds).
2023-03-07 01:26:15:update_field_AAA: 08h:16m:12.32s (total=29772.32 seconds).
2023-03-07 01:26:15:save_felx_BGC_field_subset: 08h:17m:10.08s (total=29830.08 seconds).
2023-03-07 01:27:18:update_field_AAA: 08h:17m:14.53s (total=29834.53 seconds).
2023-03-07 01:27:18:save_felx_BGC_field_subset: 08h:18m:13.35s (total=29893.35 seconds).
2023-03-07 01:36:01:update_field_AAA: 08h:26m:01.96s (total=30361.96 seconds).
2023-03-07 01:36:01:save_felx_BGC_field_subset: 08h:26m:56.48s (total=30416.48 seconds).
2023-03-07 02:00:37:update_field_AAA: 08h:50m:33.47s (total=31833.47 seconds).
2023-03-07 02:00:37:save_felx_BGC_field_subset: 08h:51m:32.21s (total=31892.21 seconds).
2023-03-07 02:02:24:update_field_AAA: 08h:52m:27.90s (total=31947.90 seconds).
2023-03-07 02:02:25:save_felx_BGC_field_subset: 08h:54m:14.24s (total=32054.24 seconds).
