2023-01-18 08:18:54:n_traj initial=408710, remaining=108892 %=-73.4%
2023-01-18 08:20:13:lon=250 exp=0: n_traj initial=408710, remaining=108892 %=-73.4%
2023-01-18 08:22:54:lon=165 exp=0: n_traj initial=537823, remaining=195704 %=-63.6%
2023-01-18 08:24:49:lon=190 exp=0: n_traj initial=559848, remaining=172132 %=-69.3%
2023-01-18 08:26:38:lon=220 exp=0: n_traj initial=493538, remaining=143472 %=-70.9%
2023-01-18 08:29:21:lon=250 exp=1: n_traj initial=401104, remaining=106889 %=-73.4%
2023-01-18 08:30:57:lon=165 exp=1: n_traj initial=623943, remaining=221389 %=-64.5%
2023-01-18 08:31:46:lon=190 exp=1: n_traj initial=596258, remaining=181411 %=-69.6%
2023-01-18 08:32:48:lon=220 exp=1: n_traj initial=505505, remaining=146257 %=-71.1%
2023-08-11 18:35:04: Fe model file indexes
2023-08-11 18:35:04: Historical
2023-08-11 18:35:05: Fe model file index 0: 2012-12-31 to 2011-05-29
2023-08-11 18:35:06: Fe model file index 1: 2011-05-29 to 2009-09-24
2023-08-11 18:35:07: Fe model file index 2: 2009-09-18 to 2008-03-03
2023-08-11 18:35:08: Fe model file index 3: 2008-03-03 to 2006-06-12
2023-08-11 18:35:09: Fe model file index 4: 2006-06-06 to 2004-10-02
2023-08-11 18:35:35: Iron model file indexes
2023-08-11 18:35:35: Historical
2023-08-11 18:35:36: file index=0: 2012-12-31 to 2011-05-29
2023-08-11 18:35:37: file index=1: 2011-05-29 to 2009-09-24
2023-08-11 18:35:39: file index=2: 2009-09-18 to 2008-03-03
2023-08-11 18:35:40: file index=3: 2008-03-03 to 2006-06-12
2023-08-11 18:35:41: file index=4: 2006-06-06 to 2004-10-02
2023-08-11 18:35:42: file index=5: 2004-10-02 to 2003-02-28
2023-08-11 18:35:43: file index=6: 2003-02-22 to 2001-07-02
2023-08-11 18:35:44: file index=7: 2001-07-02 to 2000-01-03
2023-08-11 18:35:44: RCP8.5
2023-08-11 18:35:45: file index=0: 2101-12-31 to 2100-05-22
2023-08-11 18:35:46: file index=1: 2100-05-22 to 2098-09-23
2023-08-11 18:35:47: file index=2: 2098-09-17 to 2097-02-24
2023-08-11 18:35:48: file index=3: 2097-02-24 to 2095-06-11
2023-08-11 18:35:49: file index=4: 2095-06-05 to 2093-10-19
2023-08-11 18:35:51: file index=5: 2093-10-19 to 2092-02-27
2023-08-11 18:35:52: file index=6: 2092-02-21 to 2090-07-01
2023-08-11 18:35:53: file index=7: 2090-07-01 to 2089-01-01
2023-08-11 18:37:09: PLX file indexes
2023-08-11 18:37:09: Historical

file index=0: 2012-12-31 to 2009-09-24
file index=1: 2009-09-18 to 2006-06-12
file index=2: 2006-06-06 to 2003-02-28
file index=3: 2003-02-22 to 1999-11-16
file index=4: 1999-11-10 to 1996-08-03
file index=5: 1996-07-28 to 1993-04-21
file index=6: 1993-04-15 to 1990-01-07
file index=7: 1990-01-01 to 1986-09-25
file index=8: 1986-09-19 to 1983-06-13
file index=9: 1983-06-07 to 1981-01-06