2023-07-21 17:24:06:     u_sum v=3 165E:   HIST       D      (D%)       p     sum_H% sum_P%   pp  
2023-07-21 17:24:06:              total: 20.277   1.9650 (   9.7%)    p<0.01
2023-07-21 17:24:06:               None:  0.241  -0.0704 ( -29.3%)   p=0.002   1.2%    1%  -0.4%
2023-07-21 17:24:06:      Vitiaz Strait:  3.935   1.0398 (  26.4%)   p<0.001  19.4%   22%   3.0%
2023-07-21 17:24:06:     Solomon Strait:  5.941   2.7160 (  45.7%)   p<0.001  29.3%   39%   9.6%
2023-07-21 17:24:06:   Mindanao Current:  2.245  -0.0225 (  -1.0%)     p=1.0  11.1%   10%  -1.1%
2023-07-21 17:24:06:        Celebes Sea:  1.094   0.5353 (  48.9%)   p<0.001   5.4%    7%   1.9%
2023-07-21 17:24:06:    Indonesian Seas:  0.064   0.1918 ( 299.9%)   p<0.001   0.3%    1%   0.8%
2023-07-21 17:24:06:    Solomon Islands:  1.123   0.2329 (  20.7%)   p<0.021   5.5%    6%   0.6%
2023-07-21 17:24:06:     South Interior:  5.041  -2.4110 ( -47.8%)   p<0.001  24.9%   12% -13.0%
2023-07-21 17:24:06:     North Interior:  0.594  -0.2470 ( -41.6%)   p<0.001   2.9%    2%  -1.4%
2023-07-21 17:24:06: 
2023-07-21 17:24:06:     u_sum v=3 190E:   HIST       D      (D%)       p     sum_H% sum_P%   pp  
2023-07-21 17:24:06:              total: 27.359  -1.2660 (  -4.6%)    p=0.08
2023-07-21 17:24:06:               None:  0.735  -0.3916 ( -53.2%)   p<0.001   2.7%    1%  -1.4%
2023-07-21 17:24:06:      Vitiaz Strait:  4.592   0.5795 (  12.6%)   p=0.002  16.8%   20%   3.0%
2023-07-21 17:24:06:     Solomon Strait:  6.763   2.1425 (  31.7%)   p<0.001  24.7%   34%   9.4%
2023-07-21 17:24:06:   Mindanao Current:  3.797  -0.5077 ( -13.4%)   p=0.003  13.9%   13%  -1.3%
2023-07-21 17:24:06:        Celebes Sea:  1.418   0.5782 (  40.8%)   p<0.001   5.2%    8%   2.5%
2023-07-21 17:24:06:    Indonesian Seas:  0.040   0.1210 ( 299.0%)   p<0.001   0.1%    1%   0.5%
2023-07-21 17:24:06:    Solomon Islands:  1.150   0.0807 (   7.0%)   p=0.376   4.2%    5%   0.5%
2023-07-21 17:24:06:     South Interior:  7.505  -3.3122 ( -44.1%)   p<0.001  27.4%   16% -11.4%
2023-07-21 17:24:06:     North Interior:  1.360  -0.5562 ( -40.9%)   p<0.001   5.0%    3%  -1.9%
2023-07-21 17:24:06: 
2023-07-21 17:24:06:     u_sum v=3 220E:   HIST       D      (D%)       p     sum_H% sum_P%   pp  
2023-07-21 17:24:06:              total: 28.926  -1.8386 (  -6.4%)   p<0.001
2023-07-21 17:24:06:               None:  0.696  -0.3875 ( -55.7%)   p<0.001   2.4%    1%  -1.3%
2023-07-21 17:24:06:      Vitiaz Strait:  4.559   0.2087 (   4.6%)    p<0.04  15.8%   18%   1.8%
2023-07-21 17:24:07:     Solomon Strait:  6.949   1.5888 (  22.9%)   p<0.001  24.0%   32%   7.5%
2023-07-21 17:24:07:   Mindanao Current:  4.376  -0.7064 ( -16.1%)   p<0.001  15.1%   14%  -1.6%
2023-07-21 17:24:07:        Celebes Sea:  1.321   0.4588 (  34.7%)   p<0.001   4.6%    7%   2.0%
2023-07-21 17:24:07:    Indonesian Seas:  0.040   0.0739 ( 186.4%)   p<0.001   0.1%    0%   0.3%
2023-07-21 17:24:07:    Solomon Islands:  1.092   0.0201 (   1.8%)   p=0.735   3.8%    4%   0.3%
2023-07-21 17:24:07:     South Interior:  7.630  -2.4632 ( -32.3%)   p<0.001  26.4%   19%  -7.3%
2023-07-21 17:24:07:     North Interior:  2.263  -0.6318 ( -27.9%)   p<0.001   7.8%    6%  -1.8%
2023-07-21 17:24:07: 
2023-07-21 17:24:07:     u_sum v=3 250E:   HIST       D      (D%)       p     sum_H% sum_P%   pp  
2023-07-21 17:24:07:              total: 23.234  -2.3653 ( -10.2%)   p<0.001
2023-07-21 17:24:07:               None:  0.518  -0.1753 ( -33.8%)   p=0.005   2.2%    2%  -0.6%
2023-07-21 17:24:07:      Vitiaz Strait:  4.297  -0.3163 (  -7.4%)   p=0.001  18.5%   19%   0.6%
2023-07-21 17:24:07:     Solomon Strait:  6.652   0.6713 (  10.1%)   p<0.001  28.6%   35%   6.5%
2023-07-21 17:24:07:   Mindanao Current:  3.477  -0.7489 ( -21.5%)   p<0.001  15.0%   13%  -1.9%
2023-07-21 17:24:07:        Celebes Sea:  0.912   0.3789 (  41.5%)   p<0.001   3.9%    6%   2.3%
2023-07-21 17:24:07:    Indonesian Seas:  0.041   0.0357 (  86.1%)   p=0.005   0.2%    0%   0.2%
2023-07-21 17:24:07:    Solomon Islands:  1.004  -0.0306 (  -3.0%)   p=0.635   4.3%    5%   0.3%
2023-07-21 17:24:07:     South Interior:  4.603  -1.6008 ( -34.8%)   p<0.001  19.8%   14%  -5.4%
2023-07-21 17:24:07:     North Interior:  1.730  -0.5794 ( -33.5%)   p<0.001   7.4%    6%  -1.9%
2023-07-21 17:24:07: 
2023-07-21 17:24:07:    fe_avg v=3 165E:   HIST       D      (D%)       p     sum_H% sum_P%   pp  
2023-07-21 17:24:07:              total:  0.613   0.0490 (   8.0%)   p<0.001
2023-07-21 17:24:07:               None:  0.218  -0.0249 ( -11.4%)   p<0.001  35.5%   29%  -6.5%
2023-07-21 17:24:07:      Vitiaz Strait:  0.799   0.0087 (   1.1%)    p=0.08 130.3%  122%  -8.3%
2023-07-21 17:24:07:     Solomon Strait:  0.696   0.0103 (   1.5%)   p=0.094 113.5%  107%  -6.8%
2023-07-21 17:24:07:   Mindanao Current:  0.640   0.0005 (   0.1%)   p=0.946 104.5%   97%  -7.7%
2023-07-21 17:24:07:        Celebes Sea:  0.632   0.0065 (   1.0%)   p=0.094 103.1%   96%  -6.7%
2023-07-21 17:24:07:    Indonesian Seas:  0.294   0.0155 (   5.3%)   p=0.168  48.0%   47%  -0.9%
2023-07-21 17:24:07:    Solomon Islands:  0.702   0.0042 (   0.6%)   p=0.635 114.5%  107%  -7.8%
2023-07-21 17:24:07:     South Interior:  0.328  -0.0581 ( -17.7%)   p<0.001  53.5%   41% -12.7%
2023-07-21 17:24:07:     North Interior:  0.505  -0.1214 ( -24.1%)   p<0.001  82.3%   57% -25.1%
2023-07-21 17:24:07: 
2023-07-21 17:24:07:    fe_avg v=3 190E:   HIST       D      (D%)       p     sum_H% sum_P%   pp  
2023-07-21 17:24:07:              total:  0.534   0.0451 (   8.4%)   p<0.001
2023-07-21 17:24:07:               None:  0.239  -0.0262 ( -11.0%)   p<0.001  44.7%   36%  -8.5%
2023-07-21 17:24:07:      Vitiaz Strait:  0.699   0.0128 (   1.8%)   p<0.027 130.9%  123%  -8.0%
2023-07-21 17:24:07:     Solomon Strait:  0.620   0.0055 (   0.9%)   p=0.273 116.1%  108%  -8.1%
2023-07-21 17:24:07:   Mindanao Current:  0.589   0.0142 (   2.4%)   p=0.005 110.2%  104%  -6.1%
2023-07-21 17:24:07:        Celebes Sea:  0.595   0.0089 (   1.5%)   p<0.013 111.4%  104%  -7.1%
2023-07-21 17:24:07:    Indonesian Seas:  0.273   0.0270 (   9.9%)    p<0.04  51.1%   52%   0.4%
2023-07-21 17:24:07:    Solomon Islands:  0.637   0.0017 (   0.3%)   p=0.685 119.4%  110%  -9.0%
2023-07-21 17:24:07:     South Interior:  0.318  -0.0310 (  -9.7%)   p<0.001  59.6%   50% -10.0%
2023-07-21 17:24:07:     North Interior:  0.446  -0.0038 (  -0.9%)     p=1.0  83.5%   76%  -7.1%
2023-07-21 17:24:07: 
2023-07-21 17:24:07:    fe_avg v=3 220E:   HIST       D      (D%)       p     sum_H% sum_P%   pp  
2023-07-21 17:24:07:              total:  0.477   0.0444 (   9.3%)   p<0.001
2023-07-21 17:24:07:               None:  0.250  -0.0084 (  -3.4%)   p<0.033  52.4%   46%  -6.2%
2023-07-21 17:24:07:      Vitiaz Strait:  0.639   0.0213 (   3.3%)   p=0.005 134.1%  127%  -7.3%
2023-07-21 17:24:07:     Solomon Strait:  0.573   0.0138 (   2.4%)    p<0.01 120.2%  113%  -7.6%
2023-07-21 17:24:07:   Mindanao Current:  0.533   0.0179 (   3.4%)   p<0.001 111.8%  106%  -6.1%
2023-07-21 17:24:07:        Celebes Sea:  0.556   0.0085 (   1.5%)   p<0.048 116.7%  108%  -8.3%
2023-07-21 17:24:07:    Indonesian Seas:  0.252   0.0310 (  12.3%)   p<0.013  52.8%   53%   0.4%
2023-07-21 17:24:08:    Solomon Islands:  0.595   0.0042 (   0.7%)   p=0.244 124.8%  115%  -9.9%
2023-07-21 17:24:08:     South Interior:  0.276   0.0020 (   0.7%)   p=0.635  57.8%   53%  -4.5%
2023-07-21 17:24:08:     North Interior:  0.316   0.0401 (  12.7%)   p<0.001  66.2%   68%   2.2%
2023-07-21 17:24:08: 
2023-07-21 17:24:08:    fe_avg v=3 250E:   HIST       D      (D%)       p     sum_H% sum_P%   pp  
2023-07-21 17:24:08:              total:  0.467   0.0442 (   9.5%)   p<0.001
2023-07-21 17:24:08:               None:  0.257   0.0019 (   0.8%)    p=0.34  55.0%   51%  -4.4%
2023-07-21 17:24:08:      Vitiaz Strait:  0.594   0.0371 (   6.2%)   p<0.001 127.3%  124%  -3.7%
2023-07-21 17:24:08:     Solomon Strait:  0.539   0.0244 (   4.5%)   p<0.001 115.5%  110%  -5.2%
2023-07-21 17:24:08:   Mindanao Current:  0.496   0.0227 (   4.6%)   p<0.001 106.3%  102%  -4.8%
2023-07-21 17:24:08:        Celebes Sea:  0.514   0.0190 (   3.7%)   p<0.001 110.1%  104%  -5.8%
2023-07-21 17:24:08:    Indonesian Seas:  0.243  -0.0074 (  -3.1%)   p=0.946  52.1%   48%  -3.8%
2023-07-21 17:24:08:    Solomon Islands:  0.562   0.0091 (   1.6%)   p=0.191 120.4%  112%  -8.6%
2023-07-21 17:24:08:     South Interior:  0.265   0.0041 (   1.6%)   p=0.168  56.7%   53%  -4.1%
2023-07-21 17:24:08:     North Interior:  0.273   0.0396 (  14.5%)   p<0.001  58.6%   61%   2.8%
2023-07-21 17:24:08: 
2023-07-21 17:24:08: fe_src_avg v=3 165E:   HIST       D      (D%)       p     sum_H% sum_P%   pp  
2023-07-21 17:24:08:              total:  0.749   0.0971 (  13.0%)   p<0.001
2023-07-21 17:24:08:               None:  0.239  -0.0000 (  -0.0%)   p=0.305  31.8%   28%  -3.7%
2023-07-21 17:24:08:      Vitiaz Strait:  1.220  -0.0000 (  -0.0%)   p=0.735 162.8%  144% -18.7%
2023-07-21 17:24:08:     Solomon Strait:  0.882  -0.0000 (  -0.0%)   p=0.946 117.7%  104% -13.5%
2023-07-21 17:24:08:   Mindanao Current:  0.755   0.0000 (   0.0%)   p=0.588 100.7%   89% -11.6%
2023-07-21 17:24:08:        Celebes Sea:  0.755  -0.0000 (  -0.0%)   p=0.244 100.7%   89% -11.6%
2023-07-21 17:24:08:    Indonesian Seas:  0.239  -0.0000 (  -0.0%)   p=0.588  31.8%   28%  -3.7%
2023-07-21 17:24:08:    Solomon Islands:  0.882   0.0000 (   0.0%)   p=0.455 117.7%  104% -13.5%
2023-07-21 17:24:08:     South Interior:  0.239   0.0000 (   0.0%)   p=0.455  31.8%   28%  -3.7%
2023-07-21 17:24:08:     North Interior:  0.239   0.0000 (   0.0%)   p=0.455  31.8%   28%  -3.7%
2023-07-21 17:24:08: 
2023-07-21 17:24:08: fe_src_avg v=3 190E:   HIST       D      (D%)       p     sum_H% sum_P%   pp  
2023-07-21 17:24:08:              total:  0.701   0.0983 (  14.0%)   p<0.001
2023-07-21 17:24:08:               None:  0.239   0.0000 (   0.0%)   p=0.168  34.1%   30%  -4.2%
2023-07-21 17:24:08:      Vitiaz Strait:  1.220   0.0000 (   0.0%)   p=0.839 174.1%  153% -21.4%
2023-07-21 17:24:08:     Solomon Strait:  0.882  -0.0000 (  -0.0%)   p=0.588 125.9%  110% -15.5%
2023-07-21 17:24:08:   Mindanao Current:  0.755  -0.0000 (  -0.0%)   p=0.168 107.7%   94% -13.3%
2023-07-21 17:24:08:        Celebes Sea:  0.755   0.0000 (   0.0%)   p=0.893 107.7%   94% -13.3%
2023-07-21 17:24:08:    Indonesian Seas:  0.239  -0.0000 (  -0.0%)   p=0.146  34.1%   30%  -4.2%
2023-07-21 17:24:08:    Solomon Islands:  0.882  -0.0000 (  -0.0%)   p=0.685 125.9%  110% -15.5%
2023-07-21 17:24:08:     South Interior:  0.239   0.0000 (   0.0%)   p=0.893  34.1%   30%  -4.2%
2023-07-21 17:24:08:     North Interior:  0.239   0.0000 (   0.0%)   p=0.787  34.1%   30%  -4.2%
2023-07-21 17:24:08: 
2023-07-21 17:24:08: fe_src_avg v=3 220E:   HIST       D      (D%)       p     sum_H% sum_P%   pp  
2023-07-21 17:24:08:              total:  0.682   0.0693 (  10.2%)   p<0.001
2023-07-21 17:24:08:               None:  0.239   0.0000 (   0.0%)   p=0.414  35.0%   32%  -3.2%
2023-07-21 17:24:08:      Vitiaz Strait:  1.220   0.0000 (   0.0%)   p=0.414 178.8%  162% -16.5%
2023-07-21 17:24:08:     Solomon Strait:  0.882   0.0000 (   0.0%)   p=0.946 129.3%  117% -11.9%
2023-07-21 17:24:08:   Mindanao Current:  0.755   0.0000 (   0.0%)   p=0.946 110.7%  100% -10.2%
2023-07-21 17:24:08:        Celebes Sea:  0.755  -0.0000 (  -0.0%)    p=0.08 110.7%  100% -10.2%
2023-07-21 17:24:08:    Indonesian Seas:  0.239  -0.0000 (  -0.0%)   p=0.946  35.0%   32%  -3.2%
2023-07-21 17:24:08:    Solomon Islands:  0.882   0.0000 (   0.0%)   p=0.414 129.3%  117% -11.9%
2023-07-21 17:24:08:     South Interior:  0.239  -0.0000 (  -0.0%)   p=0.946  35.0%   32%  -3.2%
2023-07-21 17:24:08:     North Interior:  0.239  -0.0000 (  -0.0%)   p=0.839  35.0%   32%  -3.2%
2023-07-21 17:24:08: 
2023-07-21 17:24:08: fe_src_avg v=3 250E:   HIST       D      (D%)       p     sum_H% sum_P%   pp  
2023-07-21 17:24:08:              total:  0.736   0.0468 (   6.3%)   p<0.001
2023-07-21 17:24:08:               None:  0.239  -0.0000 (  -0.0%)   p=0.497  32.4%   30%  -1.9%
2023-07-21 17:24:08:      Vitiaz Strait:  1.220  -0.0000 (  -0.0%)   p=0.168 165.6%  156%  -9.9%
2023-07-21 17:24:08:     Solomon Strait:  0.882   0.0000 (   0.0%)   p=0.787 119.7%  113%  -7.1%
2023-07-21 17:24:08:   Mindanao Current:  0.755   0.0000 (   0.0%)   p=0.168 102.5%   96%  -6.1%
2023-07-21 17:24:08:        Celebes Sea:  0.755  -0.0000 (  -0.0%)   p=0.244 102.5%   96%  -6.1%
2023-07-21 17:24:08:    Indonesian Seas:  0.239   0.0000 (   0.0%)   p=0.588  32.4%   30%  -1.9%
2023-07-21 17:24:09:    Solomon Islands:  0.882  -0.0000 (  -0.0%)   p=0.497 119.7%  113%  -7.1%
2023-07-21 17:24:09:     South Interior:  0.239  -0.0000 (  -0.0%)    p=0.08  32.4%   30%  -1.9%
2023-07-21 17:24:09:     North Interior:  0.239   0.0000 (   0.0%)   p=0.893  32.4%   30%  -1.9%
2023-07-21 17:24:09: 
2023-07-21 17:24:09: fe_flux_sum v=3 165E:   HIST       D      (D%)       p     sum_H% sum_P%   pp  
2023-07-21 17:24:09:              total: 12.211   2.2621 (  18.5%)   p<0.001
2023-07-21 17:24:09:               None:  0.051  -0.0203 ( -39.4%)   p<0.001   0.4%    0%  -0.2%
2023-07-21 17:24:09:      Vitiaz Strait:  3.110   0.8673 (  27.9%)   p<0.001  25.5%   27%   2.0%
2023-07-21 17:24:09:     Solomon Strait:  4.090   1.9732 (  48.2%)   p<0.001  33.5%   42%   8.4%
2023-07-21 17:24:09:   Mindanao Current:  1.439  -0.0125 (  -0.9%)   p=0.893  11.8%   10%  -1.9%
2023-07-21 17:24:09:        Celebes Sea:  0.694   0.3506 (  50.5%)   p<0.001   5.7%    7%   1.5%
2023-07-21 17:24:09:    Indonesian Seas:  0.020   0.0639 ( 326.6%)   p<0.001   0.2%    1%   0.4%
2023-07-21 17:24:09:    Solomon Islands:  0.794   0.1806 (  22.7%)   p<0.017   6.5%    7%   0.2%
2023-07-21 17:24:09:     South Interior:  1.705  -0.9683 ( -56.8%)   p<0.001  14.0%    5%  -8.9%
2023-07-21 17:24:09:     North Interior:  0.307  -0.1724 ( -56.1%)   p<0.001   2.5%    1%  -1.6%
2023-07-21 17:24:09: 
2023-07-21 17:24:09: fe_flux_sum v=3 190E:   HIST       D      (D%)       p     sum_H% sum_P%   pp  
2023-07-21 17:24:09:              total: 14.408   0.5203 (   3.6%)   p=0.094
2023-07-21 17:24:09:               None:  0.172  -0.1017 ( -59.1%)   p<0.001   1.2%    0%  -0.7%
2023-07-21 17:24:09:      Vitiaz Strait:  3.167   0.4886 (  15.4%)   p<0.001  22.0%   24%   2.5%
2023-07-21 17:24:09:     Solomon Strait:  4.138   1.3710 (  33.1%)   p<0.001  28.7%   37%   8.2%
2023-07-21 17:24:09:   Mindanao Current:  2.239  -0.2483 ( -11.1%)   p<0.017  15.5%   13%  -2.2%
2023-07-21 17:24:09:        Celebes Sea:  0.855   0.3603 (  42.1%)   p<0.001   5.9%    8%   2.2%
2023-07-21 17:24:09:    Indonesian Seas:  0.011   0.0379 ( 343.2%)   p<0.001   0.1%    0%   0.3%
2023-07-21 17:24:09:    Solomon Islands:  0.736   0.0563 (   7.6%)   p=0.305   5.1%    5%   0.2%
2023-07-21 17:24:09:     South Interior:  2.468  -1.2025 ( -48.7%)   p<0.001  17.1%    8%  -8.7%
2023-07-21 17:24:09:     North Interior:  0.623  -0.2413 ( -38.7%)   p<0.001   4.3%    3%  -1.8%
2023-07-21 17:24:09: 
2023-07-21 17:24:09: fe_flux_sum v=3 220E:   HIST       D      (D%)       p     sum_H% sum_P%   pp  
2023-07-21 17:24:09:              total: 13.703   0.3162 (   2.3%)   p=0.191
2023-07-21 17:24:09:               None:  0.173  -0.0983 ( -56.7%)   p<0.001   1.3%    1%  -0.7%
2023-07-21 17:24:09:      Vitiaz Strait:  2.898   0.2232 (   7.7%)   p=0.008  21.1%   22%   1.1%
2023-07-21 17:24:09:     Solomon Strait:  3.958   0.9881 (  25.0%)   p<0.001  28.9%   35%   6.4%
2023-07-21 17:24:09:   Mindanao Current:  2.338  -0.3033 ( -13.0%)   p=0.002  17.1%   15%  -2.5%
2023-07-21 17:24:09:        Celebes Sea:  0.743   0.2734 (  36.8%)   p<0.001   5.4%    7%   1.8%
2023-07-21 17:24:09:    Indonesian Seas:  0.010   0.0204 ( 206.8%)   p<0.001   0.1%    0%   0.1%
2023-07-21 17:24:09:    Solomon Islands:  0.657   0.0178 (   2.7%)   p=0.497   4.8%    5%   0.0%
2023-07-21 17:24:09:     South Interior:  2.167  -0.6712 ( -31.0%)   p<0.001  15.8%   11%  -5.1%
2023-07-21 17:24:09:     North Interior:  0.759  -0.1338 ( -17.6%)   p=0.002   5.5%    4%  -1.1%
2023-07-21 17:24:09: 
2023-07-21 17:24:09: fe_flux_sum v=3 250E:   HIST       D      (D%)       p     sum_H% sum_P%   pp  
2023-07-21 17:24:09:              total: 10.814  -0.1616 (  -1.5%)   p=0.305
2023-07-21 17:24:09:               None:  0.133  -0.0390 ( -29.3%)   p=0.005   1.2%    1%  -0.3%
2023-07-21 17:24:09:      Vitiaz Strait:  2.554  -0.0458 (  -1.8%)   p=0.376  23.6%   24%  -0.1%
2023-07-21 17:24:09:     Solomon Strait:  3.588   0.5266 (  14.7%)   p<0.001  33.2%   39%   5.4%
2023-07-21 17:24:09:   Mindanao Current:  1.734  -0.3095 ( -17.8%)   p=0.002  16.0%   13%  -2.7%
2023-07-21 17:24:09:        Celebes Sea:  0.475   0.2189 (  46.1%)   p<0.001   4.4%    7%   2.1%
2023-07-21 17:24:09:    Indonesian Seas:  0.010   0.0087 (  88.5%)   p=0.003   0.1%    0%   0.1%
2023-07-21 17:24:09:    Solomon Islands:  0.574  -0.0062 (  -1.1%)   p=0.946   5.3%    5%   0.0%
2023-07-21 17:24:09:     South Interior:  1.244  -0.3990 ( -32.1%)   p<0.001  11.5%    8%  -3.6%
2023-07-21 17:24:09:     North Interior:  0.502  -0.1164 ( -23.2%)   p=0.006   4.6%    4%  -1.0%
2023-07-21 17:24:09: 
2023-07-21 17:24:09: fe_reg_avg v=3 165E:   HIST       D      (D%)       p     sum_H% sum_P%   pp  
2023-07-21 17:24:09:              total:  0.045  -0.0235 ( -52.0%)   p<0.001
2023-07-21 17:24:09:               None:  0.162  -0.0533 ( -33.0%)   p<0.001 358.0%  499% 141.4%
2023-07-21 17:24:09:      Vitiaz Strait:  0.021  -0.0044 ( -21.2%)   p=0.001  46.5%   76%  29.8%
2023-07-21 17:24:09:     Solomon Strait:  0.017  -0.0062 ( -35.7%)   p<0.001  38.2%   51%  12.9%
2023-07-21 17:24:10:   Mindanao Current:  0.047  -0.0165 ( -35.3%)   p<0.001 103.5%  139%  36.0%
2023-07-21 17:24:10:        Celebes Sea:  0.041  -0.0138 ( -33.7%)   p<0.001  91.1%  126%  35.1%
2023-07-21 17:24:10:    Indonesian Seas:  0.079   0.0009 (   1.2%)   p=0.839 174.3%  365% 190.6%
2023-07-21 17:24:10:    Solomon Islands:  0.017  -0.0039 ( -22.8%)    p<0.01  38.1%   61%  23.3%
2023-07-21 17:24:10:     South Interior:  0.078  -0.0373 ( -47.7%)   p<0.001 173.2%  190%  16.8%
2023-07-21 17:24:10:     North Interior:  0.252  -0.0735 ( -29.2%)   p<0.001 558.0%  819% 261.4%
2023-07-21 17:24:10: 
2023-07-21 17:24:10: fe_reg_avg v=3 190E:   HIST       D      (D%)       p     sum_H% sum_P%   pp  
2023-07-21 17:24:10:              total:  0.054  -0.0171 ( -31.4%)   p<0.001
2023-07-21 17:24:10:               None:  0.200  -0.0570 ( -28.5%)   p<0.001 366.8%  381%  14.3%
2023-07-21 17:24:10:      Vitiaz Strait:  0.031  -0.0069 ( -22.4%)   p<0.001  56.4%   64%   7.4%
2023-07-21 17:24:10:     Solomon Strait:  0.030  -0.0089 ( -30.0%)   p<0.001  54.7%   56%   1.2%
2023-07-21 17:24:10:   Mindanao Current:  0.045  -0.0044 (  -9.7%)   p=0.191  83.5%  110%  26.4%
2023-07-21 17:24:10:        Celebes Sea:  0.038  -0.0025 (  -6.7%)   p=0.542  70.1%   95%  25.3%
2023-07-21 17:24:10:    Indonesian Seas:  0.098  -0.0211 ( -21.6%)   p<0.027 179.1%  215%  36.3%
2023-07-21 17:24:10:    Solomon Islands:  0.026  -0.0014 (  -5.6%)   p=0.305  47.5%   65%  17.6%
2023-07-21 17:24:10:     South Interior:  0.069  -0.0166 ( -24.1%)   p<0.001 126.7%  140%  13.8%
2023-07-21 17:24:10:     North Interior:  0.189   0.0160 (   8.4%)   p=0.094 347.7%  547% 199.5%
2023-07-21 17:24:10: 
2023-07-21 17:24:10: fe_reg_avg v=3 220E:   HIST       D      (D%)       p     sum_H% sum_P%   pp  
2023-07-21 17:24:10:              total:  0.041  -0.0052 ( -12.6%)   p<0.027
2023-07-21 17:24:10:               None:  0.213  -0.0182 (  -8.6%)    p<0.01 518.8%  547%  27.9%
2023-07-21 17:24:10:      Vitiaz Strait:  0.032  -0.0072 ( -22.7%)   p=0.002  77.7%   69%  -9.0%
2023-07-21 17:24:10:     Solomon Strait:  0.033  -0.0096 ( -29.2%)   p<0.001  79.7%   65% -15.1%
2023-07-21 17:24:10:   Mindanao Current:  0.031   0.0054 (  17.6%)   p<0.048  74.3%  100%  25.6%
2023-07-21 17:24:10:        Celebes Sea:  0.028   0.0034 (  12.3%)   p=0.068  67.2%   86%  19.1%
2023-07-21 17:24:10:    Indonesian Seas:  0.081   0.0012 (   1.5%)    p=0.11 198.3%  186% -11.9%
2023-07-21 17:24:10:    Solomon Islands:  0.028  -0.0036 ( -12.8%)   p=0.168  68.8%   69%  -0.1%
2023-07-21 17:24:10:     South Interior:  0.038   0.0003 (   0.7%)   p=0.893  92.4%  106%  14.0%
2023-07-21 17:24:10:     North Interior:  0.077   0.0319 (  41.5%)   p<0.001 187.2%  304% 116.4%
2023-07-21 17:24:10: 
2023-07-21 17:24:10: fe_reg_avg v=3 250E:   HIST       D      (D%)       p     sum_H% sum_P%   pp  
2023-07-21 17:24:10:              total:  0.038  -0.0046 ( -12.2%)   p<0.027
2023-07-21 17:24:10:               None:  0.227  -0.0175 (  -7.7%)   p<0.017 597.8%  628%  30.0%
2023-07-21 17:24:10:      Vitiaz Strait:  0.034  -0.0085 ( -25.2%)   p<0.001  88.3%   75% -13.1%
2023-07-21 17:24:10:     Solomon Strait:  0.036  -0.0090 ( -25.3%)   p<0.001  93.7%   80% -14.0%
2023-07-21 17:24:10:   Mindanao Current:  0.027  -0.0006 (  -2.2%)   p=0.588  70.9%   79%   8.1%
2023-07-21 17:24:10:        Celebes Sea:  0.026  -0.0011 (  -4.5%)   p=0.216  67.2%   73%   5.9%
2023-07-21 17:24:10:    Indonesian Seas:  0.075  -0.0337 ( -45.0%)   p=0.005 197.3%  144% -53.5%
2023-07-21 17:24:10:    Solomon Islands:  0.032  -0.0059 ( -18.4%)   p<0.017  84.1%   78%  -6.0%
2023-07-21 17:24:10:     South Interior:  0.036   0.0028 (   7.8%)   p=0.376  94.4%  116%  21.5%
2023-07-21 17:24:10:     North Interior:  0.049   0.0280 (  56.6%)   p<0.001 130.1%  232% 101.5%
2023-07-21 17:24:10: 
2023-07-21 17:24:10: fe_scav_avg v=3 165E:   HIST       D      (D%)       p     sum_H% sum_P%   pp  
2023-07-21 17:24:10:              total:  0.113   0.0006 (   0.6%)   p=0.635
2023-07-21 17:24:10:               None:  0.164  -0.0403 ( -24.6%)   p<0.001 145.4%  110% -35.4%
2023-07-21 17:24:10:      Vitiaz Strait:  0.231  -0.0084 (  -3.6%)   p<0.017 204.5%  196%  -8.5%
2023-07-21 17:24:10:     Solomon Strait:  0.110  -0.0113 ( -10.2%)   p<0.001  97.6%   87% -10.5%
2023-07-21 17:24:10:   Mindanao Current:  0.103  -0.0164 ( -15.9%)   p<0.001  91.3%   76% -15.0%
2023-07-21 17:24:10:        Celebes Sea:  0.102  -0.0172 ( -16.9%)   p<0.001  90.4%   75% -15.6%
2023-07-21 17:24:10:    Indonesian Seas:  0.036  -0.0042 ( -11.6%)   p<0.048  32.2%   28%  -4.1%
2023-07-21 17:24:11:    Solomon Islands:  0.107  -0.0059 (  -5.5%)   p=0.094  94.9%   89%  -5.9%
2023-07-21 17:24:11:     South Interior:  0.033  -0.0082 ( -24.6%)   p<0.001  29.6%   22%  -7.4%
2023-07-21 17:24:11:     North Interior:  0.118  -0.0143 ( -12.1%)    p=0.11 104.2%   92% -11.9%
2023-07-21 17:24:11: 
2023-07-21 17:24:11: fe_scav_avg v=3 190E:   HIST       D      (D%)       p     sum_H% sum_P%   pp  
2023-07-21 17:24:11:              total:  0.137   0.0097 (   7.1%)   p=0.006
2023-07-21 17:24:11:               None:  0.186  -0.0397 ( -21.3%)   p<0.001 135.9%  100% -35.9%
2023-07-21 17:24:11:      Vitiaz Strait:  0.290  -0.0129 (  -4.5%)   p=0.002 211.7%  189% -22.8%
2023-07-21 17:24:11:     Solomon Strait:  0.160  -0.0116 (  -7.2%)   p=0.001 117.1%  101% -15.6%
2023-07-21 17:24:11:   Mindanao Current:  0.128  -0.0116 (  -9.0%)   p=0.008  93.4%   79% -14.1%
2023-07-21 17:24:11:        Celebes Sea:  0.118  -0.0071 (  -6.0%)   p<0.027  86.0%   75% -10.5%
2023-07-21 17:24:11:    Indonesian Seas:  0.059  -0.0246 ( -41.6%)   p<0.001  43.2%   25% -18.1%
2023-07-21 17:24:11:    Solomon Islands:  0.148  -0.0023 (  -1.5%)   p=0.685 108.0%   99%  -8.8%
2023-07-21 17:24:11:     South Interior:  0.029  -0.0011 (  -3.8%)   p=0.839  21.4%   19%  -2.2%
2023-07-21 17:24:11:     North Interior:  0.083   0.0175 (  21.2%)   p=0.002  60.4%   68%   7.3%
2023-07-21 17:24:11: 
2023-07-21 17:24:11: fe_scav_avg v=3 220E:   HIST       D      (D%)       p     sum_H% sum_P%   pp  
2023-07-21 17:24:11:              total:  0.143   0.0076 (   5.3%)   p<0.027
2023-07-21 17:24:11:               None:  0.190  -0.0173 (  -9.1%)   p=0.002 132.7%  115% -17.5%
2023-07-21 17:24:11:      Vitiaz Strait:  0.321  -0.0178 (  -5.5%)   p<0.001 225.0%  202% -23.2%
2023-07-21 17:24:11:     Solomon Strait:  0.187  -0.0164 (  -8.8%)   p<0.001 130.7%  113% -17.5%
2023-07-21 17:24:11:   Mindanao Current:  0.141  -0.0035 (  -2.5%)   p=0.376  98.7%   91%  -7.3%
2023-07-21 17:24:11:        Celebes Sea:  0.127  -0.0009 (  -0.7%)   p=0.635  88.6%   84%  -5.0%
2023-07-21 17:24:11:    Indonesian Seas:  0.062  -0.0140 ( -22.4%)   p=0.003  43.7%   26% -17.5%
2023-07-21 17:24:11:    Solomon Islands:  0.171  -0.0058 (  -3.4%)    p=0.11 120.1%  110%  -9.8%
2023-07-21 17:24:11:     South Interior:  0.019  -0.0008 (  -3.9%)   p=0.305  13.6%   12%  -1.2%
2023-07-21 17:24:11:     North Interior:  0.036   0.0124 (  34.6%)   p<0.001  25.1%   32%   6.9%
2023-07-21 17:24:11: 
2023-07-21 17:24:11: fe_scav_avg v=3 250E:   HIST       D      (D%)       p     sum_H% sum_P%   pp  
2023-07-21 17:24:11:              total:  0.172  -0.0029 (  -1.7%)   p=0.414
2023-07-21 17:24:11:               None:  0.196  -0.0154 (  -7.8%)   p<0.027 114.1%  106%  -8.5%
2023-07-21 17:24:11:      Vitiaz Strait:  0.345  -0.0267 (  -7.7%)   p<0.001 201.1%  189% -12.3%
2023-07-21 17:24:11:     Solomon Strait:  0.207  -0.0211 ( -10.2%)   p<0.001 120.3%  110% -10.4%
2023-07-21 17:24:11:   Mindanao Current:  0.156  -0.0118 (  -7.6%)   p=0.001  90.6%   85%  -5.4%
2023-07-21 17:24:11:        Celebes Sea:  0.145  -0.0105 (  -7.2%)   p=0.006  84.7%   80%  -4.8%
2023-07-21 17:24:11:    Indonesian Seas:  0.064  -0.0279 ( -43.7%)   p<0.001  37.3%   22% -15.4%
2023-07-21 17:24:11:    Solomon Islands:  0.192  -0.0104 (  -5.4%)   p=0.068 111.6%  107%  -4.3%
2023-07-21 17:24:11:     South Interior:  0.023   0.0007 (   3.3%)   p=0.946  13.3%   14%   0.7%
2023-07-21 17:24:11:     North Interior:  0.028   0.0078 (  28.4%)   p=0.002  16.1%   21%   4.8%
2023-07-21 17:24:11: 
2023-07-21 17:24:11: fe_phy_avg v=3 165E:   HIST       D      (D%)       p     sum_H% sum_P%   pp  
