2023-08-20 18:11:48:     u_sum v=6 165E:   HIST       D      (D%)       p     sum_H% sum_P%   pp  
2023-08-20 18:11:48:              total: 20.277   1.9650 (   9.7%)    p<0.01
2023-08-20 18:11:48:               None:  0.241  -0.0704 ( -29.3%)   p=0.002   1.2%    1%  -0.4%
2023-08-20 18:11:48:      Vitiaz Strait:  3.935   1.0398 (  26.4%)   p<0.001  19.4%   22%   3.0%
2023-08-20 18:11:48:     Solomon Strait:  5.941   2.7160 (  45.7%)   p<0.001  29.3%   39%   9.6%
2023-08-20 18:11:48:   Mindanao Current:  2.245  -0.0225 (  -1.0%)     p=1.0  11.1%   10%  -1.1%
2023-08-20 18:11:48:        Celebes Sea:  1.094   0.5353 (  48.9%)   p<0.001   5.4%    7%   1.9%
2023-08-20 18:11:48:    Indonesian Seas:  0.064   0.1918 ( 299.9%)   p<0.001   0.3%    1%   0.8%
2023-08-20 18:11:48:    Solomon Islands:  1.123   0.2329 (  20.7%)   p<0.021   5.5%    6%   0.6%
2023-08-20 18:11:48:     South Interior:  5.041  -2.4110 ( -47.8%)   p<0.001  24.9%   12% -13.0%
2023-08-20 18:11:49:     North Interior:  0.594  -0.2470 ( -41.6%)   p<0.001   2.9%    2%  -1.4%
2023-08-20 18:11:49: 
2023-08-20 18:11:49:     u_sum v=6 190E:   HIST       D      (D%)       p     sum_H% sum_P%   pp  
2023-08-20 18:11:49:              total: 27.359  -1.2660 (  -4.6%)    p=0.08
2023-08-20 18:11:49:               None:  0.735  -0.3916 ( -53.2%)   p<0.001   2.7%    1%  -1.4%
2023-08-20 18:11:49:      Vitiaz Strait:  4.592   0.5795 (  12.6%)   p=0.002  16.8%   20%   3.0%
2023-08-20 18:11:49:     Solomon Strait:  6.763   2.1425 (  31.7%)   p<0.001  24.7%   34%   9.4%
2023-08-20 18:11:49:   Mindanao Current:  3.797  -0.5077 ( -13.4%)   p=0.003  13.9%   13%  -1.3%
2023-08-20 18:11:49:        Celebes Sea:  1.418   0.5782 (  40.8%)   p<0.001   5.2%    8%   2.5%
2023-08-20 18:11:49:    Indonesian Seas:  0.040   0.1210 ( 299.0%)   p<0.001   0.1%    1%   0.5%
2023-08-20 18:11:49:    Solomon Islands:  1.150   0.0807 (   7.0%)   p=0.376   4.2%    5%   0.5%
2023-08-20 18:11:49:     South Interior:  7.505  -3.3122 ( -44.1%)   p<0.001  27.4%   16% -11.4%
2023-08-20 18:11:49:     North Interior:  1.360  -0.5562 ( -40.9%)   p<0.001   5.0%    3%  -1.9%
2023-08-20 18:11:49: 
2023-08-20 18:11:49:     u_sum v=6 220E:   HIST       D      (D%)       p     sum_H% sum_P%   pp  
2023-08-20 18:11:49:              total: 28.926  -1.8386 (  -6.4%)   p<0.001
2023-08-20 18:11:49:               None:  0.696  -0.3875 ( -55.7%)   p<0.001   2.4%    1%  -1.3%
2023-08-20 18:11:49:      Vitiaz Strait:  4.559   0.2087 (   4.6%)    p<0.04  15.8%   18%   1.8%
2023-08-20 18:11:49:     Solomon Strait:  6.949   1.5888 (  22.9%)   p<0.001  24.0%   32%   7.5%
2023-08-20 18:11:49:   Mindanao Current:  4.376  -0.7064 ( -16.1%)   p<0.001  15.1%   14%  -1.6%
2023-08-20 18:11:49:        Celebes Sea:  1.321   0.4588 (  34.7%)   p<0.001   4.6%    7%   2.0%
2023-08-20 18:11:49:    Indonesian Seas:  0.040   0.0739 ( 186.4%)   p<0.001   0.1%    0%   0.3%
2023-08-20 18:11:49:    Solomon Islands:  1.092   0.0201 (   1.8%)   p=0.735   3.8%    4%   0.3%
2023-08-20 18:11:49:     South Interior:  7.630  -2.4632 ( -32.3%)   p<0.001  26.4%   19%  -7.3%
2023-08-20 18:11:49:     North Interior:  2.263  -0.6318 ( -27.9%)   p<0.001   7.8%    6%  -1.8%
2023-08-20 18:11:49: 
2023-08-20 18:11:49:     u_sum v=6 250E:   HIST       D      (D%)       p     sum_H% sum_P%   pp  
2023-08-20 18:11:49:              total: 23.234  -2.3653 ( -10.2%)   p<0.001
2023-08-20 18:11:49:               None:  0.518  -0.1753 ( -33.8%)   p=0.005   2.2%    2%  -0.6%
2023-08-20 18:11:49:      Vitiaz Strait:  4.297  -0.3163 (  -7.4%)   p=0.001  18.5%   19%   0.6%
2023-08-20 18:11:49:     Solomon Strait:  6.652   0.6713 (  10.1%)   p<0.001  28.6%   35%   6.5%
2023-08-20 18:11:49:   Mindanao Current:  3.477  -0.7489 ( -21.5%)   p<0.001  15.0%   13%  -1.9%
2023-08-20 18:11:49:        Celebes Sea:  0.912   0.3789 (  41.5%)   p<0.001   3.9%    6%   2.3%
2023-08-20 18:11:49:    Indonesian Seas:  0.041   0.0357 (  86.1%)   p=0.005   0.2%    0%   0.2%
2023-08-20 18:11:49:    Solomon Islands:  1.004  -0.0306 (  -3.0%)   p=0.635   4.3%    5%   0.3%
2023-08-20 18:11:49:     South Interior:  4.603  -1.6008 ( -34.8%)   p<0.001  19.8%   14%  -5.4%
2023-08-20 18:11:49:     North Interior:  1.730  -0.5794 ( -33.5%)   p<0.001   7.4%    6%  -1.9%
2023-08-20 18:11:49: 
2023-08-20 18:11:49:    fe_avg v=6 165E:   HIST       D      (D%)       p     sum_H% sum_P%   pp  
2023-08-20 18:11:49:              total:  0.483   0.0800 (  16.6%)   p<0.001
2023-08-20 18:11:49:               None:  0.200  -0.0320 ( -16.0%)   p<0.001  41.3%   30% -11.1%
2023-08-20 18:11:49:      Vitiaz Strait:  0.706  -0.0025 (  -0.4%)   p=0.946 146.1%  125% -21.2%
2023-08-20 18:11:49:     Solomon Strait:  0.636   0.0134 (   2.1%)    p=0.08 131.6%  115% -16.3%
2023-08-20 18:11:49:   Mindanao Current:  0.485   0.0094 (   1.9%)   p=0.455 100.5%   88% -12.6%
2023-08-20 18:11:49:        Celebes Sea:  0.464   0.0276 (   5.9%)   p<0.033  96.1%   87%  -8.8%
2023-08-20 18:11:49:    Indonesian Seas:  0.119  -0.0264 ( -22.1%)   p<0.027  24.7%   17%  -8.1%
2023-08-20 18:11:49:    Solomon Islands:  0.628   0.0053 (   0.8%)   p=0.635 130.0%  112% -17.5%
2023-08-20 18:11:49:     South Interior:  0.124   0.0091 (   7.3%)    p=0.11  25.6%   24%  -2.1%
2023-08-20 18:11:49:     North Interior:  0.031   0.0166 (  53.4%)   p<0.001   6.4%    9%   2.3%
2023-08-20 18:11:49: 
2023-08-20 18:11:49:    fe_avg v=6 190E:   HIST       D      (D%)       p     sum_H% sum_P%   pp  
2023-08-20 18:11:49:              total:  0.404   0.0573 (  14.2%)   p<0.001
2023-08-20 18:11:49:               None:  0.228  -0.0395 ( -17.3%)   p<0.001  56.4%   41% -15.0%
2023-08-20 18:11:49:      Vitiaz Strait:  0.603   0.0029 (   0.5%)   p=0.414 149.3%  131% -17.9%
2023-08-20 18:11:49:     Solomon Strait:  0.545   0.0060 (   1.1%)   p=0.191 134.8%  119% -15.4%
2023-08-20 18:11:49:   Mindanao Current:  0.450   0.0043 (   1.0%)   p=0.216 111.3%   98% -12.9%
2023-08-20 18:11:49:        Celebes Sea:  0.451   0.0064 (   1.4%)   p=0.376 111.7%   99% -12.5%
2023-08-20 18:11:49:    Indonesian Seas:  0.180  -0.0640 ( -35.5%)   p<0.001  44.5%   26% -18.2%
2023-08-20 18:11:49:    Solomon Islands:  0.556  -0.0129 (  -2.3%)   p=0.244 137.6%  118% -19.6%
2023-08-20 18:11:49:     South Interior:  0.148  -0.0109 (  -7.3%)    p<0.04  36.7%   30%  -6.9%
2023-08-20 18:11:49:     North Interior:  0.073  -0.0175 ( -23.9%)   p<0.013  18.1%   12%  -6.2%
2023-08-20 18:11:49: 
2023-08-20 18:11:49:    fe_avg v=6 220E:   HIST       D      (D%)       p     sum_H% sum_P%   pp  
2023-08-20 18:11:49:              total:  0.392   0.0292 (   7.5%)   p<0.001
2023-08-20 18:11:49:               None:  0.247  -0.0181 (  -7.3%)   p=0.002  62.9%   54%  -8.5%
2023-08-20 18:11:49:      Vitiaz Strait:  0.562   0.0097 (   1.7%)   p=0.273 143.6%  136%  -7.7%
2023-08-20 18:11:49:     Solomon Strait:  0.513   0.0047 (   0.9%)   p=0.191 131.0%  123%  -8.0%
2023-08-20 18:11:49:   Mindanao Current:  0.438  -0.0083 (  -1.9%)   p=0.305 111.9%  102%  -9.7%
2023-08-20 18:11:49:        Celebes Sea:  0.456  -0.0071 (  -1.6%)   p=0.216 116.5%  107%  -9.8%
2023-08-20 18:11:49:    Indonesian Seas:  0.213  -0.0639 ( -30.0%)   p<0.001  54.4%   35% -19.1%
2023-08-20 18:11:49:    Solomon Islands:  0.527  -0.0102 (  -1.9%)    p=0.34 134.4%  123% -11.8%
2023-08-20 18:11:49:     South Interior:  0.191  -0.0179 (  -9.4%)   p<0.001  48.8%   41%  -7.6%
2023-08-20 18:11:50:     North Interior:  0.144  -0.0263 ( -18.2%)   p<0.001  36.9%   28%  -8.9%
2023-08-20 18:11:50: 
2023-08-20 18:11:50:    fe_avg v=6 250E:   HIST       D      (D%)       p     sum_H% sum_P%   pp  
2023-08-20 18:11:50:              total:  0.397   0.0250 (   6.3%)   p=0.001
2023-08-20 18:11:50:               None:  0.249  -0.0040 (  -1.6%)   p=0.685  62.8%   59%  -4.1%
2023-08-20 18:11:50:      Vitiaz Strait:  0.522   0.0209 (   4.0%)   p<0.027 131.6%  129%  -2.8%
2023-08-20 18:11:50:     Solomon Strait:  0.478   0.0119 (   2.5%)   p<0.048 120.5%  116%  -4.3%
2023-08-20 18:11:50:   Mindanao Current:  0.419  -0.0020 (  -0.5%)   p=0.735 105.4%   99%  -6.7%
2023-08-20 18:11:50:        Celebes Sea:  0.430   0.0054 (   1.3%)   p=0.588 108.4%  103%  -5.1%
2023-08-20 18:11:50:    Indonesian Seas:  0.213  -0.0305 ( -14.3%)   p<0.001  53.7%   39% -14.7%
2023-08-20 18:11:50:    Solomon Islands:  0.499  -0.0100 (  -2.0%)   p=0.414 125.7%  116%  -9.8%
2023-08-20 18:11:50:     South Interior:  0.205  -0.0236 ( -11.5%)   p<0.001  51.7%   43%  -8.6%
2023-08-20 18:11:50:     North Interior:  0.164  -0.0246 ( -14.9%)   p<0.001  41.4%   33%  -8.6%
2023-08-20 18:11:50: 
2023-08-20 18:11:50: fe_src_avg v=6 165E:   HIST       D      (D%)       p     sum_H% sum_P%   pp  
2023-08-20 18:11:50:              total:  0.749   0.0971 (  13.0%)   p<0.001
2023-08-20 18:11:50:               None:  0.239  -0.0000 (  -0.0%)   p=0.305  31.8%   28%  -3.7%
2023-08-20 18:11:50:      Vitiaz Strait:  1.220  -0.0000 (  -0.0%)   p=0.735 162.8%  144% -18.7%
2023-08-20 18:11:50:     Solomon Strait:  0.882  -0.0000 (  -0.0%)   p=0.946 117.7%  104% -13.5%
2023-08-20 18:11:50:   Mindanao Current:  0.755   0.0000 (   0.0%)   p=0.588 100.7%   89% -11.6%
2023-08-20 18:11:50:        Celebes Sea:  0.755  -0.0000 (  -0.0%)   p=0.244 100.7%   89% -11.6%
2023-08-20 18:11:50:    Indonesian Seas:  0.239  -0.0000 (  -0.0%)   p=0.588  31.8%   28%  -3.7%
2023-08-20 18:11:50:    Solomon Islands:  0.882   0.0000 (   0.0%)   p=0.455 117.7%  104% -13.5%
2023-08-20 18:11:50:     South Interior:  0.239   0.0000 (   0.0%)   p=0.455  31.8%   28%  -3.7%
2023-08-20 18:11:50:     North Interior:  0.239   0.0000 (   0.0%)   p=0.455  31.8%   28%  -3.7%
2023-08-20 18:11:50: 
2023-08-20 18:11:50: fe_src_avg v=6 190E:   HIST       D      (D%)       p     sum_H% sum_P%   pp  
2023-08-20 18:11:50:              total:  0.701   0.0983 (  14.0%)   p<0.001
2023-08-20 18:11:50:               None:  0.239   0.0000 (   0.0%)   p=0.168  34.1%   30%  -4.2%
2023-08-20 18:11:50:      Vitiaz Strait:  1.220   0.0000 (   0.0%)   p=0.839 174.1%  153% -21.4%
2023-08-20 18:11:50:     Solomon Strait:  0.882  -0.0000 (  -0.0%)   p=0.588 125.9%  110% -15.5%
2023-08-20 18:11:50:   Mindanao Current:  0.755  -0.0000 (  -0.0%)   p=0.168 107.7%   94% -13.3%
2023-08-20 18:11:50:        Celebes Sea:  0.755   0.0000 (   0.0%)   p=0.893 107.7%   94% -13.3%
2023-08-20 18:11:50:    Indonesian Seas:  0.239  -0.0000 (  -0.0%)   p=0.146  34.1%   30%  -4.2%
2023-08-20 18:11:50:    Solomon Islands:  0.882  -0.0000 (  -0.0%)   p=0.685 125.9%  110% -15.5%
2023-08-20 18:11:50:     South Interior:  0.239   0.0000 (   0.0%)   p=0.893  34.1%   30%  -4.2%
2023-08-20 18:11:50:     North Interior:  0.239   0.0000 (   0.0%)   p=0.787  34.1%   30%  -4.2%
2023-08-20 18:11:50: 
2023-08-20 18:11:50: fe_src_avg v=6 220E:   HIST       D      (D%)       p     sum_H% sum_P%   pp  
2023-08-20 18:11:50:              total:  0.682   0.0693 (  10.2%)   p<0.001
2023-08-20 18:11:50:               None:  0.239   0.0000 (   0.0%)   p=0.414  35.0%   32%  -3.2%
2023-08-20 18:11:50:      Vitiaz Strait:  1.220   0.0000 (   0.0%)   p=0.414 178.8%  162% -16.5%
2023-08-20 18:11:50:     Solomon Strait:  0.882   0.0000 (   0.0%)   p=0.946 129.3%  117% -11.9%
2023-08-20 18:11:50:   Mindanao Current:  0.755   0.0000 (   0.0%)   p=0.946 110.7%  100% -10.2%
2023-08-20 18:11:50:        Celebes Sea:  0.755  -0.0000 (  -0.0%)    p=0.08 110.7%  100% -10.2%
2023-08-20 18:11:50:    Indonesian Seas:  0.239  -0.0000 (  -0.0%)   p=0.946  35.0%   32%  -3.2%
2023-08-20 18:11:50:    Solomon Islands:  0.882   0.0000 (   0.0%)   p=0.414 129.3%  117% -11.9%
2023-08-20 18:11:50:     South Interior:  0.239  -0.0000 (  -0.0%)   p=0.946  35.0%   32%  -3.2%
2023-08-20 18:11:50:     North Interior:  0.239  -0.0000 (  -0.0%)   p=0.839  35.0%   32%  -3.2%
2023-08-20 18:11:50: 
2023-08-20 18:11:50: fe_src_avg v=6 250E:   HIST       D      (D%)       p     sum_H% sum_P%   pp  
2023-08-20 18:11:50:              total:  0.736   0.0468 (   6.3%)   p<0.001
2023-08-20 18:11:50:               None:  0.239  -0.0000 (  -0.0%)   p=0.497  32.4%   30%  -1.9%
2023-08-20 18:11:50:      Vitiaz Strait:  1.220  -0.0000 (  -0.0%)   p=0.168 165.6%  156%  -9.9%
2023-08-20 18:11:50:     Solomon Strait:  0.882   0.0000 (   0.0%)   p=0.787 119.7%  113%  -7.1%
2023-08-20 18:11:50:   Mindanao Current:  0.755   0.0000 (   0.0%)   p=0.168 102.5%   96%  -6.1%
2023-08-20 18:11:50:        Celebes Sea:  0.755  -0.0000 (  -0.0%)   p=0.244 102.5%   96%  -6.1%
2023-08-20 18:11:50:    Indonesian Seas:  0.239   0.0000 (   0.0%)   p=0.588  32.4%   30%  -1.9%
2023-08-20 18:11:50:    Solomon Islands:  0.882  -0.0000 (  -0.0%)   p=0.497 119.7%  113%  -7.1%
2023-08-20 18:11:50:     South Interior:  0.239  -0.0000 (  -0.0%)    p=0.08  32.4%   30%  -1.9%
2023-08-20 18:11:50:     North Interior:  0.239   0.0000 (   0.0%)   p=0.893  32.4%   30%  -1.9%
2023-08-20 18:11:50: 
2023-08-20 18:11:50: fe_flux_sum v=6 165E:   HIST       D      (D%)       p     sum_H% sum_P%   pp  
2023-08-20 18:11:50:              total:  9.472   2.6858 (  28.4%)   p<0.001
2023-08-20 18:11:50:               None:  0.048  -0.0194 ( -40.4%)   p<0.001   0.5%    0%  -0.3%
2023-08-20 18:11:50:      Vitiaz Strait:  2.772   0.7011 (  25.3%)   p<0.001  29.3%   29%  -0.7%
2023-08-20 18:11:50:     Solomon Strait:  3.766   1.8405 (  48.9%)   p<0.001  39.8%   46%   6.4%
2023-08-20 18:11:50:   Mindanao Current:  1.084  -0.0290 (  -2.7%)   p=0.735  11.4%    9%  -2.8%
2023-08-20 18:11:50:        Celebes Sea:  0.510   0.2738 (  53.7%)   p<0.001   5.4%    6%   1.1%
2023-08-20 18:11:50:    Indonesian Seas:  0.005   0.0126 ( 246.4%)   p<0.001   0.1%    0%   0.1%
2023-08-20 18:11:50:    Solomon Islands:  0.715   0.1628 (  22.8%)   p<0.017   7.6%    7%  -0.3%
2023-08-20 18:11:50:     South Interior:  0.558  -0.2552 ( -45.7%)   p<0.001   5.9%    2%  -3.4%
2023-08-20 18:11:50:     North Interior:  0.012  -0.0013 ( -10.9%)   p=0.414   0.1%    0%  -0.0%
2023-08-20 18:11:50: 
2023-08-20 18:11:50: fe_flux_sum v=6 190E:   HIST       D      (D%)       p     sum_H% sum_P%   pp  
2023-08-20 18:11:50:              total: 10.680   1.0053 (   9.4%)   p=0.008
2023-08-20 18:11:50:               None:  0.170  -0.1023 ( -60.3%)   p<0.001   1.6%    1%  -1.0%
2023-08-20 18:11:51:      Vitiaz Strait:  2.742   0.3624 (  13.2%)   p=0.005  25.7%   27%   0.9%
2023-08-20 18:11:51:     Solomon Strait:  3.669   1.2238 (  33.4%)   p<0.001  34.4%   42%   7.5%
2023-08-20 18:11:51:   Mindanao Current:  1.695  -0.2353 ( -13.9%)   p<0.021  15.9%   12%  -3.4%
2023-08-20 18:11:51:        Celebes Sea:  0.645   0.2626 (  40.8%)   p<0.001   6.0%    8%   1.7%
2023-08-20 18:11:51:    Indonesian Seas:  0.007   0.0114 ( 159.6%)   p<0.001   0.1%    0%   0.1%
2023-08-20 18:11:51:    Solomon Islands:  0.645   0.0384 (   6.0%)   p=0.455   6.0%    6%  -0.2%
2023-08-20 18:11:51:     South Interior:  1.025  -0.5011 ( -48.9%)   p<0.001   9.6%    4%  -5.1%
2023-08-20 18:11:51:     North Interior:  0.083  -0.0547 ( -65.8%)   p<0.001   0.8%    0%  -0.5%
2023-08-20 18:11:51: 
2023-08-20 18:11:51: fe_flux_sum v=6 220E:   HIST       D      (D%)       p     sum_H% sum_P%   pp  
2023-08-20 18:11:51:              total: 11.027   0.0867 (   0.8%)   p=0.588
2023-08-20 18:11:51:               None:  0.173  -0.0986 ( -57.0%)   p<0.001   1.6%    1%  -0.9%
2023-08-20 18:11:51:      Vitiaz Strait:  2.551   0.1578 (   6.2%)   p<0.048  23.1%   24%   1.2%
2023-08-20 18:11:51:     Solomon Strait:  3.557   0.8369 (  23.5%)   p<0.001  32.3%   40%   7.3%
2023-08-20 18:11:51:   Mindanao Current:  1.886  -0.3548 ( -18.8%)   p=0.001  17.1%   14%  -3.3%
2023-08-20 18:11:51:        Celebes Sea:  0.602   0.1919 (  31.9%)   p<0.001   5.5%    7%   1.7%
2023-08-20 18:11:51:    Indonesian Seas:  0.008   0.0090 ( 109.9%)   p=0.001   0.1%    0%   0.1%
2023-08-20 18:11:51:    Solomon Islands:  0.585   0.0062 (   1.1%)   p=0.588   5.3%    5%   0.0%
2023-08-20 18:11:51:     South Interior:  1.378  -0.5372 ( -39.0%)   p<0.001  12.5%    8%  -4.9%
2023-08-20 18:11:51:     North Interior:  0.285  -0.1246 ( -43.7%)   p<0.001   2.6%    1%  -1.1%
2023-08-20 18:11:51: 
2023-08-20 18:11:51: fe_flux_sum v=6 250E:   HIST       D      (D%)       p     sum_H% sum_P%   pp  
2023-08-20 18:11:51:              total:  9.054  -0.3628 (  -4.0%)   p=0.068
2023-08-20 18:11:51:               None:  0.131  -0.0354 ( -27.1%)   p<0.013   1.4%    1%  -0.3%
2023-08-20 18:11:51:      Vitiaz Strait:  2.241  -0.0808 (  -3.6%)   p=0.094  24.8%   25%   0.1%
2023-08-20 18:11:51:     Solomon Strait:  3.185   0.4128 (  13.0%)   p=0.001  35.2%   41%   6.2%
2023-08-20 18:11:51:   Mindanao Current:  1.439  -0.3196 ( -22.2%)   p<0.001  15.9%   13%  -3.0%
2023-08-20 18:11:51:        Celebes Sea:  0.396   0.1688 (  42.6%)   p<0.001   4.4%    6%   2.1%
2023-08-20 18:11:51:    Indonesian Seas:  0.009   0.0041 (  46.7%)   p<0.027   0.1%    0%   0.1%
2023-08-20 18:11:51:    Solomon Islands:  0.512  -0.0212 (  -4.1%)   p=0.542   5.7%    6%  -0.0%
2023-08-20 18:11:51:     South Interior:  0.898  -0.3830 ( -42.7%)   p<0.001   9.9%    6%  -4.0%
2023-08-20 18:11:51:     North Interior:  0.243  -0.1085 ( -44.7%)   p<0.001   2.7%    2%  -1.1%
2023-08-20 18:11:51: 
2023-08-20 18:11:51: fe_reg_avg v=6 165E:   HIST       D      (D%)       p     sum_H% sum_P%   pp  
2023-08-20 18:11:51:              total:  0.102  -0.0542 ( -53.3%)   p<0.001
2023-08-20 18:11:51:               None:  0.528  -0.1847 ( -35.0%)   p<0.001 518.7%  730% 210.8%
2023-08-20 18:11:51:      Vitiaz Strait:  0.049  -0.0130 ( -26.4%)   p<0.001  48.3%   76%  27.7%
2023-08-20 18:11:51:     Solomon Strait:  0.041  -0.0162 ( -39.5%)   p<0.001  40.3%   52%  11.9%
2023-08-20 18:11:51:   Mindanao Current:  0.102  -0.0384 ( -37.5%)   p<0.001 100.6%  134%  33.9%
2023-08-20 18:11:51:        Celebes Sea:  0.088  -0.0314 ( -35.5%)   p<0.001  86.8%  120%  33.3%
2023-08-20 18:11:51:    Indonesian Seas:  0.184  -0.0145 (  -7.9%)   p=0.168 180.8%  350% 168.8%
2023-08-20 18:11:51:    Solomon Islands:  0.039  -0.0104 ( -26.5%)   p=0.002  38.6%   61%  22.2%
2023-08-20 18:11:51:     South Interior:  0.169  -0.0820 ( -48.4%)   p<0.001 166.6%  185%  18.6%
2023-08-20 18:11:51:     North Interior:  0.552  -0.1522 ( -27.6%)   p<0.001 542.5%  840% 297.7%
2023-08-20 18:11:51: 
2023-08-20 18:11:51: fe_reg_avg v=6 190E:   HIST       D      (D%)       p     sum_H% sum_P%   pp  
2023-08-20 18:11:51:              total:  0.132  -0.0457 ( -34.6%)   p<0.001
2023-08-20 18:11:51:               None:  0.655  -0.1936 ( -29.5%)   p<0.001 496.7%  538%  41.6%
2023-08-20 18:11:51:      Vitiaz Strait:  0.080  -0.0239 ( -30.0%)   p<0.001  60.5%   65%   4.3%
2023-08-20 18:11:51:     Solomon Strait:  0.079  -0.0286 ( -36.1%)   p<0.001  59.9%   59%  -1.4%
2023-08-20 18:11:51:   Mindanao Current:  0.103  -0.0148 ( -14.3%)   p<0.021  78.2%  102%  24.2%
2023-08-20 18:11:51:        Celebes Sea:  0.084  -0.0083 (  -9.9%)   p=0.168  63.9%   88%  24.2%
2023-08-20 18:11:51:    Indonesian Seas:  0.261  -0.1023 ( -39.1%)   p<0.001 198.1%  198%   0.1%
2023-08-20 18:11:51:    Solomon Islands:  0.066  -0.0097 ( -14.8%)   p<0.017  49.7%   65%  14.8%
2023-08-20 18:11:51:     South Interior:  0.153  -0.0382 ( -25.0%)   p<0.001 115.9%  133%  17.2%
2023-08-20 18:11:51:     North Interior:  0.428   0.0428 (  10.0%)   p=0.068 324.5%  543% 218.6%
2023-08-20 18:11:51: 
2023-08-20 18:11:51: fe_reg_avg v=6 220E:   HIST       D      (D%)       p     sum_H% sum_P%   pp  
2023-08-20 18:11:51:              total:  0.107  -0.0218 ( -20.3%)   p<0.001
2023-08-20 18:11:51:               None:  0.703  -0.0668 (  -9.5%)   p=0.005 657.6%  754%  96.6%
2023-08-20 18:11:51:      Vitiaz Strait:  0.091  -0.0300 ( -33.0%)   p<0.001  85.0%   72% -13.5%
2023-08-20 18:11:51:     Solomon Strait:  0.095  -0.0362 ( -38.1%)   p<0.001  88.8%   69% -19.8%
2023-08-20 18:11:51:   Mindanao Current:  0.072   0.0048 (   6.7%)   p=0.685  66.9%   90%  22.7%
2023-08-20 18:11:51:        Celebes Sea:  0.063   0.0038 (   6.0%)   p=0.414  59.0%   78%  19.5%
2023-08-20 18:11:51:    Indonesian Seas:  0.240  -0.0473 ( -19.7%)   p=0.002 224.2%  173% -51.4%
2023-08-20 18:11:51:    Solomon Islands:  0.079  -0.0205 ( -25.9%)   p=0.008  74.1%   69%  -5.1%
2023-08-20 18:11:51:     South Interior:  0.086  -0.0026 (  -3.0%)   p=0.542  80.2%   98%  17.5%
2023-08-20 18:11:51:     North Interior:  0.175   0.0771 (  44.0%)   p<0.001 163.8%  297% 132.9%
2023-08-20 18:11:51: 
2023-08-20 18:11:51: fe_reg_avg v=6 250E:   HIST       D      (D%)       p     sum_H% sum_P%   pp  
2023-08-20 18:11:51:              total:  0.103  -0.0249 ( -24.2%)   p=0.002
2023-08-20 18:11:51:               None:  0.744  -0.0642 (  -8.6%)    p<0.01 724.3%  875% 150.7%
2023-08-20 18:11:51:      Vitiaz Strait:  0.095  -0.0385 ( -40.5%)   p<0.001  92.5%   73% -19.9%
2023-08-20 18:11:51:     Solomon Strait:  0.101  -0.0395 ( -39.2%)   p<0.001  97.9%   79% -19.4%
2023-08-20 18:11:51:   Mindanao Current:  0.066  -0.0145 ( -22.0%)   p=0.003  64.2%   66%   1.9%
2023-08-20 18:11:52:        Celebes Sea:  0.061  -0.0119 ( -19.6%)   p<0.017  59.2%   63%   3.8%
2023-08-20 18:11:52:    Indonesian Seas:  0.224  -0.1203 ( -53.6%)   p<0.001 218.5%  141% -77.2%
2023-08-20 18:11:52:    Solomon Islands:  0.089  -0.0327 ( -36.8%)   p=0.001  86.5%   72% -14.5%
2023-08-20 18:11:52:     South Interior:  0.088  -0.0014 (  -1.6%)   p=0.414  85.2%  111%  25.5%
2023-08-20 18:11:52:     North Interior:  0.119   0.0700 (  58.9%)   p<0.001 115.7%  241% 125.4%
2023-08-20 18:11:52: 
2023-08-20 18:11:52: fe_scav_avg v=6 165E:   HIST       D      (D%)       p     sum_H% sum_P%   pp  
2023-08-20 18:11:52:              total:  0.214   0.0090 (   4.2%)   p<0.033
2023-08-20 18:11:52:               None:  0.520  -0.1535 ( -29.5%)   p<0.001 242.9%  168% -74.8%
2023-08-20 18:11:52:      Vitiaz Strait:  0.478  -0.0275 (  -5.7%)   p=0.005 223.5%  202% -21.4%
2023-08-20 18:11:52:     Solomon Strait:  0.229  -0.0248 ( -10.8%)   p<0.001 107.1%   92% -15.5%
2023-08-20 18:11:52:   Mindanao Current:  0.164  -0.0287 ( -17.5%)   p<0.001  76.5%   61% -16.0%
2023-08-20 18:11:52:        Celebes Sea:  0.167  -0.0274 ( -16.4%)   p<0.001  78.1%   63% -15.5%
2023-08-20 18:11:52:    Indonesian Seas:  0.057  -0.0213 ( -37.3%)   p=0.003  26.6%   16% -10.8%
2023-08-20 18:11:52:    Solomon Islands:  0.219  -0.0160 (  -7.3%)   p=0.068 102.3%   91% -11.5%
2023-08-20 18:11:52:     South Interior:  0.029   0.0032 (  11.1%)   p=0.057  13.6%   14%   0.9%
2023-08-20 18:11:52:     North Interior:  0.031   0.0336 ( 108.7%)   p=0.002  14.4%   31%  16.2%
2023-08-20 18:11:52: 
2023-08-20 18:11:52: fe_scav_avg v=6 190E:   HIST       D      (D%)       p     sum_H% sum_P%   pp  
2023-08-20 18:11:52:              total:  0.281   0.0084 (   3.0%)    p=0.11
2023-08-20 18:11:52:               None:  0.603  -0.1494 ( -24.8%)   p<0.001 214.8%  159% -56.2%
2023-08-20 18:11:52:      Vitiaz Strait:  0.614  -0.0477 (  -7.8%)   p<0.001 218.6%  196% -22.8%
2023-08-20 18:11:52:     Solomon Strait:  0.345  -0.0381 ( -11.0%)   p<0.001 123.0%  106% -16.8%
2023-08-20 18:11:52:   Mindanao Current:  0.240  -0.0430 ( -17.9%)   p<0.001  85.6%   68% -17.3%
2023-08-20 18:11:52:        Celebes Sea:  0.224  -0.0291 ( -13.0%)   p<0.001  79.9%   68% -12.4%
2023-08-20 18:11:52:    Indonesian Seas:  0.143  -0.0997 ( -69.7%)   p<0.001  51.0%   18% -32.9%
2023-08-20 18:11:52:    Solomon Islands:  0.317  -0.0273 (  -8.6%)   p=0.006 112.7%  100% -12.6%
2023-08-20 18:11:52:     South Interior:  0.040  -0.0032 (  -8.0%)   p<0.048  14.3%   13%  -1.5%
2023-08-20 18:11:52:     North Interior:  0.057   0.0230 (  40.0%)    p<0.01  20.5%   28%   7.2%
2023-08-20 18:11:52: 
2023-08-20 18:11:52: fe_scav_avg v=6 220E:   HIST       D      (D%)       p     sum_H% sum_P%   pp  
2023-08-20 18:11:52:              total:  0.319  -0.0022 (  -0.7%)   p=0.588
2023-08-20 18:11:52:               None:  0.627  -0.0673 ( -10.7%)   p=0.001 196.5%  178% -18.5%
2023-08-20 18:11:52:      Vitiaz Strait:  0.701  -0.0584 (  -8.3%)   p<0.001 219.6%  203% -16.9%
2023-08-20 18:11:52:     Solomon Strait:  0.423  -0.0540 ( -12.8%)   p<0.001 132.7%  117% -16.1%
2023-08-20 18:11:52:   Mindanao Current:  0.305  -0.0363 ( -11.9%)   p<0.001  95.6%   85% -10.8%
2023-08-20 18:11:52:        Celebes Sea:  0.272  -0.0183 (  -6.7%)   p=0.003  85.3%   80%  -5.2%
2023-08-20 18:11:52:    Indonesian Seas:  0.180  -0.0756 ( -42.1%)   p<0.001  56.4%   24% -32.1%
2023-08-20 18:11:52:    Solomon Islands:  0.386  -0.0343 (  -8.9%)   p<0.001 121.1%  111%  -9.9%
2023-08-20 18:11:52:     South Interior:  0.045  -0.0097 ( -21.8%)   p<0.001  13.9%   11%  -3.0%
2023-08-20 18:11:52:     North Interior:  0.055   0.0118 (  21.5%)   p=0.168  17.3%   21%   3.7%
2023-08-20 18:11:52: 
2023-08-20 18:11:52: fe_scav_avg v=6 250E:   HIST       D      (D%)       p     sum_H% sum_P%   pp  
2023-08-20 18:11:52:              total:  0.399  -0.0205 (  -5.1%)   p=0.006
2023-08-20 18:11:52:               None:  0.654  -0.0531 (  -8.1%)   p<0.021 163.9%  157%  -7.0%
2023-08-20 18:11:52:      Vitiaz Strait:  0.765  -0.0738 (  -9.7%)   p<0.001 191.7%  183%  -9.1%
2023-08-20 18:11:52:     Solomon Strait:  0.480  -0.0633 ( -13.2%)   p<0.001 120.3%  110% -10.2%
2023-08-20 18:11:52:   Mindanao Current:  0.359  -0.0437 ( -12.2%)   p<0.001  89.8%   83%  -6.7%
2023-08-20 18:11:52:        Celebes Sea:  0.334  -0.0345 ( -10.3%)   p<0.001  83.8%   79%  -4.6%
2023-08-20 18:11:52:    Indonesian Seas:  0.200  -0.0942 ( -47.1%)   p<0.001  50.1%   26% -24.1%
2023-08-20 18:11:52:    Solomon Islands:  0.445  -0.0399 (  -9.0%)   p=0.005 111.6%  107%  -4.6%
2023-08-20 18:11:52:     South Interior:  0.071  -0.0055 (  -7.8%)   p=0.168  17.8%   17%  -0.5%
2023-08-20 18:11:52:     North Interior:  0.076   0.0136 (  17.9%)   p=0.057  19.0%   23%   4.3%
2023-08-20 18:11:52: 
2023-08-20 18:11:52: fe_phy_avg v=6 165E:   HIST       D      (D%)       p     sum_H% sum_P%   pp  
2023-08-20 18:11:52:              total:  0.168  -0.0534 ( -31.8%)   p<0.001
2023-08-20 18:11:52:               None:  0.041   0.0403 (  99.5%)   p=0.376  24.1%   56%  31.9%
2023-08-20 18:11:52:      Vitiaz Strait:  0.095   0.0114 (  11.9%)   p<0.017  56.7%   93%  36.4%
2023-08-20 18:11:52:     Solomon Strait:  0.063  -0.0076 ( -12.1%)   p=0.414  37.3%   48%  10.8%
2023-08-20 18:11:52:   Mindanao Current:  0.227  -0.0290 ( -12.8%)   p=0.057 135.2%  173%  37.8%
2023-08-20 18:11:52:        Celebes Sea:  0.225  -0.0376 ( -16.7%)   p<0.013 133.8%  164%  30.2%
2023-08-20 18:11:52:    Indonesian Seas:  0.365   0.0073 (   2.0%)   p=0.946 217.4%  310%  93.0%
2023-08-20 18:11:52:    Solomon Islands:  0.078  -0.0028 (  -3.6%)   p=0.893  46.7%   66%  19.7%
2023-08-20 18:11:52:     South Interior:  0.276  -0.1070 ( -38.8%)   p<0.001 164.4%  148% -15.9%
2023-08-20 18:11:52:     North Interior:  0.806  -0.1987 ( -24.7%)   p=0.002 479.7%  525%  45.5%
2023-08-20 18:11:52: 
2023-08-20 18:11:52: fe_phy_avg v=6 190E:   HIST       D      (D%)       p     sum_H% sum_P%   pp  
2023-08-20 18:11:52:              total:  0.158  -0.0125 (  -7.9%)   p=0.146
2023-08-20 18:11:52:               None:  0.038   0.0167 (  43.6%)   p=0.305  24.3%   28%   3.5%
2023-08-20 18:11:52:      Vitiaz Strait:  0.092   0.0189 (  20.6%)   p<0.013  58.1%   76%  18.0%
2023-08-20 18:11:52:     Solomon Strait:  0.075   0.0028 (   3.7%)   p=0.376  47.9%   54%   6.1%
2023-08-20 18:11:52:   Mindanao Current:  0.181   0.0242 (  13.4%)   p=0.057 114.7%  141%  26.6%
2023-08-20 18:11:52:        Celebes Sea:  0.171   0.0162 (   9.5%)   p=0.094 108.8%  129%  20.6%
2023-08-20 18:11:52:    Indonesian Seas:  0.299  -0.0130 (  -4.3%)   p=0.893 190.0%  224%  34.2%
2023-08-20 18:11:52:    Solomon Islands:  0.078   0.0310 (  39.8%)   p<0.001  49.5%   74%  24.5%
2023-08-20 18:11:53:     South Interior:  0.217  -0.0244 ( -11.3%)   p=0.414 137.5%  133%  -4.8%
2023-08-20 18:11:53:     North Interior:  0.573   0.0824 (  14.4%)   p<0.017 363.8%  451%  87.4%
2023-08-20 18:11:53: 
2023-08-20 18:11:53: fe_phy_avg v=6 220E:   HIST       D      (D%)       p     sum_H% sum_P%   pp  
2023-08-20 18:11:53:              total:  0.080   0.0275 (  34.5%)   p=0.002
2023-08-20 18:11:53:               None:  0.014   0.0209 ( 147.4%)   p=0.146  17.8%   30%  12.4%
2023-08-20 18:11:53:      Vitiaz Strait:  0.050   0.0221 (  44.0%)   p=0.003  63.1%   68%   4.5%
2023-08-20 18:11:53:     Solomon Strait:  0.042   0.0165 (  39.4%)    p<0.01  52.6%   55%   1.9%
2023-08-20 18:11:53:   Mindanao Current:  0.087   0.0552 (  63.5%)   p<0.001 109.0%  133%  23.5%
2023-08-20 18:11:53:        Celebes Sea:  0.093   0.0338 (  36.3%)   p<0.001 116.8%  118%   1.5%
2023-08-20 18:11:53:    Indonesian Seas:  0.099   0.2009 ( 202.4%)   p<0.027 124.5%  205%  81.0%
2023-08-20 18:11:53:    Solomon Islands:  0.049   0.0284 (  57.7%)   p=0.008  61.8%   72%  10.6%
2023-08-20 18:11:53:     South Interior:  0.092   0.0315 (  34.2%)   p=0.003 115.6%  115%  -0.2%
2023-08-20 18:11:53:     North Interior:  0.218   0.1203 (  55.1%)   p<0.001 273.5%  317%  43.2%
2023-08-20 18:11:53: 
2023-08-20 18:11:53: fe_phy_avg v=6 250E:   HIST       D      (D%)       p     sum_H% sum_P%   pp  
2023-08-20 18:11:53:              total:  0.041   0.0216 (  52.2%)   p<0.001
2023-08-20 18:11:53:               None:  0.012   0.0073 (  60.7%)   p=0.542  29.2%   26%  -2.8%
2023-08-20 18:11:53:      Vitiaz Strait:  0.026   0.0167 (  63.7%)   p<0.001  63.6%   68%   4.8%
2023-08-20 18:11:53:     Solomon Strait:  0.024   0.0134 (  55.0%)   p<0.001  58.9%   60%   1.1%
2023-08-20 18:11:53:   Mindanao Current:  0.044   0.0341 (  77.1%)   p<0.001 107.2%  125%  17.5%
2023-08-20 18:11:53:        Celebes Sea:  0.052   0.0204 (  39.0%)   p<0.017 126.9%  116% -11.2%
2023-08-20 18:11:53:    Indonesian Seas:  0.035   0.0180 (  51.4%)   p=0.008  85.0%  166%  80.5%
2023-08-20 18:11:53:    Solomon Islands:  0.026   0.0189 (  72.1%)   p<0.001  63.5%   72%   8.5%
2023-08-20 18:11:53:     South Interior:  0.050   0.0312 (  62.0%)   p<0.001 121.8%  130%   7.8%
2023-08-20 18:11:53:     North Interior:  0.106   0.0961 (  90.4%)   p<0.001 257.6%  326%  68.7%
2023-08-20 18:11:53: 
