2023-07-21 17:22:11:     u_sum v=0 165E:   HIST       D      (D%)       p     sum_H% sum_P%   pp  
2023-07-21 17:22:11:              total: 20.277   1.9650 (   9.7%)    p<0.01
2023-07-21 17:22:11:               None:  0.241  -0.0704 ( -29.3%)   p=0.002   1.2%    1%  -0.4%
2023-07-21 17:22:11:      Vitiaz Strait:  3.935   1.0398 (  26.4%)   p<0.001  19.4%   22%   3.0%
2023-07-21 17:22:11:     Solomon Strait:  5.941   2.7160 (  45.7%)   p<0.001  29.3%   39%   9.6%
2023-07-21 17:22:11:   Mindanao Current:  2.245  -0.0225 (  -1.0%)     p=1.0  11.1%   10%  -1.1%
2023-07-21 17:22:11:        Celebes Sea:  1.094   0.5353 (  48.9%)   p<0.001   5.4%    7%   1.9%
2023-07-21 17:22:11:    Indonesian Seas:  0.064   0.1918 ( 299.9%)   p<0.001   0.3%    1%   0.8%
2023-07-21 17:22:11:    Solomon Islands:  1.123   0.2329 (  20.7%)   p<0.021   5.5%    6%   0.6%
2023-07-21 17:22:11:     South Interior:  5.041  -2.4110 ( -47.8%)   p<0.001  24.9%   12% -13.0%
2023-07-21 17:22:11:     North Interior:  0.594  -0.2470 ( -41.6%)   p<0.001   2.9%    2%  -1.4%
2023-07-21 17:22:11: 
2023-07-21 17:22:11:     u_sum v=0 190E:   HIST       D      (D%)       p     sum_H% sum_P%   pp  
2023-07-21 17:22:11:              total: 27.359  -1.2660 (  -4.6%)    p=0.08
2023-07-21 17:22:11:               None:  0.735  -0.3916 ( -53.2%)   p<0.001   2.7%    1%  -1.4%
2023-07-21 17:22:11:      Vitiaz Strait:  4.592   0.5795 (  12.6%)   p=0.002  16.8%   20%   3.0%
2023-07-21 17:22:11:     Solomon Strait:  6.763   2.1425 (  31.7%)   p<0.001  24.7%   34%   9.4%
2023-07-21 17:22:11:   Mindanao Current:  3.797  -0.5077 ( -13.4%)   p=0.003  13.9%   13%  -1.3%
2023-07-21 17:22:11:        Celebes Sea:  1.418   0.5782 (  40.8%)   p<0.001   5.2%    8%   2.5%
2023-07-21 17:22:11:    Indonesian Seas:  0.040   0.1210 ( 299.0%)   p<0.001   0.1%    1%   0.5%
2023-07-21 17:22:11:    Solomon Islands:  1.150   0.0807 (   7.0%)   p=0.376   4.2%    5%   0.5%
2023-07-21 17:22:11:     South Interior:  7.505  -3.3122 ( -44.1%)   p<0.001  27.4%   16% -11.4%
2023-07-21 17:22:11:     North Interior:  1.360  -0.5562 ( -40.9%)   p<0.001   5.0%    3%  -1.9%
2023-07-21 17:22:11: 
2023-07-21 17:22:11:     u_sum v=0 220E:   HIST       D      (D%)       p     sum_H% sum_P%   pp  
2023-07-21 17:22:11:              total: 28.926  -1.8386 (  -6.4%)   p<0.001
2023-07-21 17:22:11:               None:  0.696  -0.3875 ( -55.7%)   p<0.001   2.4%    1%  -1.3%
2023-07-21 17:22:11:      Vitiaz Strait:  4.559   0.2087 (   4.6%)    p<0.04  15.8%   18%   1.8%
2023-07-21 17:22:11:     Solomon Strait:  6.949   1.5888 (  22.9%)   p<0.001  24.0%   32%   7.5%
2023-07-21 17:22:11:   Mindanao Current:  4.376  -0.7064 ( -16.1%)   p<0.001  15.1%   14%  -1.6%
2023-07-21 17:22:11:        Celebes Sea:  1.321   0.4588 (  34.7%)   p<0.001   4.6%    7%   2.0%
2023-07-21 17:22:11:    Indonesian Seas:  0.040   0.0739 ( 186.4%)   p<0.001   0.1%    0%   0.3%
2023-07-21 17:22:11:    Solomon Islands:  1.092   0.0201 (   1.8%)   p=0.735   3.8%    4%   0.3%
2023-07-21 17:22:11:     South Interior:  7.630  -2.4632 ( -32.3%)   p<0.001  26.4%   19%  -7.3%
2023-07-21 17:22:11:     North Interior:  2.263  -0.6318 ( -27.9%)   p<0.001   7.8%    6%  -1.8%
2023-07-21 17:22:11: 
2023-07-21 17:22:11:     u_sum v=0 250E:   HIST       D      (D%)       p     sum_H% sum_P%   pp  
2023-07-21 17:22:11:              total: 23.234  -2.3653 ( -10.2%)   p<0.001
2023-07-21 17:22:11:               None:  0.518  -0.1753 ( -33.8%)   p=0.005   2.2%    2%  -0.6%
2023-07-21 17:22:11:      Vitiaz Strait:  4.297  -0.3163 (  -7.4%)   p=0.001  18.5%   19%   0.6%
2023-07-21 17:22:11:     Solomon Strait:  6.652   0.6713 (  10.1%)   p<0.001  28.6%   35%   6.5%
2023-07-21 17:22:11:   Mindanao Current:  3.477  -0.7489 ( -21.5%)   p<0.001  15.0%   13%  -1.9%
2023-07-21 17:22:11:        Celebes Sea:  0.912   0.3789 (  41.5%)   p<0.001   3.9%    6%   2.3%
2023-07-21 17:22:11:    Indonesian Seas:  0.041   0.0357 (  86.1%)   p=0.005   0.2%    0%   0.2%
2023-07-21 17:22:11:    Solomon Islands:  1.004  -0.0306 (  -3.0%)   p=0.635   4.3%    5%   0.3%
2023-07-21 17:22:11:     South Interior:  4.603  -1.6008 ( -34.8%)   p<0.001  19.8%   14%  -5.4%
2023-07-21 17:22:11:     North Interior:  1.730  -0.5794 ( -33.5%)   p<0.001   7.4%    6%  -1.9%
2023-07-21 17:22:11: 
2023-07-21 17:22:11:    fe_avg v=0 165E:   HIST       D      (D%)       p     sum_H% sum_P%   pp  
2023-07-21 17:22:11:              total:  0.647   0.0091 (   1.4%)   p=0.094
2023-07-21 17:22:11:               None:  0.223  -0.0286 ( -12.8%)   p<0.001  34.4%   30%  -4.9%
2023-07-21 17:22:11:      Vitiaz Strait:  0.770   0.0085 (   1.1%)   p=0.305 119.1%  119%  -0.4%
2023-07-21 17:22:11:     Solomon Strait:  0.777  -0.0779 ( -10.0%)   p<0.001 120.1%  107% -13.6%
2023-07-21 17:22:11:   Mindanao Current:  0.763  -0.0421 (  -5.5%)   p<0.013 118.1%  110%  -8.1%
2023-07-21 17:22:11:        Celebes Sea:  0.704  -0.0132 (  -1.9%)   p=0.455 108.9%  105%  -3.6%
2023-07-21 17:22:11:    Indonesian Seas:  0.260   0.0238 (   9.1%)   p=0.497  40.3%   43%   2.6%
2023-07-21 17:22:11:    Solomon Islands:  0.751  -0.0981 ( -13.1%)   p<0.001 116.1%  100% -16.5%
2023-07-21 17:22:11:     South Interior:  0.305  -0.0665 ( -21.8%)   p<0.001  47.1%   36% -10.8%
2023-07-21 17:22:12:     North Interior:  0.475  -0.1156 ( -24.3%)   p<0.001  73.5%   54% -19.5%
2023-07-21 17:22:12: 
2023-07-21 17:22:12:    fe_avg v=0 190E:   HIST       D      (D%)       p     sum_H% sum_P%   pp  
2023-07-21 17:22:12:              total:  0.543   0.0298 (   5.5%)    p<0.01
2023-07-21 17:22:12:               None:  0.244  -0.0320 ( -13.1%)   p<0.001  44.9%   37%  -8.2%
2023-07-21 17:22:12:      Vitiaz Strait:  0.675   0.0148 (   2.2%)   p=0.008 124.3%  120%  -3.9%
2023-07-21 17:22:12:     Solomon Strait:  0.667  -0.0534 (  -8.0%)   p<0.001 122.8%  107% -15.7%
2023-07-21 17:22:12:   Mindanao Current:  0.674   0.0021 (   0.3%)   p=0.946 124.2%  118%  -6.1%
2023-07-21 17:22:12:        Celebes Sea:  0.652   0.0018 (   0.3%)   p=0.893 120.1%  114%  -5.9%
2023-07-21 17:22:12:    Indonesian Seas:  0.275  -0.0020 (  -0.7%)   p=0.735  50.6%   47%  -4.0%
2023-07-21 17:22:12:    Solomon Islands:  0.673  -0.0703 ( -10.4%)   p<0.001 123.9%  105% -18.5%
2023-07-21 17:22:12:     South Interior:  0.277  -0.0331 ( -11.9%)   p<0.021  51.1%   43%  -8.4%
2023-07-21 17:22:12:     North Interior:  0.373   0.0400 (  10.7%)   p=0.542  68.8%   72%   3.4%
2023-07-21 17:22:12: 
2023-07-21 17:22:12:    fe_avg v=0 220E:   HIST       D      (D%)       p     sum_H% sum_P%   pp  
2023-07-21 17:22:12:              total:  0.493   0.0182 (   3.7%)   p<0.013
2023-07-21 17:22:12:               None:  0.258  -0.0163 (  -6.3%)   p=0.002  52.3%   47%  -5.0%
2023-07-21 17:22:12:      Vitiaz Strait:  0.624   0.0136 (   2.2%)    p=0.08 126.6%  125%  -1.8%
2023-07-21 17:22:12:     Solomon Strait:  0.619  -0.0410 (  -6.6%)   p<0.001 125.7%  113% -12.5%
2023-07-21 17:22:12:   Mindanao Current:  0.616  -0.0005 (  -0.1%)   p=0.839 125.1%  121%  -4.6%
2023-07-21 17:22:12:        Celebes Sea:  0.632  -0.0103 (  -1.6%)   p=0.685 128.3%  122%  -6.6%
2023-07-21 17:22:12:    Indonesian Seas:  0.270  -0.0236 (  -8.7%)   p=0.057  54.8%   47%  -7.8%
2023-07-21 17:22:12:    Solomon Islands:  0.638  -0.0598 (  -9.4%)   p<0.001 129.5%  113% -16.3%
2023-07-21 17:22:12:     South Interior:  0.247  -0.0232 (  -9.4%)   p<0.001  50.2%   44%  -6.3%
2023-07-21 17:22:12:     North Interior:  0.265   0.0204 (   7.7%)   p=0.168  53.8%   56%   2.2%
2023-07-21 17:22:12: 
2023-07-21 17:22:12:    fe_avg v=0 250E:   HIST       D      (D%)       p     sum_H% sum_P%   pp  
2023-07-21 17:22:12:              total:  0.480   0.0170 (   3.5%)   p=0.008
2023-07-21 17:22:12:               None:  0.261  -0.0028 (  -1.1%)   p=0.635  54.4%   52%  -2.2%
2023-07-21 17:22:12:      Vitiaz Strait:  0.574   0.0205 (   3.6%)    p<0.01 119.6%  120%   0.0%
2023-07-21 17:22:12:     Solomon Strait:  0.580  -0.0262 (  -4.5%)   p<0.001 120.8%  111%  -9.4%
2023-07-21 17:22:12:   Mindanao Current:  0.569   0.0057 (   1.0%)   p=0.635 118.6%  116%  -2.9%
2023-07-21 17:22:12:        Celebes Sea:  0.585   0.0064 (   1.1%)   p=0.376 121.9%  119%  -2.8%
2023-07-21 17:22:12:    Indonesian Seas:  0.259  -0.0266 ( -10.3%)   p<0.001  53.9%   44% -10.0%
2023-07-21 17:22:12:    Solomon Islands:  0.608  -0.0561 (  -9.2%)   p<0.001 126.7%  111% -15.6%
2023-07-21 17:22:12:     South Interior:  0.238  -0.0245 ( -10.3%)   p=0.002  49.5%   43%  -6.6%
2023-07-21 17:22:12:     North Interior:  0.209   0.0101 (   4.8%)   p=0.542  43.6%   44%   0.3%
2023-07-21 17:22:12: 
2023-07-21 17:22:12: fe_src_avg v=0 165E:   HIST       D      (D%)       p     sum_H% sum_P%   pp  
2023-07-21 17:22:12:              total:  0.847   0.0173 (   2.0%)    p<0.01
2023-07-21 17:22:12:               None:  0.369  -0.0212 (  -5.7%)   p<0.001  43.6%   40%  -3.1%
2023-07-21 17:22:12:      Vitiaz Strait:  1.234  -0.0437 (  -3.5%)   p<0.001 145.8%  138%  -8.0%
2023-07-21 17:22:12:     Solomon Strait:  1.044  -0.1442 ( -13.8%)   p<0.001 123.3%  104% -19.2%
2023-07-21 17:22:12:   Mindanao Current:  1.030  -0.1162 ( -11.3%)   p<0.001 121.7%  106% -15.9%
2023-07-21 17:22:12:        Celebes Sea:  0.966  -0.0952 (  -9.9%)   p<0.001 114.1%  101% -13.3%
2023-07-21 17:22:12:    Indonesian Seas:  0.249  -0.0408 ( -16.3%)   p<0.001  29.5%   24%  -5.7%
2023-07-21 17:22:12:    Solomon Islands:  0.988  -0.1607 ( -16.3%)   p<0.001 116.6%   96% -20.9%
2023-07-21 17:22:12:     South Interior:  0.221  -0.0128 (  -5.8%)   p<0.001  26.1%   24%  -2.0%
2023-07-21 17:22:12:     North Interior:  0.195   0.0172 (   8.8%)   p=0.001  23.0%   25%   1.7%
2023-07-21 17:22:12: 
2023-07-21 17:22:12: fe_src_avg v=0 190E:   HIST       D      (D%)       p     sum_H% sum_P%   pp  
2023-07-21 17:22:12:              total:  0.805   0.0296 (   3.7%)   p=0.002
2023-07-21 17:22:12:               None:  0.378  -0.0315 (  -8.4%)   p<0.001  46.9%   42%  -4.9%
2023-07-21 17:22:12:      Vitiaz Strait:  1.250  -0.0491 (  -3.9%)   p<0.001 155.3%  144% -11.4%
2023-07-21 17:22:12:     Solomon Strait:  1.052  -0.1360 ( -12.9%)   p<0.001 130.6%  110% -20.9%
2023-07-21 17:22:12:   Mindanao Current:  1.056  -0.1010 (  -9.6%)   p<0.001 131.2%  114% -16.7%
2023-07-21 17:22:12:        Celebes Sea:  0.999  -0.0890 (  -8.9%)   p<0.001 124.0%  109% -15.1%
2023-07-21 17:22:12:    Indonesian Seas:  0.296  -0.0835 ( -28.2%)   p<0.001  36.8%   25% -12.1%
2023-07-21 17:22:12:    Solomon Islands:  1.014  -0.1626 ( -16.0%)   p<0.001 125.9%  102% -23.8%
2023-07-21 17:22:12:     South Interior:  0.220  -0.0253 ( -11.5%)   p<0.001  27.3%   23%  -4.0%
2023-07-21 17:22:12:     North Interior:  0.207   0.0000 (   0.0%)   p=0.839  25.7%   25%  -0.9%
2023-07-21 17:22:12: 
2023-07-21 17:22:12: fe_src_avg v=0 220E:   HIST       D      (D%)       p     sum_H% sum_P%   pp  
2023-07-21 17:22:12:              total:  0.803   0.0054 (   0.7%)   p=0.305
2023-07-21 17:22:12:               None:  0.383  -0.0322 (  -8.4%)   p<0.001  47.7%   44%  -3.7%
2023-07-21 17:22:12:      Vitiaz Strait:  1.254  -0.0606 (  -4.8%)   p<0.001 156.2%  148%  -8.5%
2023-07-21 17:22:12:     Solomon Strait:  1.083  -0.1320 ( -12.2%)   p<0.001 134.8%  118% -17.2%
2023-07-21 17:22:12:   Mindanao Current:  1.081  -0.0706 (  -6.5%)   p<0.001 134.5%  125%  -9.6%
2023-07-21 17:22:12:        Celebes Sea:  1.043  -0.0605 (  -5.8%)   p<0.001 129.9%  122%  -8.3%
2023-07-21 17:22:12:    Indonesian Seas:  0.313  -0.0664 ( -21.2%)   p<0.001  38.9%   29% -10.2%
2023-07-21 17:22:12:    Solomon Islands:  1.061  -0.1485 ( -14.0%)   p<0.001 132.1%  113% -19.2%
2023-07-21 17:22:13:     South Interior:  0.223  -0.0302 ( -13.6%)   p<0.001  27.8%   24%  -3.9%
2023-07-21 17:22:13:     North Interior:  0.203  -0.0069 (  -3.4%)   p<0.017  25.3%   24%  -1.1%
2023-07-21 17:22:13: 
2023-07-21 17:22:13: fe_src_avg v=0 250E:   HIST       D      (D%)       p     sum_H% sum_P%   pp  
2023-07-21 17:22:13:              total:  0.896  -0.0282 (  -3.2%)   p=0.002
2023-07-21 17:22:13:               None:  0.383  -0.0256 (  -6.7%)   p<0.001  42.7%   41%  -1.5%
2023-07-21 17:22:13:      Vitiaz Strait:  1.245  -0.0838 (  -6.7%)   p<0.001 139.1%  134%  -5.1%
2023-07-21 17:22:13:     Solomon Strait:  1.120  -0.1376 ( -12.3%)   p<0.001 125.1%  113% -11.8%
2023-07-21 17:22:13:   Mindanao Current:  1.136  -0.0645 (  -5.7%)   p<0.001 126.9%  124%  -3.3%
2023-07-21 17:22:13:        Celebes Sea:  1.125  -0.0714 (  -6.3%)   p<0.001 125.6%  121%  -4.1%
2023-07-21 17:22:13:    Indonesian Seas:  0.329  -0.0676 ( -20.5%)   p<0.001  36.8%   29%  -7.9%
2023-07-21 17:22:13:    Solomon Islands:  1.116  -0.1524 ( -13.7%)   p<0.001 124.6%  111% -13.5%
2023-07-21 17:22:13:     South Interior:  0.249  -0.0308 ( -12.3%)   p<0.001  27.9%   25%  -2.6%
2023-07-21 17:22:13:     North Interior:  0.223  -0.0077 (  -3.5%)   p=0.008  24.9%   25%  -0.3%
2023-07-21 17:22:13: 
2023-07-21 17:22:13: fe_flux_sum v=0 165E:   HIST       D      (D%)       p     sum_H% sum_P%   pp  
2023-07-21 17:22:13:              total: 12.828   1.4359 (  11.2%)   p<0.017
2023-07-21 17:22:13:               None:  0.053  -0.0209 ( -39.7%)   p<0.001   0.4%    0%  -0.2%
2023-07-21 17:22:13:      Vitiaz Strait:  3.024   0.8234 (  27.2%)   p<0.001  23.6%   27%   3.4%
2023-07-21 17:22:13:     Solomon Strait:  4.559   1.4466 (  31.7%)   p<0.001  35.5%   42%   6.6%
2023-07-21 17:22:13:   Mindanao Current:  1.715  -0.1533 (  -8.9%)   p=0.273  13.4%   11%  -2.4%
2023-07-21 17:22:13:        Celebes Sea:  0.769   0.3444 (  44.8%)   p=0.001   6.0%    8%   1.8%
2023-07-21 17:22:13:    Indonesian Seas:  0.014   0.0595 ( 413.4%)   p<0.001   0.1%    1%   0.4%
2023-07-21 17:22:13:    Solomon Islands:  0.857   0.0316 (   3.7%)   p=0.839   6.7%    6%  -0.5%
2023-07-21 17:22:13:     South Interior:  1.551  -0.9311 ( -60.0%)   p<0.001  12.1%    4%  -7.7%
2023-07-21 17:22:13:     North Interior:  0.286  -0.1642 ( -57.3%)   p<0.001   2.2%    1%  -1.4%
2023-07-21 17:22:13: 
2023-07-21 17:22:13: fe_flux_sum v=0 190E:   HIST       D      (D%)       p     sum_H% sum_P%   pp  
2023-07-21 17:22:13:              total: 14.500   0.2639 (   1.8%)   p=0.497
2023-07-21 17:22:13:               None:  0.177  -0.1053 ( -59.5%)   p<0.001   1.2%    0%  -0.7%
2023-07-21 17:22:13:      Vitiaz Strait:  3.063   0.4752 (  15.5%)   p=0.001  21.1%   24%   2.8%
2023-07-21 17:22:13:     Solomon Strait:  4.449   0.9656 (  21.7%)   p<0.001  30.7%   37%   6.0%
2023-07-21 17:22:13:   Mindanao Current:  2.546  -0.3273 ( -12.9%)   p<0.017  17.6%   15%  -2.5%
2023-07-21 17:22:13:        Celebes Sea:  0.934   0.3798 (  40.7%)   p<0.001   6.4%    9%   2.5%
2023-07-21 17:22:13:    Indonesian Seas:  0.011   0.0322 ( 293.8%)   p<0.001   0.1%    0%   0.2%
2023-07-21 17:22:13:    Solomon Islands:  0.778  -0.0295 (  -3.8%)   p=0.588   5.4%    5%  -0.3%
2023-07-21 17:22:13:     South Interior:  2.050  -0.9870 ( -48.1%)   p<0.001  14.1%    7%  -6.9%
2023-07-21 17:22:13:     North Interior:  0.494  -0.1397 ( -28.3%)   p<0.027   3.4%    2%  -1.0%
2023-07-21 17:22:13: 
2023-07-21 17:22:13: fe_flux_sum v=0 220E:   HIST       D      (D%)       p     sum_H% sum_P%   pp  
2023-07-21 17:22:13:              total: 14.074  -0.4257 (  -3.0%)   p=0.168
2023-07-21 17:22:13:               None:  0.179  -0.1035 ( -57.7%)   p<0.001   1.3%    1%  -0.7%
2023-07-21 17:22:13:      Vitiaz Strait:  2.828   0.1817 (   6.4%)   p<0.027  20.1%   22%   2.0%
2023-07-21 17:22:13:     Solomon Strait:  4.280   0.5968 (  13.9%)   p<0.001  30.4%   36%   5.3%
2023-07-21 17:22:13:   Mindanao Current:  2.686  -0.4502 ( -16.8%)   p<0.001  19.1%   16%  -2.7%
2023-07-21 17:22:13:        Celebes Sea:  0.842   0.2687 (  31.9%)   p<0.001   6.0%    8%   2.2%
2023-07-21 17:22:13:    Indonesian Seas:  0.010   0.0148 ( 142.2%)   p<0.001   0.1%    0%   0.1%
2023-07-21 17:22:13:    Solomon Islands:  0.705  -0.0577 (  -8.2%)   p=0.146   5.0%    5%  -0.3%
2023-07-21 17:22:13:     South Interior:  1.902  -0.7234 ( -38.0%)   p<0.001  13.5%    9%  -4.9%
2023-07-21 17:22:13:     North Interior:  0.641  -0.1529 ( -23.9%)   p=0.006   4.6%    4%  -1.0%
2023-07-21 17:22:13: 
2023-07-21 17:22:13: fe_flux_sum v=0 250E:   HIST       D      (D%)       p     sum_H% sum_P%   pp  
2023-07-21 17:22:13:              total: 11.024  -0.7020 (  -6.4%)    p<0.01
2023-07-21 17:22:13:               None:  0.136  -0.0414 ( -30.4%)   p=0.005   1.2%    1%  -0.3%
2023-07-21 17:22:13:      Vitiaz Strait:  2.464  -0.1012 (  -4.1%)    p=0.08  22.4%   23%   0.5%
2023-07-21 17:22:13:     Solomon Strait:  3.864   0.1998 (   5.2%)    p=0.08  35.1%   39%   4.3%
2023-07-21 17:22:13:   Mindanao Current:  1.971  -0.4098 ( -20.8%)   p=0.001  17.9%   15%  -2.8%
2023-07-21 17:22:13:        Celebes Sea:  0.541   0.2270 (  42.0%)   p<0.001   4.9%    7%   2.5%
2023-07-21 17:22:13:    Indonesian Seas:  0.010   0.0060 (  57.9%)   p<0.021   0.1%    0%   0.1%
2023-07-21 17:22:13:    Solomon Islands:  0.624  -0.0745 ( -11.9%)   p=0.057   5.7%    5%  -0.3%
2023-07-21 17:22:13:     South Interior:  1.065  -0.4253 ( -39.9%)   p<0.001   9.7%    6%  -3.5%
2023-07-21 17:22:13:     North Interior:  0.348  -0.0827 ( -23.7%)   p<0.048   3.2%    3%  -0.6%
2023-07-21 17:22:13: 
2023-07-21 17:22:13: fe_reg_avg v=0 165E:   HIST       D      (D%)       p     sum_H% sum_P%   pp  
2023-07-21 17:22:13:              total:  0.045  -0.0235 ( -52.0%)   p<0.001
2023-07-21 17:22:13:               None:  0.162  -0.0533 ( -33.0%)   p<0.001 358.0%  499% 141.4%
2023-07-21 17:22:13:      Vitiaz Strait:  0.021  -0.0044 ( -21.2%)   p=0.001  46.5%   76%  29.8%
2023-07-21 17:22:13:     Solomon Strait:  0.017  -0.0062 ( -35.7%)   p<0.001  38.2%   51%  12.9%
2023-07-21 17:22:13:   Mindanao Current:  0.047  -0.0165 ( -35.3%)   p<0.001 103.5%  139%  36.0%
2023-07-21 17:22:14:        Celebes Sea:  0.041  -0.0138 ( -33.7%)   p<0.001  91.1%  126%  35.1%
2023-07-21 17:22:14:    Indonesian Seas:  0.079   0.0009 (   1.2%)   p=0.839 174.3%  365% 190.6%
2023-07-21 17:22:14:    Solomon Islands:  0.017  -0.0039 ( -22.8%)    p<0.01  38.1%   61%  23.3%
2023-07-21 17:22:14:     South Interior:  0.078  -0.0373 ( -47.7%)   p<0.001 173.2%  190%  16.8%
2023-07-21 17:22:14:     North Interior:  0.252  -0.0735 ( -29.2%)   p<0.001 558.0%  819% 261.4%
2023-07-21 17:22:14: 
2023-07-21 17:22:14: fe_reg_avg v=0 190E:   HIST       D      (D%)       p     sum_H% sum_P%   pp  
2023-07-21 17:22:14:              total:  0.054  -0.0171 ( -31.4%)   p<0.001
2023-07-21 17:22:14:               None:  0.200  -0.0570 ( -28.5%)   p<0.001 366.8%  381%  14.3%
2023-07-21 17:22:14:      Vitiaz Strait:  0.031  -0.0069 ( -22.4%)   p<0.001  56.4%   64%   7.4%
2023-07-21 17:22:14:     Solomon Strait:  0.030  -0.0089 ( -30.0%)   p<0.001  54.7%   56%   1.2%
2023-07-21 17:22:14:   Mindanao Current:  0.045  -0.0044 (  -9.7%)   p=0.191  83.5%  110%  26.4%
2023-07-21 17:22:14:        Celebes Sea:  0.038  -0.0025 (  -6.7%)   p=0.542  70.1%   95%  25.3%
2023-07-21 17:22:14:    Indonesian Seas:  0.098  -0.0211 ( -21.6%)   p<0.027 179.1%  215%  36.3%
2023-07-21 17:22:14:    Solomon Islands:  0.026  -0.0014 (  -5.6%)   p=0.305  47.5%   65%  17.6%
2023-07-21 17:22:14:     South Interior:  0.069  -0.0166 ( -24.1%)   p<0.001 126.7%  140%  13.8%
2023-07-21 17:22:14:     North Interior:  0.189   0.0160 (   8.4%)   p=0.094 347.7%  547% 199.5%
2023-07-21 17:22:14: 
2023-07-21 17:22:14: fe_reg_avg v=0 220E:   HIST       D      (D%)       p     sum_H% sum_P%   pp  
2023-07-21 17:22:14:              total:  0.041  -0.0052 ( -12.6%)   p<0.027
2023-07-21 17:22:14:               None:  0.213  -0.0182 (  -8.6%)    p<0.01 518.8%  547%  27.9%
2023-07-21 17:22:14:      Vitiaz Strait:  0.032  -0.0072 ( -22.7%)   p=0.002  77.7%   69%  -9.0%
2023-07-21 17:22:14:     Solomon Strait:  0.033  -0.0096 ( -29.2%)   p<0.001  79.7%   65% -15.1%
2023-07-21 17:22:14:   Mindanao Current:  0.031   0.0054 (  17.6%)   p<0.048  74.3%  100%  25.6%
2023-07-21 17:22:14:        Celebes Sea:  0.028   0.0034 (  12.3%)   p=0.068  67.2%   86%  19.1%
2023-07-21 17:22:14:    Indonesian Seas:  0.081   0.0012 (   1.5%)    p=0.11 198.3%  186% -11.9%
2023-07-21 17:22:14:    Solomon Islands:  0.028  -0.0036 ( -12.8%)   p=0.168  68.8%   69%  -0.1%
2023-07-21 17:22:14:     South Interior:  0.038   0.0003 (   0.7%)   p=0.893  92.4%  106%  14.0%
2023-07-21 17:22:14:     North Interior:  0.077   0.0319 (  41.5%)   p<0.001 187.2%  304% 116.4%
2023-07-21 17:22:14: 
2023-07-21 17:22:14: fe_reg_avg v=0 250E:   HIST       D      (D%)       p     sum_H% sum_P%   pp  
2023-07-21 17:22:14:              total:  0.038  -0.0046 ( -12.2%)   p<0.027
2023-07-21 17:22:14:               None:  0.227  -0.0175 (  -7.7%)   p<0.017 597.8%  628%  30.0%
2023-07-21 17:22:14:      Vitiaz Strait:  0.034  -0.0085 ( -25.2%)   p<0.001  88.3%   75% -13.1%
2023-07-21 17:22:14:     Solomon Strait:  0.036  -0.0090 ( -25.3%)   p<0.001  93.7%   80% -14.0%
2023-07-21 17:22:14:   Mindanao Current:  0.027  -0.0006 (  -2.2%)   p=0.588  70.9%   79%   8.1%
2023-07-21 17:22:14:        Celebes Sea:  0.026  -0.0011 (  -4.5%)   p=0.216  67.2%   73%   5.9%
2023-07-21 17:22:14:    Indonesian Seas:  0.075  -0.0337 ( -45.0%)   p=0.005 197.3%  144% -53.5%
2023-07-21 17:22:14:    Solomon Islands:  0.032  -0.0059 ( -18.4%)   p<0.017  84.1%   78%  -6.0%
2023-07-21 17:22:14:     South Interior:  0.036   0.0028 (   7.8%)   p=0.376  94.4%  116%  21.5%
2023-07-21 17:22:14:     North Interior:  0.049   0.0280 (  56.6%)   p<0.001 130.1%  232% 101.5%
2023-07-21 17:22:14: 
2023-07-21 17:22:14: fe_scav_avg v=0 165E:   HIST       D      (D%)       p     sum_H% sum_P%   pp  
2023-07-21 17:22:14:              total:  0.138  -0.0150 ( -10.8%)   p<0.001
2023-07-21 17:22:14:               None:  0.226  -0.0487 ( -21.5%)   p<0.001 163.7%  145% -18.2%
2023-07-21 17:22:14:      Vitiaz Strait:  0.242  -0.0234 (  -9.7%)   p<0.001 175.3%  178%   2.3%
2023-07-21 17:22:14:     Solomon Strait:  0.149  -0.0379 ( -25.5%)   p<0.001 107.4%   90% -17.7%
2023-07-21 17:22:14:   Mindanao Current:  0.167  -0.0449 ( -26.9%)   p<0.001 120.6%   99% -21.7%
2023-07-21 17:22:14:        Celebes Sea:  0.155  -0.0426 ( -27.5%)   p<0.001 111.9%   91% -20.9%
2023-07-21 17:22:14:    Indonesian Seas:  0.043  -0.0133 ( -30.7%)   p=0.002  31.2%   24%  -7.5%
2023-07-21 17:22:14:    Solomon Islands:  0.131  -0.0313 ( -23.9%)   p=0.001  94.5%   80% -14.0%
2023-07-21 17:22:14:     South Interior:  0.031  -0.0073 ( -23.8%)   p<0.001  22.1%   19%  -3.2%
2023-07-21 17:22:14:     North Interior:  0.107  -0.0058 (  -5.4%)   p=0.588  77.3%   84%   6.4%
2023-07-21 17:22:14: 
2023-07-21 17:22:14: fe_scav_avg v=0 190E:   HIST       D      (D%)       p     sum_H% sum_P%   pp  
2023-07-21 17:22:14:              total:  0.172  -0.0073 (  -4.2%)   p<0.048
2023-07-21 17:22:14:               None:  0.252  -0.0523 ( -20.8%)   p<0.001 146.2%  122% -23.9%
2023-07-21 17:22:14:      Vitiaz Strait:  0.308  -0.0326 ( -10.6%)   p<0.001 178.7%  167% -11.9%
2023-07-21 17:22:14:     Solomon Strait:  0.215  -0.0450 ( -20.9%)   p<0.001 125.0%  103% -21.8%
2023-07-21 17:22:14:   Mindanao Current:  0.217  -0.0421 ( -19.4%)   p<0.001 126.1%  106% -19.9%
2023-07-21 17:22:14:        Celebes Sea:  0.188  -0.0311 ( -16.5%)   p<0.001 109.3%   95% -14.0%
2023-07-21 17:22:14:    Indonesian Seas:  0.080  -0.0467 ( -58.7%)   p<0.001  46.2%   21% -25.5%
2023-07-21 17:22:14:    Solomon Islands:  0.188  -0.0414 ( -22.0%)   p<0.001 109.0%   89% -20.2%
2023-07-21 17:22:14:     South Interior:  0.027  -0.0016 (  -6.1%)   p=0.191  15.5%   15%  -0.3%
2023-07-21 17:22:14:     North Interior:  0.072   0.0251 (  34.8%)   p=0.002  41.9%   59%  16.7%
2023-07-21 17:22:14: 
2023-07-21 17:22:14: fe_scav_avg v=0 220E:   HIST       D      (D%)       p     sum_H% sum_P%   pp  
2023-07-21 17:22:14:              total:  0.190  -0.0128 (  -6.7%)   p<0.001
2023-07-21 17:22:14:               None:  0.258  -0.0312 ( -12.1%)   p<0.001 135.6%  129%  -6.2%
2023-07-21 17:22:14:      Vitiaz Strait:  0.342  -0.0457 ( -13.3%)   p<0.001 180.2%  167% -12.8%
2023-07-21 17:22:14:     Solomon Strait:  0.261  -0.0556 ( -21.3%)   p<0.001 137.4%  116% -21.5%
2023-07-21 17:22:14:   Mindanao Current:  0.253  -0.0309 ( -12.2%)   p<0.001 133.0%  125%  -7.9%
2023-07-21 17:22:14:        Celebes Sea:  0.222  -0.0218 (  -9.9%)   p<0.001 116.6%  113%  -3.8%
2023-07-21 17:22:15:    Indonesian Seas:  0.088  -0.0381 ( -43.1%)   p<0.001  46.5%   22% -24.7%
2023-07-21 17:22:15:    Solomon Islands:  0.235  -0.0477 ( -20.3%)   p<0.001 123.5%  106% -17.9%
2023-07-21 17:22:15:     South Interior:  0.020  -0.0044 ( -21.6%)   p<0.001  10.8%    9%  -1.7%
2023-07-21 17:22:15:     North Interior:  0.035   0.0096 (  27.5%)   p=0.005  18.3%   25%   6.6%
2023-07-21 17:22:15: 
2023-07-21 17:22:15: fe_scav_avg v=0 250E:   HIST       D      (D%)       p     sum_H% sum_P%   pp  
2023-07-21 17:22:15:              total:  0.234  -0.0290 ( -12.4%)   p<0.001
2023-07-21 17:22:15:               None:  0.263  -0.0261 (  -9.9%)   p=0.002 112.6%  115%   2.2%
2023-07-21 17:22:15:      Vitiaz Strait:  0.361  -0.0627 ( -17.4%)   p<0.001 154.3%  145%  -8.8%
2023-07-21 17:22:15:     Solomon Strait:  0.298  -0.0660 ( -22.2%)   p<0.001 127.4%  113% -14.2%
2023-07-21 17:22:15:   Mindanao Current:  0.297  -0.0418 ( -14.1%)   p<0.001 127.0%  125%  -2.4%
2023-07-21 17:22:15:        Celebes Sea:  0.280  -0.0405 ( -14.5%)   p<0.001 119.6%  117%  -2.8%
2023-07-21 17:22:15:    Indonesian Seas:  0.097  -0.0502 ( -52.0%)   p<0.001  41.3%   21% -20.7%
2023-07-21 17:22:15:    Solomon Islands:  0.278  -0.0573 ( -20.6%)   p<0.001 118.8%  108% -11.2%
2023-07-21 17:22:15:     South Interior:  0.028  -0.0033 ( -11.7%)   p=0.068  12.2%   12%   0.1%
2023-07-21 17:22:15:     North Interior:  0.030   0.0074 (  24.5%)   p<0.033  13.0%   18%   5.1%
2023-07-21 17:22:15: 
2023-07-21 17:22:15: fe_phy_avg v=0 165E:   HIST       D      (D%)       p     sum_H% sum_P%   pp  
2023-07-21 17:22:15:              total:  0.008  -0.0058 ( -72.9%)   p<0.033
2023-07-21 17:22:15:               None:  0.004  -0.0026 ( -65.2%)   p=0.006  49.2%    7% -42.4%
2023-07-21 17:22:15:      Vitiaz Strait:  0.013  -0.0099 ( -75.8%)   p<0.033 164.0%  146% -17.8%
2023-07-21 17:22:15:     Solomon Strait:  0.003  -0.0019 ( -68.0%)   p<0.041  34.4%   41%   6.3%
2023-07-21 17:22:15:   Mindanao Current:  0.017  -0.0123 ( -73.9%)   p<0.021 209.0%  201%  -7.7%
2023-07-21 17:22:15:        Celebes Sea:  0.018  -0.0136 ( -73.7%)   p<0.041 232.8%  226%  -7.3%
2023-07-21 17:22:15:    Indonesian Seas:  0.059  -0.0595 (-100.8%)   p<0.021 744.1%  271% -472.8%
2023-07-21 17:22:15:    Solomon Islands:  0.005  -0.0044 ( -82.6%)   p=0.006  66.5%   43% -23.9%
2023-07-21 17:22:15:     South Interior:  0.006  -0.0033 ( -58.4%)   p=0.091  71.9%  111%  39.3%
2023-07-21 17:22:15:     North Interior:  0.006  -0.0037 ( -65.3%)   p=0.131  71.7%   81%   9.2%
2023-07-21 17:22:15: 
2023-07-21 17:22:15: fe_phy_avg v=0 190E:   HIST       D      (D%)       p     sum_H% sum_P%   pp  
2023-07-21 17:22:15:              total:  0.014  -0.0112 ( -78.1%)   p=0.005
2023-07-21 17:22:15:               None:  0.009  -0.0020 ( -23.4%)   p<0.017  59.5%   95%  35.5%
2023-07-21 17:22:15:      Vitiaz Strait:  0.013  -0.0091 ( -70.5%)   p=0.006  89.5%  121%  31.1%
2023-07-21 17:22:15:     Solomon Strait:  0.008  -0.0061 ( -78.4%)   p=0.006  53.9%   53%  -0.6%
2023-07-21 17:22:15:   Mindanao Current:  0.022  -0.0163 ( -75.3%)   p=0.001 150.3%  170%  19.4%
2023-07-21 17:22:15:        Celebes Sea:  0.024  -0.0175 ( -73.1%)   p=0.002 166.5%  205%  38.4%
2023-07-21 17:22:15:    Indonesian Seas:  0.071  -0.0736 (-103.0%)   p<0.013 497.0%  307% -189.7%
2023-07-21 17:22:15:    Solomon Islands:  0.009  -0.0065 ( -71.2%)   p<0.017  63.7%   73%   9.4%
2023-07-21 17:22:15:     South Interior:  0.014  -0.0118 ( -82.6%)   p=0.003  99.4%   80% -19.9%
2023-07-21 17:22:15:     North Interior:  0.035  -0.0330 ( -95.1%)   p<0.001 241.2%   56% -185.3%
2023-07-21 17:22:15: 
2023-07-21 17:22:15: fe_phy_avg v=0 220E:   HIST       D      (D%)       p     sum_H% sum_P%   pp  
2023-07-21 17:22:15:              total:  0.006   0.0016 (  27.0%)    p=0.34
2023-07-21 17:22:15:               None:  0.002   0.0015 (  70.8%)   p=0.735  36.3%   46%   9.3%
2023-07-21 17:22:15:      Vitiaz Strait:  0.006   0.0004 (   6.4%)   p=0.376  92.3%   77% -14.9%
2023-07-21 17:22:15:     Solomon Strait:  0.004   0.0007 (  20.8%)   p=0.588  59.9%   57%  -2.9%
2023-07-21 17:22:15:   Mindanao Current:  0.011   0.0011 (  10.2%)   p=0.376 177.0%  154% -23.4%
2023-07-21 17:22:15:        Celebes Sea:  0.012   0.0001 (   1.0%)    p=0.34 201.9%  160% -41.5%
2023-07-21 17:22:15:    Indonesian Seas:  0.023   0.0178 (  77.2%)   p=0.542 386.1%  332% -54.4%
2023-07-21 17:22:15:    Solomon Islands:  0.005  -0.0000 (  -1.0%)   p=0.376  80.9%   63% -17.5%
2023-07-21 17:22:15:     South Interior:  0.005   0.0016 (  30.0%)   p=0.305  89.7%   92%   2.2%
2023-07-21 17:22:15:     North Interior:  0.009   0.0107 ( 115.9%)   p=0.273 155.1%  263% 107.6%
2023-07-21 17:22:15: 
2023-07-21 17:22:15: fe_phy_avg v=0 250E:   HIST       D      (D%)       p     sum_H% sum_P%   pp  
2023-07-21 17:22:15:              total:  0.011   0.0024 (  21.0%)   p=0.542
2023-07-21 17:22:15:               None:  0.004   0.0014 (  38.6%)   p=0.946  31.6%   33%   1.5%
2023-07-21 17:22:15:      Vitiaz Strait:  0.008   0.0023 (  27.8%)    p=0.34  73.5%   78%   4.1%
2023-07-21 17:22:15:     Solomon Strait:  0.008   0.0014 (  17.9%)   p=0.414  70.2%   68%  -1.8%
2023-07-21 17:22:15:   Mindanao Current:  0.014   0.0063 (  45.6%)    p=0.08 121.7%  147%  24.8%
2023-07-21 17:22:15:        Celebes Sea:  0.016   0.0009 (   6.0%)   p=0.893 140.0%  123% -17.4%
2023-07-21 17:22:15:    Indonesian Seas:  0.008  -0.0060 ( -74.0%)    p<0.04  72.6%  170%  97.4%
2023-07-21 17:22:15:    Solomon Islands:  0.008   0.0035 (  41.9%)    p=0.11  73.4%   86%  13.0%
2023-07-21 17:22:15:     South Interior:  0.013   0.0031 (  23.1%)   p=0.497 119.0%  121%   2.1%
2023-07-21 17:22:15:     North Interior:  0.022   0.0130 (  58.4%)   p=0.216 197.1%  262%  64.8%
2023-07-21 17:22:15: 
