2023-08-20 18:10:10:     u_sum v=4 165E:   HIST       D      (D%)       p     sum_H% sum_P%   pp  
2023-08-20 18:10:10:              total: 20.277   1.9650 (   9.7%)    p<0.01
2023-08-20 18:10:10:               None:  0.241  -0.0704 ( -29.3%)   p=0.002   1.2%    1%  -0.4%
2023-08-20 18:10:10:      Vitiaz Strait:  3.935   1.0398 (  26.4%)   p<0.001  19.4%   22%   3.0%
2023-08-20 18:10:10:     Solomon Strait:  5.941   2.7160 (  45.7%)   p<0.001  29.3%   39%   9.6%
2023-08-20 18:10:10:   Mindanao Current:  2.245  -0.0225 (  -1.0%)     p=1.0  11.1%   10%  -1.1%
2023-08-20 18:10:10:        Celebes Sea:  1.094   0.5353 (  48.9%)   p<0.001   5.4%    7%   1.9%
2023-08-20 18:10:10:    Indonesian Seas:  0.064   0.1918 ( 299.9%)   p<0.001   0.3%    1%   0.8%
2023-08-20 18:10:10:    Solomon Islands:  1.123   0.2329 (  20.7%)   p<0.021   5.5%    6%   0.6%
2023-08-20 18:10:10:     South Interior:  5.041  -2.4110 ( -47.8%)   p<0.001  24.9%   12% -13.0%
2023-08-20 18:10:10:     North Interior:  0.594  -0.2470 ( -41.6%)   p<0.001   2.9%    2%  -1.4%
2023-08-20 18:10:10: 
2023-08-20 18:10:10:     u_sum v=4 190E:   HIST       D      (D%)       p     sum_H% sum_P%   pp  
2023-08-20 18:10:10:              total: 27.359  -1.2660 (  -4.6%)    p=0.08
2023-08-20 18:10:10:               None:  0.735  -0.3916 ( -53.2%)   p<0.001   2.7%    1%  -1.4%
2023-08-20 18:10:10:      Vitiaz Strait:  4.592   0.5795 (  12.6%)   p=0.002  16.8%   20%   3.0%
2023-08-20 18:10:10:     Solomon Strait:  6.763   2.1425 (  31.7%)   p<0.001  24.7%   34%   9.4%
2023-08-20 18:10:10:   Mindanao Current:  3.797  -0.5077 ( -13.4%)   p=0.003  13.9%   13%  -1.3%
2023-08-20 18:10:10:        Celebes Sea:  1.418   0.5782 (  40.8%)   p<0.001   5.2%    8%   2.5%
2023-08-20 18:10:10:    Indonesian Seas:  0.040   0.1210 ( 299.0%)   p<0.001   0.1%    1%   0.5%
2023-08-20 18:10:10:    Solomon Islands:  1.150   0.0807 (   7.0%)   p=0.376   4.2%    5%   0.5%
2023-08-20 18:10:10:     South Interior:  7.505  -3.3122 ( -44.1%)   p<0.001  27.4%   16% -11.4%
2023-08-20 18:10:11:     North Interior:  1.360  -0.5562 ( -40.9%)   p<0.001   5.0%    3%  -1.9%
2023-08-20 18:10:11: 
2023-08-20 18:10:11:     u_sum v=4 220E:   HIST       D      (D%)       p     sum_H% sum_P%   pp  
2023-08-20 18:10:11:              total: 28.926  -1.8386 (  -6.4%)   p<0.001
2023-08-20 18:10:11:               None:  0.696  -0.3875 ( -55.7%)   p<0.001   2.4%    1%  -1.3%
2023-08-20 18:10:11:      Vitiaz Strait:  4.559   0.2087 (   4.6%)    p<0.04  15.8%   18%   1.8%
2023-08-20 18:10:11:     Solomon Strait:  6.949   1.5888 (  22.9%)   p<0.001  24.0%   32%   7.5%
2023-08-20 18:10:11:   Mindanao Current:  4.376  -0.7064 ( -16.1%)   p<0.001  15.1%   14%  -1.6%
2023-08-20 18:10:11:        Celebes Sea:  1.321   0.4588 (  34.7%)   p<0.001   4.6%    7%   2.0%
2023-08-20 18:10:11:    Indonesian Seas:  0.040   0.0739 ( 186.4%)   p<0.001   0.1%    0%   0.3%
2023-08-20 18:10:11:    Solomon Islands:  1.092   0.0201 (   1.8%)   p=0.735   3.8%    4%   0.3%
2023-08-20 18:10:11:     South Interior:  7.630  -2.4632 ( -32.3%)   p<0.001  26.4%   19%  -7.3%
2023-08-20 18:10:11:     North Interior:  2.263  -0.6318 ( -27.9%)   p<0.001   7.8%    6%  -1.8%
2023-08-20 18:10:11: 
2023-08-20 18:10:11:     u_sum v=4 250E:   HIST       D      (D%)       p     sum_H% sum_P%   pp  
2023-08-20 18:10:11:              total: 23.234  -2.3653 ( -10.2%)   p<0.001
2023-08-20 18:10:11:               None:  0.518  -0.1753 ( -33.8%)   p=0.005   2.2%    2%  -0.6%
2023-08-20 18:10:11:      Vitiaz Strait:  4.297  -0.3163 (  -7.4%)   p=0.001  18.5%   19%   0.6%
2023-08-20 18:10:11:     Solomon Strait:  6.652   0.6713 (  10.1%)   p<0.001  28.6%   35%   6.5%
2023-08-20 18:10:11:   Mindanao Current:  3.477  -0.7489 ( -21.5%)   p<0.001  15.0%   13%  -1.9%
2023-08-20 18:10:11:        Celebes Sea:  0.912   0.3789 (  41.5%)   p<0.001   3.9%    6%   2.3%
2023-08-20 18:10:11:    Indonesian Seas:  0.041   0.0357 (  86.1%)   p=0.005   0.2%    0%   0.2%
2023-08-20 18:10:11:    Solomon Islands:  1.004  -0.0306 (  -3.0%)   p=0.635   4.3%    5%   0.3%
2023-08-20 18:10:11:     South Interior:  4.603  -1.6008 ( -34.8%)   p<0.001  19.8%   14%  -5.4%
2023-08-20 18:10:11:     North Interior:  1.730  -0.5794 ( -33.5%)   p<0.001   7.4%    6%  -1.9%
2023-08-20 18:10:11: 
2023-08-20 18:10:11:    fe_avg v=4 165E:   HIST       D      (D%)       p     sum_H% sum_P%   pp  
2023-08-20 18:10:11:              total:  0.531   0.0324 (   6.1%)   p=0.005
2023-08-20 18:10:11:               None:  0.205  -0.0367 ( -17.9%)   p<0.001  38.5%   30%  -8.2%
2023-08-20 18:10:11:      Vitiaz Strait:  0.692  -0.0122 (  -1.8%)   p=0.305 130.4%  121%  -9.7%
2023-08-20 18:10:11:     Solomon Strait:  0.716  -0.0728 ( -10.2%)   p<0.001 135.0%  114% -20.7%
2023-08-20 18:10:11:   Mindanao Current:  0.621  -0.0419 (  -6.7%)   p<0.017 116.9%  103% -14.2%
2023-08-20 18:10:11:        Celebes Sea:  0.560  -0.0092 (  -1.6%)   p=0.542 105.5%   98%  -7.8%
2023-08-20 18:10:11:    Indonesian Seas:  0.130  -0.0422 ( -32.5%)   p=0.002  24.5%   15%  -9.3%
2023-08-20 18:10:11:    Solomon Islands:  0.685  -0.1007 ( -14.7%)   p<0.001 129.1%  104% -25.2%
2023-08-20 18:10:11:     South Interior:  0.129  -0.0062 (  -4.8%)   p=0.376  24.4%   22%  -2.6%
2023-08-20 18:10:11:     North Interior:  0.034   0.0174 (  51.9%)   p=0.001   6.3%    9%   3.0%
2023-08-20 18:10:11: 
2023-08-20 18:10:11:    fe_avg v=4 190E:   HIST       D      (D%)       p     sum_H% sum_P%   pp  
2023-08-20 18:10:11:              total:  0.435   0.0289 (   6.6%)    p<0.01
2023-08-20 18:10:11:               None:  0.233  -0.0443 ( -19.0%)   p<0.001  53.6%   41% -12.2%
2023-08-20 18:10:11:      Vitiaz Strait:  0.594  -0.0035 (  -0.6%)   p=0.735 136.7%  127%  -9.3%
2023-08-20 18:10:11:     Solomon Strait:  0.597  -0.0538 (  -9.0%)   p<0.001 137.4%  117% -20.2%
2023-08-20 18:10:11:   Mindanao Current:  0.549  -0.0202 (  -3.7%)   p=0.094 126.3%  114% -12.2%
2023-08-20 18:10:11:        Celebes Sea:  0.533  -0.0200 (  -3.7%)   p=0.168 122.5%  111% -11.9%
2023-08-20 18:10:11:    Indonesian Seas:  0.197  -0.0903 ( -45.8%)   p<0.001  45.4%   24% -21.7%
2023-08-20 18:10:11:    Solomon Islands:  0.603  -0.0872 ( -14.5%)   p<0.001 138.8%  112% -27.1%
2023-08-20 18:10:11:     South Interior:  0.145  -0.0289 ( -19.9%)   p<0.001  33.4%   25%  -8.4%
2023-08-20 18:10:11:     North Interior:  0.068  -0.0157 ( -23.0%)   p<0.017  15.8%   11%  -4.5%
2023-08-20 18:10:11: 
2023-08-20 18:10:11:    fe_avg v=4 220E:   HIST       D      (D%)       p     sum_H% sum_P%   pp  
2023-08-20 18:10:11:              total:  0.415   0.0077 (   1.8%)   p=0.146
2023-08-20 18:10:11:               None:  0.252  -0.0221 (  -8.8%)   p=0.001  60.8%   55%  -6.0%
2023-08-20 18:10:11:      Vitiaz Strait:  0.555   0.0036 (   0.7%)   p=0.588 133.7%  132%  -1.6%
2023-08-20 18:10:11:     Solomon Strait:  0.558  -0.0424 (  -7.6%)   p<0.001 134.4%  122% -12.5%
2023-08-20 18:10:11:   Mindanao Current:  0.521  -0.0216 (  -4.1%)    p<0.04 125.6%  118%  -7.4%
2023-08-20 18:10:11:        Celebes Sea:  0.537  -0.0234 (  -4.4%)   p<0.013 129.4%  121%  -7.9%
2023-08-20 18:10:11:    Indonesian Seas:  0.232  -0.0868 ( -37.5%)   p<0.001  55.8%   34% -22.3%
2023-08-20 18:10:11:    Solomon Islands:  0.572  -0.0673 ( -11.8%)   p<0.001 137.8%  119% -18.4%
2023-08-20 18:10:11:     South Interior:  0.179  -0.0383 ( -21.5%)   p<0.001  43.0%   33%  -9.9%
2023-08-20 18:10:11:     North Interior:  0.122  -0.0295 ( -24.2%)   p<0.001  29.4%   22%  -7.6%
2023-08-20 18:10:11: 
2023-08-20 18:10:11:    fe_avg v=4 250E:   HIST       D      (D%)       p     sum_H% sum_P%   pp  
2023-08-20 18:10:11:              total:  0.425   0.0045 (   1.1%)   p=0.305
2023-08-20 18:10:11:               None:  0.256  -0.0075 (  -2.9%)   p=0.305  60.2%   59%  -1.7%
2023-08-20 18:10:11:      Vitiaz Strait:  0.516   0.0096 (   1.9%)   p=0.191 121.4%  122%   1.0%
2023-08-20 18:10:11:     Solomon Strait:  0.524  -0.0301 (  -5.7%)   p<0.001 123.3%  115%  -8.3%
2023-08-20 18:10:11:   Mindanao Current:  0.499  -0.0079 (  -1.6%)    p=0.34 117.3%  114%  -3.1%
2023-08-20 18:10:11:        Celebes Sea:  0.512  -0.0036 (  -0.7%)   p=0.542 120.5%  118%  -2.0%
2023-08-20 18:10:11:    Indonesian Seas:  0.232  -0.0468 ( -20.1%)   p<0.001  54.7%   38% -16.4%
2023-08-20 18:10:11:    Solomon Islands:  0.551  -0.0620 ( -11.2%)   p<0.001 129.6%  114% -15.8%
2023-08-20 18:10:11:     South Interior:  0.204  -0.0426 ( -20.9%)   p<0.001  48.0%   38% -10.4%
2023-08-20 18:10:11:     North Interior:  0.147  -0.0300 ( -20.4%)   p<0.001  34.6%   27%  -7.9%
2023-08-20 18:10:11: 
2023-08-20 18:10:11: fe_src_avg v=4 165E:   HIST       D      (D%)       p     sum_H% sum_P%   pp  
2023-08-20 18:10:12:              total:  0.847   0.0173 (   2.0%)    p<0.01
2023-08-20 18:10:12:               None:  0.369  -0.0212 (  -5.7%)   p<0.001  43.6%   40%  -3.1%
2023-08-20 18:10:12:      Vitiaz Strait:  1.234  -0.0437 (  -3.5%)   p<0.001 145.8%  138%  -8.0%
2023-08-20 18:10:12:     Solomon Strait:  1.044  -0.1442 ( -13.8%)   p<0.001 123.3%  104% -19.2%
2023-08-20 18:10:12:   Mindanao Current:  1.030  -0.1162 ( -11.3%)   p<0.001 121.7%  106% -15.9%
2023-08-20 18:10:12:        Celebes Sea:  0.966  -0.0952 (  -9.9%)   p<0.001 114.1%  101% -13.3%
2023-08-20 18:10:12:    Indonesian Seas:  0.249  -0.0408 ( -16.3%)   p<0.001  29.5%   24%  -5.7%
2023-08-20 18:10:12:    Solomon Islands:  0.988  -0.1607 ( -16.3%)   p<0.001 116.6%   96% -20.9%
2023-08-20 18:10:12:     South Interior:  0.221  -0.0128 (  -5.8%)   p<0.001  26.1%   24%  -2.0%
2023-08-20 18:10:12:     North Interior:  0.195   0.0172 (   8.8%)   p=0.001  23.0%   25%   1.7%
2023-08-20 18:10:12: 
2023-08-20 18:10:12: fe_src_avg v=4 190E:   HIST       D      (D%)       p     sum_H% sum_P%   pp  
2023-08-20 18:10:12:              total:  0.805   0.0296 (   3.7%)   p=0.002
2023-08-20 18:10:12:               None:  0.378  -0.0315 (  -8.4%)   p<0.001  46.9%   42%  -4.9%
2023-08-20 18:10:12:      Vitiaz Strait:  1.250  -0.0491 (  -3.9%)   p<0.001 155.3%  144% -11.4%
2023-08-20 18:10:12:     Solomon Strait:  1.052  -0.1360 ( -12.9%)   p<0.001 130.6%  110% -20.9%
2023-08-20 18:10:12:   Mindanao Current:  1.056  -0.1010 (  -9.6%)   p<0.001 131.2%  114% -16.7%
2023-08-20 18:10:12:        Celebes Sea:  0.999  -0.0890 (  -8.9%)   p<0.001 124.0%  109% -15.1%
2023-08-20 18:10:12:    Indonesian Seas:  0.296  -0.0835 ( -28.2%)   p<0.001  36.8%   25% -12.1%
2023-08-20 18:10:12:    Solomon Islands:  1.014  -0.1626 ( -16.0%)   p<0.001 125.9%  102% -23.8%
2023-08-20 18:10:12:     South Interior:  0.220  -0.0253 ( -11.5%)   p<0.001  27.3%   23%  -4.0%
2023-08-20 18:10:12:     North Interior:  0.207   0.0000 (   0.0%)   p=0.839  25.7%   25%  -0.9%
2023-08-20 18:10:12: 
2023-08-20 18:10:12: fe_src_avg v=4 220E:   HIST       D      (D%)       p     sum_H% sum_P%   pp  
2023-08-20 18:10:12:              total:  0.803   0.0054 (   0.7%)   p=0.305
2023-08-20 18:10:12:               None:  0.383  -0.0322 (  -8.4%)   p<0.001  47.7%   44%  -3.7%
2023-08-20 18:10:12:      Vitiaz Strait:  1.254  -0.0606 (  -4.8%)   p<0.001 156.2%  148%  -8.5%
2023-08-20 18:10:12:     Solomon Strait:  1.083  -0.1320 ( -12.2%)   p<0.001 134.8%  118% -17.2%
2023-08-20 18:10:12:   Mindanao Current:  1.081  -0.0706 (  -6.5%)   p<0.001 134.5%  125%  -9.6%
2023-08-20 18:10:12:        Celebes Sea:  1.043  -0.0605 (  -5.8%)   p<0.001 129.9%  122%  -8.3%
2023-08-20 18:10:12:    Indonesian Seas:  0.313  -0.0664 ( -21.2%)   p<0.001  38.9%   29% -10.2%
2023-08-20 18:10:12:    Solomon Islands:  1.061  -0.1485 ( -14.0%)   p<0.001 132.1%  113% -19.2%
2023-08-20 18:10:12:     South Interior:  0.223  -0.0302 ( -13.6%)   p<0.001  27.8%   24%  -3.9%
2023-08-20 18:10:12:     North Interior:  0.203  -0.0069 (  -3.4%)   p<0.017  25.3%   24%  -1.1%
2023-08-20 18:10:12: 
2023-08-20 18:10:12: fe_src_avg v=4 250E:   HIST       D      (D%)       p     sum_H% sum_P%   pp  
2023-08-20 18:10:12:              total:  0.896  -0.0282 (  -3.2%)   p=0.002
2023-08-20 18:10:12:               None:  0.383  -0.0256 (  -6.7%)   p<0.001  42.7%   41%  -1.5%
2023-08-20 18:10:12:      Vitiaz Strait:  1.245  -0.0838 (  -6.7%)   p<0.001 139.1%  134%  -5.1%
2023-08-20 18:10:12:     Solomon Strait:  1.120  -0.1376 ( -12.3%)   p<0.001 125.1%  113% -11.8%
2023-08-20 18:10:12:   Mindanao Current:  1.136  -0.0645 (  -5.7%)   p<0.001 126.9%  124%  -3.3%
2023-08-20 18:10:12:        Celebes Sea:  1.125  -0.0714 (  -6.3%)   p<0.001 125.6%  121%  -4.1%
2023-08-20 18:10:12:    Indonesian Seas:  0.329  -0.0676 ( -20.5%)   p<0.001  36.8%   29%  -7.9%
2023-08-20 18:10:12:    Solomon Islands:  1.116  -0.1524 ( -13.7%)   p<0.001 124.6%  111% -13.5%
2023-08-20 18:10:12:     South Interior:  0.249  -0.0308 ( -12.3%)   p<0.001  27.9%   25%  -2.6%
2023-08-20 18:10:12:     North Interior:  0.223  -0.0077 (  -3.5%)   p=0.008  24.9%   25%  -0.3%
2023-08-20 18:10:12: 
2023-08-20 18:10:12: fe_flux_sum v=4 165E:   HIST       D      (D%)       p     sum_H% sum_P%   pp  
2023-08-20 18:10:12:              total: 10.362   1.7452 (  16.8%)   p<0.001
2023-08-20 18:10:12:               None:  0.049  -0.0202 ( -41.0%)   p<0.001   0.5%    0%  -0.2%
2023-08-20 18:10:12:      Vitiaz Strait:  2.727   0.6435 (  23.6%)   p<0.001  26.3%   28%   1.5%
2023-08-20 18:10:12:     Solomon Strait:  4.225   1.3322 (  31.5%)   p<0.001  40.8%   46%   5.1%
2023-08-20 18:10:12:   Mindanao Current:  1.382  -0.1775 ( -12.8%)   p=0.094  13.3%   10%  -3.4%
2023-08-20 18:10:12:        Celebes Sea:  0.611   0.2510 (  41.1%)   p=0.003   5.9%    7%   1.2%
2023-08-20 18:10:12:    Indonesian Seas:  0.005   0.0101 ( 192.7%)   p<0.001   0.1%    0%   0.1%
2023-08-20 18:10:12:    Solomon Islands:  0.784   0.0138 (   1.8%)   p=0.946   7.6%    7%  -1.0%
2023-08-20 18:10:12:     South Interior:  0.567  -0.3050 ( -53.8%)   p<0.001   5.5%    2%  -3.3%
2023-08-20 18:10:12:     North Interior:  0.012  -0.0027 ( -21.7%)   p=0.305   0.1%    0%  -0.0%
2023-08-20 18:10:12: 
2023-08-20 18:10:12: fe_flux_sum v=4 190E:   HIST       D      (D%)       p     sum_H% sum_P%   pp  
2023-08-20 18:10:12:              total: 11.469   0.2917 (   2.5%)   p=0.376
2023-08-20 18:10:12:               None:  0.173  -0.1054 ( -60.8%)   p<0.001   1.5%    1%  -0.9%
2023-08-20 18:10:12:      Vitiaz Strait:  2.703   0.3221 (  11.9%)    p<0.01  23.6%   26%   2.2%
2023-08-20 18:10:12:     Solomon Strait:  4.009   0.8204 (  20.5%)   p<0.001  35.0%   41%   6.1%
2023-08-20 18:10:12:   Mindanao Current:  2.065  -0.3656 ( -17.7%)   p=0.005  18.0%   14%  -3.6%
2023-08-20 18:10:12:        Celebes Sea:  0.759   0.2582 (  34.0%)   p<0.001   6.6%    9%   2.0%
2023-08-20 18:10:12:    Indonesian Seas:  0.008   0.0086 ( 109.7%)   p=0.001   0.1%    0%   0.1%
2023-08-20 18:10:12:    Solomon Islands:  0.700  -0.0497 (  -7.1%)   p=0.305   6.1%    6%  -0.6%
2023-08-20 18:10:12:     South Interior:  0.976  -0.5475 ( -56.1%)   p<0.001   8.5%    4%  -4.9%
2023-08-20 18:10:12:     North Interior:  0.075  -0.0493 ( -65.5%)   p<0.001   0.7%    0%  -0.4%
2023-08-20 18:10:12: 
2023-08-20 18:10:12: fe_flux_sum v=4 220E:   HIST       D      (D%)       p     sum_H% sum_P%   pp  
2023-08-20 18:10:12:              total: 11.653  -0.4972 (  -4.3%)    p=0.11
2023-08-20 18:10:12:               None:  0.177  -0.1025 ( -57.8%)   p<0.001   1.5%    1%  -0.9%
2023-08-20 18:10:12:      Vitiaz Strait:  2.517   0.1280 (   5.1%)   p=0.094  21.6%   24%   2.1%
2023-08-20 18:10:13:     Solomon Strait:  3.868   0.5077 (  13.1%)   p<0.001  33.2%   39%   6.0%
2023-08-20 18:10:13:   Mindanao Current:  2.241  -0.4666 ( -20.8%)   p<0.001  19.2%   16%  -3.3%
2023-08-20 18:10:13:        Celebes Sea:  0.709   0.1980 (  27.9%)   p<0.001   6.1%    8%   2.0%
2023-08-20 18:10:13:    Indonesian Seas:  0.009   0.0070 (  79.2%)    p<0.01   0.1%    0%   0.1%
2023-08-20 18:10:13:    Solomon Islands:  0.635  -0.0616 (  -9.7%)   p=0.068   5.4%    5%  -0.3%
2023-08-20 18:10:13:     South Interior:  1.262  -0.5941 ( -47.1%)   p<0.001  10.8%    6%  -4.8%
2023-08-20 18:10:13:     North Interior:  0.236  -0.1132 ( -47.9%)   p<0.001   2.0%    1%  -0.9%
2023-08-20 18:10:13: 
2023-08-20 18:10:13: fe_flux_sum v=4 250E:   HIST       D      (D%)       p     sum_H% sum_P%   pp  
2023-08-20 18:10:13:              total:  9.678  -0.8294 (  -8.6%)   p=0.002
2023-08-20 18:10:13:               None:  0.135  -0.0386 ( -28.7%)    p<0.01   1.4%    1%  -0.3%
2023-08-20 18:10:13:      Vitiaz Strait:  2.214  -0.1227 (  -5.5%)   p<0.033  22.9%   24%   0.8%
2023-08-20 18:10:13:     Solomon Strait:  3.493   0.1439 (   4.1%)   p=0.191  36.1%   41%   5.0%
2023-08-20 18:10:13:   Mindanao Current:  1.715  -0.3973 ( -23.2%)   p<0.001  17.7%   15%  -2.8%
2023-08-20 18:10:13:        Celebes Sea:  0.472   0.1869 (  39.6%)   p<0.001   4.9%    7%   2.6%
2023-08-20 18:10:13:    Indonesian Seas:  0.010   0.0029 (  30.7%)    p=0.11   0.1%    0%   0.0%
2023-08-20 18:10:13:    Solomon Islands:  0.568  -0.0785 ( -13.8%)    p<0.04   5.9%    6%  -0.3%
2023-08-20 18:10:13:     South Interior:  0.869  -0.4270 ( -49.1%)   p<0.001   9.0%    5%  -4.0%
2023-08-20 18:10:13:     North Interior:  0.203  -0.0991 ( -48.9%)   p<0.001   2.1%    1%  -0.9%
2023-08-20 18:10:13: 
2023-08-20 18:10:13: fe_reg_avg v=4 165E:   HIST       D      (D%)       p     sum_H% sum_P%   pp  
2023-08-20 18:10:13:              total:  0.102  -0.0542 ( -53.3%)   p<0.001
2023-08-20 18:10:13:               None:  0.528  -0.1847 ( -35.0%)   p<0.001 518.7%  730% 210.8%
2023-08-20 18:10:13:      Vitiaz Strait:  0.049  -0.0130 ( -26.4%)   p<0.001  48.3%   76%  27.7%
2023-08-20 18:10:13:     Solomon Strait:  0.041  -0.0162 ( -39.5%)   p<0.001  40.3%   52%  11.9%
2023-08-20 18:10:13:   Mindanao Current:  0.102  -0.0384 ( -37.5%)   p<0.001 100.6%  134%  33.9%
2023-08-20 18:10:13:        Celebes Sea:  0.088  -0.0314 ( -35.5%)   p<0.001  86.8%  120%  33.3%
2023-08-20 18:10:13:    Indonesian Seas:  0.184  -0.0145 (  -7.9%)   p=0.168 180.8%  350% 168.8%
2023-08-20 18:10:13:    Solomon Islands:  0.039  -0.0104 ( -26.5%)   p=0.002  38.6%   61%  22.2%
2023-08-20 18:10:13:     South Interior:  0.169  -0.0820 ( -48.4%)   p<0.001 166.6%  185%  18.6%
2023-08-20 18:10:13:     North Interior:  0.552  -0.1522 ( -27.6%)   p<0.001 542.5%  840% 297.7%
2023-08-20 18:10:13: 
2023-08-20 18:10:13: fe_reg_avg v=4 190E:   HIST       D      (D%)       p     sum_H% sum_P%   pp  
2023-08-20 18:10:13:              total:  0.132  -0.0457 ( -34.6%)   p<0.001
2023-08-20 18:10:13:               None:  0.655  -0.1936 ( -29.5%)   p<0.001 496.7%  538%  41.6%
2023-08-20 18:10:13:      Vitiaz Strait:  0.080  -0.0239 ( -30.0%)   p<0.001  60.5%   65%   4.3%
2023-08-20 18:10:13:     Solomon Strait:  0.079  -0.0286 ( -36.1%)   p<0.001  59.9%   59%  -1.4%
2023-08-20 18:10:13:   Mindanao Current:  0.103  -0.0148 ( -14.3%)   p<0.021  78.2%  102%  24.2%
2023-08-20 18:10:13:        Celebes Sea:  0.084  -0.0083 (  -9.9%)   p=0.168  63.9%   88%  24.2%
2023-08-20 18:10:13:    Indonesian Seas:  0.261  -0.1023 ( -39.1%)   p<0.001 198.1%  198%   0.1%
2023-08-20 18:10:13:    Solomon Islands:  0.066  -0.0097 ( -14.8%)   p<0.017  49.7%   65%  14.8%
2023-08-20 18:10:13:     South Interior:  0.153  -0.0382 ( -25.0%)   p<0.001 115.9%  133%  17.2%
2023-08-20 18:10:13:     North Interior:  0.428   0.0428 (  10.0%)   p=0.068 324.5%  543% 218.6%
2023-08-20 18:10:13: 
2023-08-20 18:10:13: fe_reg_avg v=4 220E:   HIST       D      (D%)       p     sum_H% sum_P%   pp  
2023-08-20 18:10:13:              total:  0.107  -0.0218 ( -20.3%)   p<0.001
2023-08-20 18:10:13:               None:  0.703  -0.0668 (  -9.5%)   p=0.005 657.6%  754%  96.6%
2023-08-20 18:10:13:      Vitiaz Strait:  0.091  -0.0300 ( -33.0%)   p<0.001  85.0%   72% -13.5%
2023-08-20 18:10:13:     Solomon Strait:  0.095  -0.0362 ( -38.1%)   p<0.001  88.8%   69% -19.8%
2023-08-20 18:10:13:   Mindanao Current:  0.072   0.0048 (   6.7%)   p=0.685  66.9%   90%  22.7%
2023-08-20 18:10:13:        Celebes Sea:  0.063   0.0038 (   6.0%)   p=0.414  59.0%   78%  19.5%
2023-08-20 18:10:13:    Indonesian Seas:  0.240  -0.0473 ( -19.7%)   p=0.002 224.2%  173% -51.4%
2023-08-20 18:10:13:    Solomon Islands:  0.079  -0.0205 ( -25.9%)   p=0.008  74.1%   69%  -5.1%
2023-08-20 18:10:13:     South Interior:  0.086  -0.0026 (  -3.0%)   p=0.542  80.2%   98%  17.5%
2023-08-20 18:10:13:     North Interior:  0.175   0.0771 (  44.0%)   p<0.001 163.8%  297% 132.9%
2023-08-20 18:10:13: 
2023-08-20 18:10:13: fe_reg_avg v=4 250E:   HIST       D      (D%)       p     sum_H% sum_P%   pp  
2023-08-20 18:10:13:              total:  0.103  -0.0249 ( -24.2%)   p=0.002
2023-08-20 18:10:13:               None:  0.744  -0.0642 (  -8.6%)    p<0.01 724.3%  875% 150.7%
2023-08-20 18:10:13:      Vitiaz Strait:  0.095  -0.0385 ( -40.5%)   p<0.001  92.5%   73% -19.9%
2023-08-20 18:10:13:     Solomon Strait:  0.101  -0.0395 ( -39.2%)   p<0.001  97.9%   79% -19.4%
2023-08-20 18:10:13:   Mindanao Current:  0.066  -0.0145 ( -22.0%)   p=0.003  64.2%   66%   1.9%
2023-08-20 18:10:13:        Celebes Sea:  0.061  -0.0119 ( -19.6%)   p<0.017  59.2%   63%   3.8%
2023-08-20 18:10:13:    Indonesian Seas:  0.224  -0.1203 ( -53.6%)   p<0.001 218.5%  141% -77.2%
2023-08-20 18:10:13:    Solomon Islands:  0.089  -0.0327 ( -36.8%)   p=0.001  86.5%   72% -14.5%
2023-08-20 18:10:13:     South Interior:  0.088  -0.0014 (  -1.6%)   p=0.414  85.2%  111%  25.5%
2023-08-20 18:10:13:     North Interior:  0.119   0.0700 (  58.9%)   p<0.001 115.7%  241% 125.4%
2023-08-20 18:10:13: 
2023-08-20 18:10:13: fe_scav_avg v=4 165E:   HIST       D      (D%)       p     sum_H% sum_P%   pp  
2023-08-20 18:10:13:              total:  0.275  -0.0240 (  -8.7%)   p<0.001
2023-08-20 18:10:13:               None:  0.647  -0.1705 ( -26.4%)   p<0.001 235.3%  194% -41.5%
2023-08-20 18:10:13:      Vitiaz Strait:  0.507  -0.0614 ( -12.1%)   p<0.001 184.5%  178%  -6.8%
2023-08-20 18:10:13:     Solomon Strait:  0.316  -0.0797 ( -25.2%)   p<0.001 115.0%   94% -20.8%
2023-08-20 18:10:13:   Mindanao Current:  0.307  -0.0818 ( -26.6%)   p<0.001 111.8%   90% -21.9%
2023-08-20 18:10:13:        Celebes Sea:  0.291  -0.0763 ( -26.2%)   p<0.001 105.9%   86% -20.3%
2023-08-20 18:10:13:    Indonesian Seas:  0.082  -0.0441 ( -53.9%)   p<0.001  29.8%   14% -15.5%
2023-08-20 18:10:14:    Solomon Islands:  0.278  -0.0696 ( -25.1%)   p<0.001 101.0%   83% -18.2%
2023-08-20 18:10:14:     South Interior:  0.032   0.0025 (   7.9%)   p=0.168  11.7%   14%   2.1%
2023-08-20 18:10:14:     North Interior:  0.033   0.0476 ( 142.7%)   p=0.001  12.1%   34%  22.3%
2023-08-20 18:10:14: 
2023-08-20 18:10:14: fe_scav_avg v=4 190E:   HIST       D      (D%)       p     sum_H% sum_P%   pp  
2023-08-20 18:10:14:              total:  0.363  -0.0296 (  -8.1%)   p<0.001
2023-08-20 18:10:14:               None:  0.737  -0.1745 ( -23.7%)   p<0.001 203.0%  171% -31.7%
2023-08-20 18:10:14:      Vitiaz Strait:  0.655  -0.0906 ( -13.8%)   p<0.001 180.2%  169% -11.2%
2023-08-20 18:10:14:     Solomon Strait:  0.467  -0.1080 ( -23.1%)   p<0.001 128.7%  108% -21.0%
2023-08-20 18:10:14:   Mindanao Current:  0.439  -0.1099 ( -25.1%)   p<0.001 120.8%   99% -22.2%
2023-08-20 18:10:14:        Celebes Sea:  0.385  -0.0820 ( -21.3%)   p<0.001 106.1%   91% -15.2%
2023-08-20 18:10:14:    Indonesian Seas:  0.192  -0.1482 ( -77.0%)   p<0.001  53.0%   16% -37.1%
2023-08-20 18:10:14:    Solomon Islands:  0.409  -0.1083 ( -26.5%)   p<0.001 112.6%   90% -22.3%
2023-08-20 18:10:14:     South Interior:  0.044  -0.0070 ( -16.0%)   p=0.006  12.1%   11%  -1.1%
2023-08-20 18:10:14:     North Interior:  0.066   0.0291 (  44.2%)   p=0.008  18.1%   28%  10.2%
2023-08-20 18:10:14: 
2023-08-20 18:10:14: fe_scav_avg v=4 220E:   HIST       D      (D%)       p     sum_H% sum_P%   pp  
2023-08-20 18:10:14:              total:  0.420  -0.0429 ( -10.2%)   p<0.001
2023-08-20 18:10:14:               None:  0.766  -0.0946 ( -12.4%)   p=0.001 182.2%  180%  -2.2%
2023-08-20 18:10:14:      Vitiaz Strait:  0.744  -0.1133 ( -15.2%)   p<0.001 177.0%  167%  -9.9%
2023-08-20 18:10:14:     Solomon Strait:  0.581  -0.1346 ( -23.2%)   p<0.001 138.2%  118% -20.0%
2023-08-20 18:10:14:   Mindanao Current:  0.544  -0.0919 ( -16.9%)   p<0.001 129.5%  120%  -9.6%
2023-08-20 18:10:14:        Celebes Sea:  0.477  -0.0599 ( -12.6%)   p<0.001 113.5%  111%  -2.9%
2023-08-20 18:10:14:    Indonesian Seas:  0.239  -0.1171 ( -49.0%)   p<0.001  56.8%   23% -34.1%
2023-08-20 18:10:14:    Solomon Islands:  0.522  -0.1206 ( -23.1%)   p<0.001 124.1%  106% -17.7%
2023-08-20 18:10:14:     South Interior:  0.049  -0.0165 ( -33.5%)   p<0.001  11.7%    9%  -3.0%
2023-08-20 18:10:14:     North Interior:  0.059   0.0139 (  23.8%)   p=0.244  13.9%   19%   5.1%
2023-08-20 18:10:14: 
2023-08-20 18:10:14: fe_scav_avg v=4 250E:   HIST       D      (D%)       p     sum_H% sum_P%   pp  
2023-08-20 18:10:14:              total:  0.531  -0.0743 ( -14.0%)   p<0.001
2023-08-20 18:10:14:               None:  0.791  -0.0749 (  -9.5%)    p<0.01 149.0%  155%   6.4%
2023-08-20 18:10:14:      Vitiaz Strait:  0.797  -0.1464 ( -18.4%)   p<0.001 150.1%  143%  -7.6%
2023-08-20 18:10:14:     Solomon Strait:  0.673  -0.1577 ( -23.4%)   p<0.001 126.6%  113% -13.9%
2023-08-20 18:10:14:   Mindanao Current:  0.659  -0.1023 ( -15.5%)   p<0.001 124.0%  122%  -2.2%
2023-08-20 18:10:14:        Celebes Sea:  0.621  -0.0966 ( -15.6%)   p<0.001 116.8%  115%  -2.2%
2023-08-20 18:10:14:    Indonesian Seas:  0.272  -0.1428 ( -52.5%)   p<0.001  51.2%   25% -26.2%
2023-08-20 18:10:14:    Solomon Islands:  0.628  -0.1389 ( -22.1%)   p<0.001 118.3%  107% -11.2%
2023-08-20 18:10:14:     South Interior:  0.086  -0.0154 ( -17.9%)   p<0.021  16.1%   15%  -0.7%
2023-08-20 18:10:14:     North Interior:  0.085   0.0150 (  17.7%)   p=0.127  15.9%   21%   5.4%
2023-08-20 18:10:14: 
2023-08-20 18:10:14: fe_phy_avg v=4 165E:   HIST       D      (D%)       p     sum_H% sum_P%   pp  
2023-08-20 18:10:14:              total:  0.157  -0.0526 ( -33.5%)   p<0.001
2023-08-20 18:10:14:               None:  0.039   0.0409 ( 104.7%)    p=0.34  24.9%   60%  35.6%
2023-08-20 18:10:14:      Vitiaz Strait:  0.095   0.0114 (  12.0%)   p<0.017  60.3%  102%  41.3%
2023-08-20 18:10:14:     Solomon Strait:  0.058  -0.0106 ( -18.5%)    p=0.11  36.7%   45%   8.3%
2023-08-20 18:10:14:   Mindanao Current:  0.224  -0.0407 ( -18.2%)   p=0.002 142.5%  175%  32.8%
2023-08-20 18:10:14:        Celebes Sea:  0.217  -0.0471 ( -21.7%)   p=0.002 138.1%  163%  25.0%
2023-08-20 18:10:14:    Indonesian Seas:  0.340   0.0058 (   1.7%)   p=0.946 216.8%  316%  99.0%
2023-08-20 18:10:14:    Solomon Islands:  0.068  -0.0040 (  -5.8%)   p=0.735  43.5%   62%  18.5%
2023-08-20 18:10:14:     South Interior:  0.250  -0.1039 ( -41.5%)   p<0.001 159.4%  141% -18.3%
2023-08-20 18:10:14:     North Interior:  0.757  -0.1947 ( -25.7%)   p=0.002 482.4%  534%  51.3%
2023-08-20 18:10:14: 
2023-08-20 18:10:14: fe_phy_avg v=4 190E:   HIST       D      (D%)       p     sum_H% sum_P%   pp  
2023-08-20 18:10:14:              total:  0.150  -0.0146 (  -9.8%)   p=0.057
2023-08-20 18:10:14:               None:  0.038   0.0151 (  39.6%)    p=0.34  25.4%   28%   2.9%
2023-08-20 18:10:14:      Vitiaz Strait:  0.091   0.0190 (  20.9%)   p<0.013  60.6%   81%  20.6%
2023-08-20 18:10:14:     Solomon Strait:  0.072  -0.0034 (  -4.7%)   p=0.414  47.9%   51%   2.7%
2023-08-20 18:10:14:   Mindanao Current:  0.185   0.0148 (   8.0%)   p=0.244 123.4%  148%  24.3%
2023-08-20 18:10:14:        Celebes Sea:  0.173   0.0066 (   3.8%)   p=0.455 115.7%  133%  17.4%
2023-08-20 18:10:14:    Indonesian Seas:  0.291  -0.0211 (  -7.3%)     p=1.0 194.0%  226%  31.6%
2023-08-20 18:10:14:    Solomon Islands:  0.072   0.0239 (  33.4%)   p=0.002  47.8%   70%  22.0%
2023-08-20 18:10:14:     South Interior:  0.198  -0.0273 ( -13.8%)    p=0.08 132.2%  126%  -5.8%
2023-08-20 18:10:14:     North Interior:  0.538   0.0770 (  14.3%)   p<0.021 359.1%  454%  95.1%
2023-08-20 18:10:14: 
2023-08-20 18:10:14: fe_phy_avg v=4 220E:   HIST       D      (D%)       p     sum_H% sum_P%   pp  
2023-08-20 18:10:14:              total:  0.076   0.0260 (  34.1%)   p=0.002
2023-08-20 18:10:14:               None:  0.014   0.0201 ( 143.3%)   p=0.146  18.4%   31%  12.4%
2023-08-20 18:10:14:      Vitiaz Strait:  0.050   0.0224 (  45.0%)   p=0.003  65.2%   70%   5.3%
2023-08-20 18:10:14:     Solomon Strait:  0.041   0.0125 (  30.7%)    p<0.04  53.4%   52%  -1.3%
2023-08-20 18:10:14:   Mindanao Current:  0.090   0.0533 (  59.1%)   p<0.001 118.1%  140%  22.1%
2023-08-20 18:10:14:        Celebes Sea:  0.096   0.0312 (  32.4%)   p=0.001 125.8%  124%  -1.7%
2023-08-20 18:10:14:    Indonesian Seas:  0.096   0.1991 ( 207.7%)   p<0.021 125.5%  208%  82.2%
2023-08-20 18:10:14:    Solomon Islands:  0.047   0.0237 (  49.9%)    p<0.01  62.2%   70%   7.3%
2023-08-20 18:10:14:     South Interior:  0.085   0.0292 (  34.5%)   p=0.003 110.9%  111%   0.3%
2023-08-20 18:10:14:     North Interior:  0.202   0.1158 (  57.3%)   p<0.001 264.4%  311%  47.0%
2023-08-20 18:10:14: 
2023-08-20 18:10:14: fe_phy_avg v=4 250E:   HIST       D      (D%)       p     sum_H% sum_P%   pp  
2023-08-20 18:10:15:              total:  0.040   0.0210 (  52.2%)   p<0.001
2023-08-20 18:10:15:               None:  0.012   0.0072 (  59.6%)   p=0.542  29.8%   27%  -3.1%
2023-08-20 18:10:15:      Vitiaz Strait:  0.026   0.0168 (  64.7%)   p<0.001  64.4%   70%   5.3%
2023-08-20 18:10:15:     Solomon Strait:  0.024   0.0122 (  50.2%)   p<0.001  60.4%   60%  -0.8%
2023-08-20 18:10:15:   Mindanao Current:  0.046   0.0340 (  74.4%)   p<0.001 113.3%  130%  16.6%
2023-08-20 18:10:15:        Celebes Sea:  0.054   0.0201 (  37.0%)   p<0.021 134.5%  121% -13.6%
2023-08-20 18:10:15:    Indonesian Seas:  0.035   0.0154 (  44.1%)   p=0.008  86.7%  165%  78.5%
2023-08-20 18:10:15:    Solomon Islands:  0.026   0.0175 (  66.9%)   p<0.001  65.0%   72%   6.5%
2023-08-20 18:10:15:     South Interior:  0.048   0.0296 (  61.6%)   p<0.001 119.2%  127%   7.4%
2023-08-20 18:10:15:     North Interior:  0.100   0.0934 (  93.7%)   p<0.001 247.3%  319%  71.3%
2023-08-20 18:10:15: 
