2023-07-21 17:23:10:     u_sum v=2 165E:   HIST       D      (D%)       p     sum_H% sum_P%   pp  
2023-07-21 17:23:10:              total: 20.277   1.9650 (   9.7%)    p<0.01
2023-07-21 17:23:10:               None:  0.241  -0.0704 ( -29.3%)   p=0.002   1.2%    1%  -0.4%
2023-07-21 17:23:10:      Vitiaz Strait:  3.935   1.0398 (  26.4%)   p<0.001  19.4%   22%   3.0%
2023-07-21 17:23:10:     Solomon Strait:  5.941   2.7160 (  45.7%)   p<0.001  29.3%   39%   9.6%
2023-07-21 17:23:10:   Mindanao Current:  2.245  -0.0225 (  -1.0%)     p=1.0  11.1%   10%  -1.1%
2023-07-21 17:23:10:        Celebes Sea:  1.094   0.5353 (  48.9%)   p<0.001   5.4%    7%   1.9%
2023-07-21 17:23:10:    Indonesian Seas:  0.064   0.1918 ( 299.9%)   p<0.001   0.3%    1%   0.8%
2023-07-21 17:23:10:    Solomon Islands:  1.123   0.2329 (  20.7%)   p<0.021   5.5%    6%   0.6%
2023-07-21 17:23:10:     South Interior:  5.041  -2.4110 ( -47.8%)   p<0.001  24.9%   12% -13.0%
2023-07-21 17:23:10:     North Interior:  0.594  -0.2470 ( -41.6%)   p<0.001   2.9%    2%  -1.4%
2023-07-21 17:23:10: 
2023-07-21 17:23:10:     u_sum v=2 190E:   HIST       D      (D%)       p     sum_H% sum_P%   pp  
2023-07-21 17:23:10:              total: 27.359  -1.2660 (  -4.6%)    p=0.08
2023-07-21 17:23:10:               None:  0.735  -0.3916 ( -53.2%)   p<0.001   2.7%    1%  -1.4%
2023-07-21 17:23:10:      Vitiaz Strait:  4.592   0.5795 (  12.6%)   p=0.002  16.8%   20%   3.0%
2023-07-21 17:23:10:     Solomon Strait:  6.763   2.1425 (  31.7%)   p<0.001  24.7%   34%   9.4%
2023-07-21 17:23:10:   Mindanao Current:  3.797  -0.5077 ( -13.4%)   p=0.003  13.9%   13%  -1.3%
2023-07-21 17:23:10:        Celebes Sea:  1.418   0.5782 (  40.8%)   p<0.001   5.2%    8%   2.5%
2023-07-21 17:23:10:    Indonesian Seas:  0.040   0.1210 ( 299.0%)   p<0.001   0.1%    1%   0.5%
2023-07-21 17:23:10:    Solomon Islands:  1.150   0.0807 (   7.0%)   p=0.376   4.2%    5%   0.5%
2023-07-21 17:23:10:     South Interior:  7.505  -3.3122 ( -44.1%)   p<0.001  27.4%   16% -11.4%
2023-07-21 17:23:10:     North Interior:  1.360  -0.5562 ( -40.9%)   p<0.001   5.0%    3%  -1.9%
2023-07-21 17:23:10: 
2023-07-21 17:23:10:     u_sum v=2 220E:   HIST       D      (D%)       p     sum_H% sum_P%   pp  
2023-07-21 17:23:10:              total: 28.926  -1.8386 (  -6.4%)   p<0.001
2023-07-21 17:23:10:               None:  0.696  -0.3875 ( -55.7%)   p<0.001   2.4%    1%  -1.3%
2023-07-21 17:23:10:      Vitiaz Strait:  4.559   0.2087 (   4.6%)    p<0.04  15.8%   18%   1.8%
2023-07-21 17:23:10:     Solomon Strait:  6.949   1.5888 (  22.9%)   p<0.001  24.0%   32%   7.5%
2023-07-21 17:23:10:   Mindanao Current:  4.376  -0.7064 ( -16.1%)   p<0.001  15.1%   14%  -1.6%
2023-07-21 17:23:10:        Celebes Sea:  1.321   0.4588 (  34.7%)   p<0.001   4.6%    7%   2.0%
2023-07-21 17:23:10:    Indonesian Seas:  0.040   0.0739 ( 186.4%)   p<0.001   0.1%    0%   0.3%
2023-07-21 17:23:11:    Solomon Islands:  1.092   0.0201 (   1.8%)   p=0.735   3.8%    4%   0.3%
2023-07-21 17:23:11:     South Interior:  7.630  -2.4632 ( -32.3%)   p<0.001  26.4%   19%  -7.3%
2023-07-21 17:23:11:     North Interior:  2.263  -0.6318 ( -27.9%)   p<0.001   7.8%    6%  -1.8%
2023-07-21 17:23:11: 
2023-07-21 17:23:11:     u_sum v=2 250E:   HIST       D      (D%)       p     sum_H% sum_P%   pp  
2023-07-21 17:23:11:              total: 23.234  -2.3653 ( -10.2%)   p<0.001
2023-07-21 17:23:11:               None:  0.518  -0.1753 ( -33.8%)   p=0.005   2.2%    2%  -0.6%
2023-07-21 17:23:11:      Vitiaz Strait:  4.297  -0.3163 (  -7.4%)   p=0.001  18.5%   19%   0.6%
2023-07-21 17:23:11:     Solomon Strait:  6.652   0.6713 (  10.1%)   p<0.001  28.6%   35%   6.5%
2023-07-21 17:23:11:   Mindanao Current:  3.477  -0.7489 ( -21.5%)   p<0.001  15.0%   13%  -1.9%
2023-07-21 17:23:11:        Celebes Sea:  0.912   0.3789 (  41.5%)   p<0.001   3.9%    6%   2.3%
2023-07-21 17:23:11:    Indonesian Seas:  0.041   0.0357 (  86.1%)   p=0.005   0.2%    0%   0.2%
2023-07-21 17:23:11:    Solomon Islands:  1.004  -0.0306 (  -3.0%)   p=0.635   4.3%    5%   0.3%
2023-07-21 17:23:11:     South Interior:  4.603  -1.6008 ( -34.8%)   p<0.001  19.8%   14%  -5.4%
2023-07-21 17:23:11:     North Interior:  1.730  -0.5794 ( -33.5%)   p<0.001   7.4%    6%  -1.9%
2023-07-21 17:23:11: 
2023-07-21 17:23:11:    fe_avg v=2 165E:   HIST       D      (D%)       p     sum_H% sum_P%   pp  
2023-07-21 17:23:11:              total:  0.647   0.0647 (  10.0%)   p<0.001
2023-07-21 17:23:11:               None:  0.223  -0.0286 ( -12.8%)   p<0.001  34.4%   27%  -7.2%
2023-07-21 17:23:11:      Vitiaz Strait:  0.770   0.0744 (   9.7%)   p<0.001 119.1%  119%  -0.4%
2023-07-21 17:23:11:     Solomon Strait:  0.777   0.0252 (   3.2%)   p=0.005 120.1%  113%  -7.4%
2023-07-21 17:23:11:   Mindanao Current:  0.763  -0.0773 ( -10.1%)   p<0.001 118.1%   96% -21.6%
2023-07-21 17:23:11:        Celebes Sea:  0.704  -0.0455 (  -6.5%)   p<0.027 108.9%   93% -16.3%
2023-07-21 17:23:11:    Indonesian Seas:  0.260   0.0238 (   9.1%)   p=0.497  40.3%   40%  -0.8%
2023-07-21 17:23:11:    Solomon Islands:  0.751  -0.0010 (  -0.1%)     p=1.0 116.1%  106% -10.6%
2023-07-21 17:23:11:     South Interior:  0.305  -0.0665 ( -21.8%)   p<0.001  47.1%   34% -13.6%
2023-07-21 17:23:11:     North Interior:  0.475  -0.1156 ( -24.3%)   p<0.001  73.5%   50% -23.7%
2023-07-21 17:23:11: 
2023-07-21 17:23:11:    fe_avg v=2 190E:   HIST       D      (D%)       p     sum_H% sum_P%   pp  
2023-07-21 17:23:11:              total:  0.543   0.0655 (  12.1%)   p<0.001
2023-07-21 17:23:11:               None:  0.244  -0.0320 ( -13.1%)   p<0.001  44.9%   35% -10.3%
2023-07-21 17:23:11:      Vitiaz Strait:  0.675   0.0648 (   9.6%)   p<0.001 124.3%  122%  -2.7%
2023-07-21 17:23:11:     Solomon Strait:  0.667   0.0206 (   3.1%)    p=0.08 122.8%  113%  -9.8%
2023-07-21 17:23:11:   Mindanao Current:  0.674  -0.0234 (  -3.5%)   p=0.057 124.2%  107% -17.2%
2023-07-21 17:23:11:        Celebes Sea:  0.652  -0.0211 (  -3.2%)   p<0.048 120.1%  104% -16.4%
2023-07-21 17:23:11:    Indonesian Seas:  0.275  -0.0020 (  -0.7%)   p=0.735  50.6%   44%  -6.8%
2023-07-21 17:23:11:    Solomon Islands:  0.673   0.0062 (   0.9%)   p=0.376 123.9%  112% -12.1%
2023-07-21 17:23:11:     South Interior:  0.277  -0.0331 ( -11.9%)   p<0.021  51.1%   40% -10.9%
2023-07-21 17:23:11:     North Interior:  0.373   0.0400 (  10.7%)   p=0.542  68.8%   68%  -0.9%
2023-07-21 17:23:11: 
2023-07-21 17:23:11:    fe_avg v=2 220E:   HIST       D      (D%)       p     sum_H% sum_P%   pp  
2023-07-21 17:23:11:              total:  0.493   0.0471 (   9.6%)   p<0.001
2023-07-21 17:23:11:               None:  0.258  -0.0163 (  -6.3%)   p=0.002  52.3%   45%  -7.6%
2023-07-21 17:23:11:      Vitiaz Strait:  0.624   0.0587 (   9.4%)   p<0.001 126.6%  126%  -0.2%
2023-07-21 17:23:11:     Solomon Strait:  0.619   0.0239 (   3.9%)   p=0.006 125.7%  119%  -6.5%
2023-07-21 17:23:11:   Mindanao Current:  0.616  -0.0116 (  -1.9%)   p=0.127 125.1%  112% -13.1%
2023-07-21 17:23:11:        Celebes Sea:  0.632  -0.0217 (  -3.4%)   p=0.005 128.3%  113% -15.2%
2023-07-21 17:23:11:    Indonesian Seas:  0.270  -0.0236 (  -8.7%)   p=0.057  54.8%   44% -10.3%
2023-07-21 17:23:11:    Solomon Islands:  0.638   0.0085 (   1.3%)   p=0.216 129.5%  120%  -9.8%
2023-07-21 17:23:11:     South Interior:  0.247  -0.0232 (  -9.4%)   p<0.001  50.2%   42%  -8.7%
2023-07-21 17:23:11:     North Interior:  0.265   0.0204 (   7.7%)   p=0.168  53.8%   53%  -0.8%
2023-07-21 17:23:11: 
2023-07-21 17:23:11:    fe_avg v=2 250E:   HIST       D      (D%)       p     sum_H% sum_P%   pp  
2023-07-21 17:23:11:              total:  0.480   0.0539 (  11.2%)   p<0.001
2023-07-21 17:23:11:               None:  0.261  -0.0028 (  -1.1%)   p=0.635  54.4%   49%  -5.8%
2023-07-21 17:23:11:      Vitiaz Strait:  0.574   0.0710 (  12.4%)   p<0.001 119.6%  121%   1.2%
2023-07-21 17:23:11:     Solomon Strait:  0.580   0.0408 (   7.0%)   p<0.001 120.8%  116%  -4.6%
2023-07-21 17:23:11:   Mindanao Current:  0.569   0.0132 (   2.3%)    p=0.11 118.6%  109%  -9.5%
2023-07-21 17:23:11:        Celebes Sea:  0.585   0.0084 (   1.4%)   p=0.057 121.9%  111% -10.7%
2023-07-21 17:23:11:    Indonesian Seas:  0.259  -0.0266 ( -10.3%)   p<0.001  53.9%   41% -13.0%
2023-07-21 17:23:11:    Solomon Islands:  0.608   0.0162 (   2.7%)   p<0.048 126.7%  117%  -9.6%
2023-07-21 17:23:11:     South Interior:  0.238  -0.0245 ( -10.3%)   p=0.002  49.5%   40%  -9.6%
2023-07-21 17:23:12:     North Interior:  0.209   0.0101 (   4.8%)   p=0.542  43.6%   41%  -2.7%
2023-07-21 17:23:12: 
2023-07-21 17:23:12: fe_src_avg v=2 165E:   HIST       D      (D%)       p     sum_H% sum_P%   pp  
2023-07-21 17:23:12:              total:  0.847   0.1315 (  15.5%)   p<0.001
2023-07-21 17:23:12:               None:  0.369  -0.0212 (  -5.7%)   p<0.001  43.6%   36%  -7.8%
2023-07-21 17:23:12:      Vitiaz Strait:  1.234   0.1353 (  11.0%)   p<0.001 145.8%  140%  -5.8%
2023-07-21 17:23:12:     Solomon Strait:  1.044   0.0473 (   4.5%)   p<0.001 123.3%  112% -11.7%
2023-07-21 17:23:12:   Mindanao Current:  1.030  -0.1932 ( -18.8%)   p<0.001 121.7%   86% -36.1%
2023-07-21 17:23:12:        Celebes Sea:  0.966  -0.1686 ( -17.4%)   p<0.001 114.1%   82% -32.6%
2023-07-21 17:23:12:    Indonesian Seas:  0.249  -0.0408 ( -16.3%)   p<0.001  29.5%   21%  -8.5%
2023-07-21 17:23:12:    Solomon Islands:  0.988   0.0152 (   1.5%)   p=0.497 116.6%  103% -14.1%
2023-07-21 17:23:12:     South Interior:  0.221  -0.0128 (  -5.8%)   p<0.001  26.1%   21%  -4.8%
2023-07-21 17:23:12:     North Interior:  0.195   0.0172 (   8.8%)   p=0.001  23.0%   22%  -1.2%
2023-07-21 17:23:12: 
2023-07-21 17:23:12: fe_src_avg v=2 190E:   HIST       D      (D%)       p     sum_H% sum_P%   pp  
2023-07-21 17:23:12:              total:  0.805   0.1297 (  16.1%)   p<0.001
2023-07-21 17:23:12:               None:  0.378  -0.0315 (  -8.4%)   p<0.001  46.9%   37%  -9.4%
2023-07-21 17:23:12:      Vitiaz Strait:  1.250   0.1314 (  10.5%)   p<0.001 155.3%  148%  -7.5%
2023-07-21 17:23:12:     Solomon Strait:  1.052   0.0588 (   5.6%)   p<0.001 130.6%  119% -11.8%
2023-07-21 17:23:12:   Mindanao Current:  1.056  -0.1814 ( -17.2%)   p<0.001 131.2%   94% -37.6%
2023-07-21 17:23:12:        Celebes Sea:  0.999  -0.1656 ( -16.6%)   p<0.001 124.0%   89% -34.9%
2023-07-21 17:23:12:    Indonesian Seas:  0.296  -0.0835 ( -28.2%)   p<0.001  36.8%   22% -14.7%
2023-07-21 17:23:12:    Solomon Islands:  1.014   0.0190 (   1.9%)    p=0.11 125.9%  111% -15.3%
2023-07-21 17:23:12:     South Interior:  0.220  -0.0253 ( -11.5%)   p<0.001  27.3%   21%  -6.5%
2023-07-21 17:23:12:     North Interior:  0.207   0.0000 (   0.0%)   p=0.839  25.7%   22%  -3.5%
2023-07-21 17:23:12: 
2023-07-21 17:23:12: fe_src_avg v=2 220E:   HIST       D      (D%)       p     sum_H% sum_P%   pp  
2023-07-21 17:23:12:              total:  0.803   0.0934 (  11.6%)   p<0.001
2023-07-21 17:23:12:               None:  0.383  -0.0322 (  -8.4%)   p<0.001  47.7%   40%  -8.1%
2023-07-21 17:23:12:      Vitiaz Strait:  1.254   0.1188 (   9.5%)   p<0.001 156.2%  153%  -3.0%
2023-07-21 17:23:12:     Solomon Strait:  1.083   0.0704 (   6.5%)   p<0.001 134.8%  129%  -6.2%
2023-07-21 17:23:12:   Mindanao Current:  1.081  -0.1557 ( -14.4%)   p<0.001 134.5%  103% -31.4%
2023-07-21 17:23:12:        Celebes Sea:  1.043  -0.1432 ( -13.7%)   p<0.001 129.9%  100% -29.5%
2023-07-21 17:23:12:    Indonesian Seas:  0.313  -0.0664 ( -21.2%)   p<0.001  38.9%   26% -13.0%
2023-07-21 17:23:12:    Solomon Islands:  1.061   0.0457 (   4.3%)   p<0.001 132.1%  123%  -8.6%
2023-07-21 17:23:12:     South Interior:  0.223  -0.0302 ( -13.6%)   p<0.001  27.8%   22%  -6.3%
2023-07-21 17:23:12:     North Interior:  0.203  -0.0069 (  -3.4%)   p<0.017  25.3%   22%  -3.4%
2023-07-21 17:23:12: 
2023-07-21 17:23:12: fe_src_avg v=2 250E:   HIST       D      (D%)       p     sum_H% sum_P%   pp  
2023-07-21 17:23:12:              total:  0.896   0.0711 (   7.9%)   p<0.001
2023-07-21 17:23:12:               None:  0.383  -0.0256 (  -6.7%)   p<0.001  42.7%   37%  -5.7%
2023-07-21 17:23:12:      Vitiaz Strait:  1.245   0.0909 (   7.3%)   p<0.001 139.1%  138%  -0.8%
2023-07-21 17:23:12:     Solomon Strait:  1.120   0.0716 (   6.4%)   p<0.001 125.1%  123%  -1.8%
2023-07-21 17:23:12:   Mindanao Current:  1.136  -0.1547 ( -13.6%)   p<0.001 126.9%  102% -25.3%
2023-07-21 17:23:12:        Celebes Sea:  1.125  -0.1601 ( -14.2%)   p<0.001 125.6%  100% -25.8%
2023-07-21 17:23:12:    Indonesian Seas:  0.329  -0.0676 ( -20.5%)   p<0.001  36.8%   26% -10.8%
2023-07-21 17:23:12:    Solomon Islands:  1.116   0.0528 (   4.7%)   p=0.001 124.6%  121%  -3.7%
2023-07-21 17:23:12:     South Interior:  0.249  -0.0308 ( -12.3%)   p<0.001  27.9%   23%  -5.2%
2023-07-21 17:23:12:     North Interior:  0.223  -0.0077 (  -3.5%)   p=0.008  24.9%   22%  -2.8%
2023-07-21 17:23:12: 
2023-07-21 17:23:12: fe_flux_sum v=2 165E:   HIST       D      (D%)       p     sum_H% sum_P%   pp  
2023-07-21 17:23:12:              total: 12.828   2.6454 (  20.6%)   p<0.001
2023-07-21 17:23:12:               None:  0.053  -0.0209 ( -39.7%)   p<0.001   0.4%    0%  -0.2%
2023-07-21 17:23:12:      Vitiaz Strait:  3.024   1.1456 (  37.9%)   p<0.001  23.6%   27%   3.4%
2023-07-21 17:23:12:     Solomon Strait:  4.559   2.3268 (  51.0%)   p<0.001  35.5%   44%   9.0%
2023-07-21 17:23:12:   Mindanao Current:  1.715  -0.2274 ( -13.3%)    p=0.08  13.4%   10%  -3.8%
2023-07-21 17:23:12:        Celebes Sea:  0.769   0.2886 (  37.5%)   p=0.003   6.0%    7%   0.8%
2023-07-21 17:23:12:    Indonesian Seas:  0.014   0.0595 ( 413.4%)   p<0.001   0.1%    0%   0.4%
2023-07-21 17:23:12:    Solomon Islands:  0.857   0.1686 (  19.7%)   p<0.027   6.7%    7%  -0.1%
2023-07-21 17:23:12:     South Interior:  1.551  -0.9311 ( -60.0%)   p<0.001  12.1%    4%  -8.1%
2023-07-21 17:23:12:     North Interior:  0.286  -0.1642 ( -57.3%)   p<0.001   2.2%    1%  -1.4%
2023-07-21 17:23:12: 
2023-07-21 17:23:12: fe_flux_sum v=2 190E:   HIST       D      (D%)       p     sum_H% sum_P%   pp  
2023-07-21 17:23:12:              total: 14.500   1.1539 (   8.0%)   p<0.048
2023-07-21 17:23:12:               None:  0.177  -0.1053 ( -59.5%)   p<0.001   1.2%    0%  -0.8%
2023-07-21 17:23:13:      Vitiaz Strait:  3.063   0.7356 (  24.0%)   p<0.001  21.1%   24%   3.1%
2023-07-21 17:23:13:     Solomon Strait:  4.449   1.6122 (  36.2%)   p<0.001  30.7%   39%   8.0%
2023-07-21 17:23:13:   Mindanao Current:  2.546  -0.3985 ( -15.7%)   p=0.006  17.6%   14%  -3.8%
2023-07-21 17:23:13:        Celebes Sea:  0.934   0.3367 (  36.1%)   p<0.001   6.4%    8%   1.7%
2023-07-21 17:23:13:    Indonesian Seas:  0.011   0.0322 ( 293.8%)   p<0.001   0.1%    0%   0.2%
2023-07-21 17:23:13:    Solomon Islands:  0.778   0.0676 (   8.7%)   p=0.168   5.4%    5%   0.0%
2023-07-21 17:23:13:     South Interior:  2.050  -0.9870 ( -48.1%)   p<0.001  14.1%    7%  -7.3%
2023-07-21 17:23:13:     North Interior:  0.494  -0.1397 ( -28.3%)   p<0.027   3.4%    2%  -1.1%
2023-07-21 17:23:13: 
2023-07-21 17:23:13: fe_flux_sum v=2 220E:   HIST       D      (D%)       p     sum_H% sum_P%   pp  
2023-07-21 17:23:13:              total: 14.074   0.3836 (   2.7%)   p=0.094
2023-07-21 17:23:13:               None:  0.179  -0.1035 ( -57.7%)   p<0.001   1.3%    1%  -0.7%
2023-07-21 17:23:13:      Vitiaz Strait:  2.828   0.3979 (  14.1%)   p<0.001  20.1%   22%   2.2%
2023-07-21 17:23:13:     Solomon Strait:  4.280   1.1418 (  26.7%)   p<0.001  30.4%   37%   7.1%
2023-07-21 17:23:13:   Mindanao Current:  2.686  -0.4651 ( -17.3%)   p<0.001  19.1%   15%  -3.7%
2023-07-21 17:23:13:        Celebes Sea:  0.842   0.2527 (  30.0%)   p<0.001   6.0%    8%   1.6%
2023-07-21 17:23:13:    Indonesian Seas:  0.010   0.0148 ( 142.2%)   p<0.001   0.1%    0%   0.1%
2023-07-21 17:23:13:    Solomon Islands:  0.705   0.0214 (   3.0%)   p=0.497   5.0%    5%   0.0%
2023-07-21 17:23:13:     South Interior:  1.902  -0.7234 ( -38.0%)   p<0.001  13.5%    8%  -5.4%
2023-07-21 17:23:13:     North Interior:  0.641  -0.1529 ( -23.9%)   p=0.006   4.6%    3%  -1.2%
2023-07-21 17:23:13: 
2023-07-21 17:23:13: fe_flux_sum v=2 250E:   HIST       D      (D%)       p     sum_H% sum_P%   pp  
2023-07-21 17:23:13:              total: 11.024   0.0879 (   0.8%)   p=0.946
2023-07-21 17:23:13:               None:  0.136  -0.0414 ( -30.4%)   p=0.005   1.2%    1%  -0.4%
2023-07-21 17:23:13:      Vitiaz Strait:  2.464   0.0983 (   4.0%)    p=0.08  22.4%   23%   0.7%
2023-07-21 17:23:13:     Solomon Strait:  3.864   0.6809 (  17.6%)   p<0.001  35.1%   41%   5.9%
2023-07-21 17:23:13:   Mindanao Current:  1.971  -0.3775 ( -19.2%)   p=0.003  17.9%   14%  -3.5%
2023-07-21 17:23:13:        Celebes Sea:  0.541   0.2316 (  42.8%)   p<0.001   4.9%    7%   2.0%
2023-07-21 17:23:13:    Indonesian Seas:  0.010   0.0060 (  57.9%)   p<0.021   0.1%    0%   0.1%
2023-07-21 17:23:13:    Solomon Islands:  0.624  -0.0022 (  -0.3%)     p=1.0   5.7%    6%  -0.1%
2023-07-21 17:23:13:     South Interior:  1.065  -0.4253 ( -39.9%)   p<0.001   9.7%    6%  -3.9%
2023-07-21 17:23:13:     North Interior:  0.348  -0.0827 ( -23.7%)   p<0.048   3.2%    2%  -0.8%
2023-07-21 17:23:13: 
2023-07-21 17:23:13: fe_reg_avg v=2 165E:   HIST       D      (D%)       p     sum_H% sum_P%   pp  
2023-07-21 17:23:13:              total:  0.045  -0.0235 ( -52.0%)   p<0.001
2023-07-21 17:23:13:               None:  0.162  -0.0533 ( -33.0%)   p<0.001 358.0%  499% 141.4%
2023-07-21 17:23:13:      Vitiaz Strait:  0.021  -0.0044 ( -21.2%)   p=0.001  46.5%   76%  29.8%
2023-07-21 17:23:13:     Solomon Strait:  0.017  -0.0062 ( -35.7%)   p<0.001  38.2%   51%  12.9%
2023-07-21 17:23:13:   Mindanao Current:  0.047  -0.0165 ( -35.3%)   p<0.001 103.5%  139%  36.0%
2023-07-21 17:23:13:        Celebes Sea:  0.041  -0.0138 ( -33.7%)   p<0.001  91.1%  126%  35.1%
2023-07-21 17:23:13:    Indonesian Seas:  0.079   0.0009 (   1.2%)   p=0.839 174.3%  365% 190.6%
2023-07-21 17:23:13:    Solomon Islands:  0.017  -0.0039 ( -22.8%)    p<0.01  38.1%   61%  23.3%
2023-07-21 17:23:13:     South Interior:  0.078  -0.0373 ( -47.7%)   p<0.001 173.2%  190%  16.8%
2023-07-21 17:23:13:     North Interior:  0.252  -0.0735 ( -29.2%)   p<0.001 558.0%  819% 261.4%
2023-07-21 17:23:13: 
2023-07-21 17:23:13: fe_reg_avg v=2 190E:   HIST       D      (D%)       p     sum_H% sum_P%   pp  
2023-07-21 17:23:13:              total:  0.054  -0.0171 ( -31.4%)   p<0.001
2023-07-21 17:23:13:               None:  0.200  -0.0570 ( -28.5%)   p<0.001 366.8%  381%  14.3%
2023-07-21 17:23:13:      Vitiaz Strait:  0.031  -0.0069 ( -22.4%)   p<0.001  56.4%   64%   7.4%
2023-07-21 17:23:13:     Solomon Strait:  0.030  -0.0089 ( -30.0%)   p<0.001  54.7%   56%   1.2%
2023-07-21 17:23:13:   Mindanao Current:  0.045  -0.0044 (  -9.7%)   p=0.191  83.5%  110%  26.4%
2023-07-21 17:23:13:        Celebes Sea:  0.038  -0.0025 (  -6.7%)   p=0.542  70.1%   95%  25.3%
2023-07-21 17:23:13:    Indonesian Seas:  0.098  -0.0211 ( -21.6%)   p<0.027 179.1%  215%  36.3%
2023-07-21 17:23:13:    Solomon Islands:  0.026  -0.0014 (  -5.6%)   p=0.305  47.5%   65%  17.6%
2023-07-21 17:23:13:     South Interior:  0.069  -0.0166 ( -24.1%)   p<0.001 126.7%  140%  13.8%
2023-07-21 17:23:14:     North Interior:  0.189   0.0160 (   8.4%)   p=0.094 347.7%  547% 199.5%
2023-07-21 17:23:14: 
2023-07-21 17:23:14: fe_reg_avg v=2 220E:   HIST       D      (D%)       p     sum_H% sum_P%   pp  
2023-07-21 17:23:14:              total:  0.041  -0.0052 ( -12.6%)   p<0.027
2023-07-21 17:23:14:               None:  0.213  -0.0182 (  -8.6%)    p<0.01 518.8%  547%  27.9%
2023-07-21 17:23:14:      Vitiaz Strait:  0.032  -0.0072 ( -22.7%)   p=0.002  77.7%   69%  -9.0%
2023-07-21 17:23:14:     Solomon Strait:  0.033  -0.0096 ( -29.2%)   p<0.001  79.7%   65% -15.1%
2023-07-21 17:23:14:   Mindanao Current:  0.031   0.0054 (  17.6%)   p<0.048  74.3%  100%  25.6%
2023-07-21 17:23:14:        Celebes Sea:  0.028   0.0034 (  12.3%)   p=0.068  67.2%   86%  19.1%
2023-07-21 17:23:14:    Indonesian Seas:  0.081   0.0012 (   1.5%)    p=0.11 198.3%  186% -11.9%
2023-07-21 17:23:14:    Solomon Islands:  0.028  -0.0036 ( -12.8%)   p=0.168  68.8%   69%  -0.1%
2023-07-21 17:23:14:     South Interior:  0.038   0.0003 (   0.7%)   p=0.893  92.4%  106%  14.0%
2023-07-21 17:23:14:     North Interior:  0.077   0.0319 (  41.5%)   p<0.001 187.2%  304% 116.4%
2023-07-21 17:23:14: 
2023-07-21 17:23:14: fe_reg_avg v=2 250E:   HIST       D      (D%)       p     sum_H% sum_P%   pp  
2023-07-21 17:23:14:              total:  0.038  -0.0046 ( -12.2%)   p<0.027
2023-07-21 17:23:14:               None:  0.227  -0.0175 (  -7.7%)   p<0.017 597.8%  628%  30.0%
2023-07-21 17:23:14:      Vitiaz Strait:  0.034  -0.0085 ( -25.2%)   p<0.001  88.3%   75% -13.1%
2023-07-21 17:23:14:     Solomon Strait:  0.036  -0.0090 ( -25.3%)   p<0.001  93.7%   80% -14.0%
2023-07-21 17:23:14:   Mindanao Current:  0.027  -0.0006 (  -2.2%)   p=0.588  70.9%   79%   8.1%
2023-07-21 17:23:14:        Celebes Sea:  0.026  -0.0011 (  -4.5%)   p=0.216  67.2%   73%   5.9%
2023-07-21 17:23:14:    Indonesian Seas:  0.075  -0.0337 ( -45.0%)   p=0.005 197.3%  144% -53.5%
2023-07-21 17:23:14:    Solomon Islands:  0.032  -0.0059 ( -18.4%)   p<0.017  84.1%   78%  -6.0%
2023-07-21 17:23:14:     South Interior:  0.036   0.0028 (   7.8%)   p=0.376  94.4%  116%  21.5%
2023-07-21 17:23:14:     North Interior:  0.049   0.0280 (  56.6%)   p<0.001 130.1%  232% 101.5%
2023-07-21 17:23:14: 
2023-07-21 17:23:14: fe_scav_avg v=2 165E:   HIST       D      (D%)       p     sum_H% sum_P%   pp  
2023-07-21 17:23:14:              total:  0.138   0.0159 (  11.5%)   p<0.001
2023-07-21 17:23:14:               None:  0.226  -0.0487 ( -21.5%)   p<0.001 163.7%  116% -47.3%
2023-07-21 17:23:14:      Vitiaz Strait:  0.242   0.0361 (  14.9%)   p<0.001 175.3%  181%   5.3%
2023-07-21 17:23:14:     Solomon Strait:  0.149   0.0071 (   4.8%)   p=0.057 107.4%  101%  -6.4%
2023-07-21 17:23:14:   Mindanao Current:  0.167  -0.0617 ( -37.0%)   p<0.001 120.6%   68% -52.4%
2023-07-21 17:23:14:        Celebes Sea:  0.155  -0.0585 ( -37.8%)   p<0.001 111.9%   63% -49.4%
2023-07-21 17:23:14:    Indonesian Seas:  0.043  -0.0133 ( -30.7%)   p=0.002  31.2%   19% -12.3%
2023-07-21 17:23:14:    Solomon Islands:  0.131   0.0090 (   6.9%)    p=0.34  94.5%   90%  -4.0%
2023-07-21 17:23:14:     South Interior:  0.031  -0.0073 ( -23.8%)   p<0.001  22.1%   15%  -7.0%
2023-07-21 17:23:14:     North Interior:  0.107  -0.0058 (  -5.4%)   p=0.588  77.3%   67% -10.4%
2023-07-21 17:23:14: 
2023-07-21 17:23:14: fe_scav_avg v=2 190E:   HIST       D      (D%)       p     sum_H% sum_P%   pp  
2023-07-21 17:23:14:              total:  0.172   0.0272 (  15.8%)   p<0.001
2023-07-21 17:23:14:               None:  0.252  -0.0523 ( -20.8%)   p<0.001 146.2%  101% -45.1%
2023-07-21 17:23:14:      Vitiaz Strait:  0.308   0.0361 (  11.7%)   p<0.001 178.7%  172%  -6.3%
2023-07-21 17:23:14:     Solomon Strait:  0.215   0.0169 (   7.9%)   p<0.001 125.0%  116%  -8.6%
2023-07-21 17:23:14:   Mindanao Current:  0.217  -0.0648 ( -29.8%)   p<0.001 126.1%   76% -49.7%
2023-07-21 17:23:14:        Celebes Sea:  0.188  -0.0520 ( -27.6%)   p<0.001 109.3%   68% -41.0%
2023-07-21 17:23:14:    Indonesian Seas:  0.080  -0.0467 ( -58.7%)   p<0.001  46.2%   17% -29.1%
2023-07-21 17:23:14:    Solomon Islands:  0.188   0.0133 (   7.1%)   p=0.068 109.0%  101%  -8.1%
2023-07-21 17:23:14:     South Interior:  0.027  -0.0016 (  -6.1%)   p=0.191  15.5%   13%  -2.9%
2023-07-21 17:23:14:     North Interior:  0.072   0.0251 (  34.8%)   p=0.002  41.9%   48%   6.6%
2023-07-21 17:23:14: 
2023-07-21 17:23:14: fe_scav_avg v=2 220E:   HIST       D      (D%)       p     sum_H% sum_P%   pp  
2023-07-21 17:23:14:              total:  0.190   0.0210 (  11.0%)   p<0.001
2023-07-21 17:23:14:               None:  0.258  -0.0312 ( -12.1%)   p<0.001 135.6%  109% -27.0%
2023-07-21 17:23:14:      Vitiaz Strait:  0.342   0.0267 (   7.8%)   p<0.001 180.2%  175%  -5.3%
2023-07-21 17:23:14:     Solomon Strait:  0.261   0.0166 (   6.4%)   p<0.001 137.4%  132%  -5.8%
2023-07-21 17:23:14:   Mindanao Current:  0.253  -0.0571 ( -22.6%)   p<0.001 133.0%   93% -40.3%
2023-07-21 17:23:14:        Celebes Sea:  0.222  -0.0463 ( -20.9%)   p<0.001 116.6%   83% -33.5%
2023-07-21 17:23:14:    Indonesian Seas:  0.088  -0.0381 ( -43.1%)   p<0.001  46.5%   18% -28.2%
2023-07-21 17:23:15:    Solomon Islands:  0.235   0.0197 (   8.4%)   p<0.001 123.5%  121%  -2.8%
2023-07-21 17:23:15:     South Interior:  0.020  -0.0044 ( -21.6%)   p<0.001  10.8%    8%  -3.2%
2023-07-21 17:23:15:     North Interior:  0.035   0.0096 (  27.5%)   p=0.005  18.3%   21%   2.6%
2023-07-21 17:23:15: 
2023-07-21 17:23:15: fe_scav_avg v=2 250E:   HIST       D      (D%)       p     sum_H% sum_P%   pp  
2023-07-21 17:23:15:              total:  0.234   0.0106 (   4.6%)   p=0.005
2023-07-21 17:23:15:               None:  0.263  -0.0261 (  -9.9%)   p=0.002 112.6%   96% -16.5%
2023-07-21 17:23:15:      Vitiaz Strait:  0.361   0.0094 (   2.6%)   p=0.057 154.3%  151%  -2.9%
2023-07-21 17:23:15:     Solomon Strait:  0.298   0.0139 (   4.7%)   p=0.006 127.4%  128%   0.2%
2023-07-21 17:23:15:   Mindanao Current:  0.297  -0.0715 ( -24.1%)   p<0.001 127.0%   92% -34.8%
2023-07-21 17:23:15:        Celebes Sea:  0.280  -0.0701 ( -25.1%)   p<0.001 119.6%   86% -33.9%
2023-07-21 17:23:15:    Indonesian Seas:  0.097  -0.0502 ( -52.0%)   p<0.001  41.3%   17% -24.0%
2023-07-21 17:23:15:    Solomon Islands:  0.278   0.0203 (   7.3%)   p=0.057 118.8%  122%   3.1%
2023-07-21 17:23:15:     South Interior:  0.028  -0.0033 ( -11.7%)   p=0.068  12.2%   10%  -1.9%
2023-07-21 17:23:15:     North Interior:  0.030   0.0074 (  24.5%)   p<0.033  13.0%   15%   2.2%
2023-07-21 17:23:15: 
2023-07-21 17:23:15: fe_phy_avg v=2 165E:   HIST       D      (D%)       p     sum_H% sum_P%   pp  
2023-07-21 17:23:15:              total:  0.008  -0.0075 ( -94.0%)   p=0.003
2023-07-21 17:23:15:               None:  0.004  -0.0026 ( -65.2%)   p=0.006  49.2%   31% -18.7%
2023-07-21 17:23:15:      Vitiaz Strait:  0.013  -0.0130 (-100.0%)   p=0.003 164.0%    0% -164.0%
2023-07-21 17:23:15:     Solomon Strait:  0.003  -0.0027 (-100.0%)   p=0.003  34.4%    0% -34.4%
2023-07-21 17:23:15:   Mindanao Current:  0.017  -0.0166 (-100.0%)   p=0.003 209.0%    0% -209.0%
2023-07-21 17:23:15:        Celebes Sea:  0.018  -0.0185 (-100.1%)   p=0.003 232.8%    0% -232.8%
2023-07-21 17:23:15:    Indonesian Seas:  0.059  -0.0595 (-100.8%)   p<0.021 744.1% 1218% 474.4%
2023-07-21 17:23:15:    Solomon Islands:  0.005  -0.0053 (-100.1%)   p=0.003  66.5%    0% -66.5%
2023-07-21 17:23:15:     South Interior:  0.006  -0.0033 ( -58.4%)   p=0.091  71.9%  499% 427.4%
2023-07-21 17:23:15:     North Interior:  0.006  -0.0037 ( -65.3%)   p=0.131  71.7%  363% 291.7%
2023-07-21 17:23:15: 
2023-07-21 17:23:15: fe_phy_avg v=2 190E:   HIST       D      (D%)       p     sum_H% sum_P%   pp  
2023-07-21 17:23:15:              total:  0.014  -0.0138 ( -96.1%)   p<0.001
2023-07-21 17:23:15:               None:  0.009  -0.0020 ( -23.4%)   p<0.017  59.5%  530% 470.7%
2023-07-21 17:23:15:      Vitiaz Strait:  0.013  -0.0129 (-100.0%)   p<0.001  89.5%    0% -89.5%
2023-07-21 17:23:15:     Solomon Strait:  0.008  -0.0078 (-100.0%)   p<0.001  53.9%    0% -53.9%
2023-07-21 17:23:15:   Mindanao Current:  0.022  -0.0216 (-100.0%)   p<0.001 150.3%    0% -150.3%
2023-07-21 17:23:15:        Celebes Sea:  0.024  -0.0239 (-100.0%)   p<0.001 166.5%    0% -166.5%
2023-07-21 17:23:15:    Indonesian Seas:  0.071  -0.0736 (-103.0%)   p<0.013 497.0% 1715% 1218.5%
2023-07-21 17:23:15:    Solomon Islands:  0.009  -0.0088 ( -96.3%)   p<0.001  63.7%    0% -63.7%
2023-07-21 17:23:15:     South Interior:  0.014  -0.0118 ( -82.6%)   p=0.003  99.4%  444% 344.5%
2023-07-21 17:23:15:     North Interior:  0.035  -0.0330 ( -95.1%)   p<0.001 241.2%  312%  70.8%
2023-07-21 17:23:15: 
2023-07-21 17:23:15: fe_phy_avg v=2 220E:   HIST       D      (D%)       p     sum_H% sum_P%   pp  
2023-07-21 17:23:15:              total:  0.006  -0.0031 ( -52.1%)    p=0.08
2023-07-21 17:23:15:               None:  0.002   0.0015 (  70.8%)   p=0.735  36.3%  121%  84.8%
2023-07-21 17:23:15:      Vitiaz Strait:  0.006  -0.0055 (-100.0%)   p<0.001  92.3%    0% -92.3%
2023-07-21 17:23:15:     Solomon Strait:  0.004  -0.0036 (-100.0%)   p<0.001  59.9%    0% -59.9%
2023-07-21 17:23:15:   Mindanao Current:  0.011  -0.0106 (-100.0%)   p<0.001 177.0%    0% -177.0%
2023-07-21 17:23:15:        Celebes Sea:  0.012  -0.0120 (-100.0%)   p<0.001 201.9%    0% -201.9%
2023-07-21 17:23:15:    Indonesian Seas:  0.023   0.0178 (  77.2%)   p=0.542 386.1%  880% 494.1%
2023-07-21 17:23:15:    Solomon Islands:  0.005  -0.0049 (-100.6%)   p<0.001  80.9%    0% -80.9%
2023-07-21 17:23:15:     South Interior:  0.005   0.0016 (  30.0%)   p=0.305  89.7%  244% 154.0%
2023-07-21 17:23:15:     North Interior:  0.009   0.0107 ( 115.9%)   p=0.273 155.1%  697% 541.9%
2023-07-21 17:23:15: 
2023-07-21 17:23:15: fe_phy_avg v=2 250E:   HIST       D      (D%)       p     sum_H% sum_P%   pp  
2023-07-21 17:23:15:              total:  0.011  -0.0065 ( -57.9%)   p=0.008
2023-07-21 17:23:16:               None:  0.004   0.0014 (  38.6%)   p=0.946  31.6%   95%  63.7%
2023-07-21 17:23:16:      Vitiaz Strait:  0.008  -0.0083 (-100.0%)   p=0.002  73.5%    0% -73.5%
2023-07-21 17:23:16:     Solomon Strait:  0.008  -0.0079 (-100.0%)   p=0.002  70.2%    0% -70.2%
2023-07-21 17:23:16:   Mindanao Current:  0.014  -0.0137 (-100.0%)   p=0.002 121.7%    0% -121.7%
2023-07-21 17:23:16:        Celebes Sea:  0.016  -0.0158 (-100.1%)   p=0.002 140.0%    0% -140.0%
2023-07-21 17:23:16:    Indonesian Seas:  0.008  -0.0060 ( -74.0%)    p<0.04  72.6%  489% 416.1%
2023-07-21 17:23:16:    Solomon Islands:  0.008  -0.0081 ( -97.4%)   p=0.002  73.4%    0% -73.4%
2023-07-21 17:23:16:     South Interior:  0.013   0.0031 (  23.1%)   p=0.497 119.0%  348% 229.2%
2023-07-21 17:23:16:     North Interior:  0.022   0.0130 (  58.4%)   p=0.216 197.1%  753% 555.9%
2023-07-21 17:23:16: 
