2023-06-21 06:40:08:fe_source_hist_250_v0_07: Creating particle source file.
2023-06-21 06:40:11:fe_source_hist_250_v0_07: Particle information at source.
2023-06-21 06:41:00:fe_source_hist_250_v0_07: Dictionary of particle IDs at source.
2023-06-21 07:22:09:fe_source_hist_250_v0_07: Creating particle source file.
2023-06-21 07:22:11:fe_source_hist_250_v0_07: Particle information at source.
2023-06-21 07:30:03:fe_source_hist_250_v0_07: Dictionary of particle IDs at source.
2023-06-21 07:30:04:fe_source_hist_250_v0_07: Sum EUC transport per source.
2023-06-21 07:30:30:fe_source_hist_250_v0_07: Iron weighted mean per source.
2023-06-21 07:30:57:fe_source_hist_250_v0_07: Group by source.
2023-06-21 07:30:59:fe_source_hist_250_v0_07: Saving...
2023-06-21 14:33:55:fe_source_hist_250_v0_07: Creating particle source file.
2023-06-21 14:33:59:fe_source_hist_250_v0_07: Particle information at source.
2023-06-21 14:39:22:fe_source_hist_250_v0_07: Dictionary of particle IDs at source.
2023-06-21 14:39:22:fe_source_hist_250_v0_07: Sum EUC transport per source.
2023-06-21 14:39:45:fe_source_hist_250_v0_07: Iron weighted mean per source.
2023-06-21 14:53:31:fe_source_hist_250_v0_07: Creating particle source file.
2023-06-21 14:53:35:fe_source_hist_250_v0_07: Particle information at source.
2023-06-21 14:54:42:fe_source_hist_250_v0_07: Dictionary of particle IDs at source.
2023-06-21 14:54:42:fe_source_hist_250_v0_07: Sum EUC transport per source.
2023-06-21 14:55:07:fe_source_hist_250_v0_07: Iron weighted mean per source.
2023-06-21 14:55:39:fe_source_hist_250_v0_07: Group by source.
2023-06-21 14:55:42:fe_source_hist_250_v0_07: Saving...
2023-06-21 14:55:43:fe_source_hist_250_v0_07: Saved.
2023-06-22 01:53:51:fe_source_hist_220_v0_07: Creating particle source file.
2023-06-22 01:53:51:fe_source_hist_220_v0_06: Creating particle source file.
2023-06-22 01:53:57:fe_source_hist_220_v0_06: Particle information at source.
2023-06-22 01:53:57:fe_source_hist_220_v0_07: Particle information at source.
2023-06-22 02:14:36:fe_source_hist_220_v0_07: Creating particle source file.
2023-06-22 02:14:37:fe_source_hist_220_v0_07: Particle information at source.
2023-06-22 02:18:41:fe_source_hist_220_v0_07: Dictionary of particle IDs at source.
2023-06-22 02:18:41:fe_source_hist_220_v0_07: Sum EUC transport per source.
2023-06-22 02:19:08:fe_source_hist_220_v0_07: Iron weighted mean per source.
2023-06-22 02:21:01:fe_source_hist_220_v0_07: Group by source.
2023-06-22 02:21:02:fe_source_hist_220_v0_07: Saving...
2023-06-22 02:21:03:fe_source_hist_220_v0_07: Saved.
2023-06-22 02:21:04:create_source_file: 00h:06m:28.13s (total=388.13 seconds).
2023-06-22 03:05:05:fe_source_hist_220_v0_06: Creating particle source file.
2023-06-22 03:05:07:fe_source_hist_220_v0_06: Particle information at source.
2023-06-22 03:08:38:fe_source_hist_220_v0_06: Dictionary of particle IDs at source.
2023-06-22 03:08:38:fe_source_hist_220_v0_06: Sum EUC transport per source.
2023-06-22 03:09:04:fe_source_hist_220_v0_06: Iron weighted mean per source.
2023-06-22 03:11:03:fe_source_hist_220_v0_06: Group by source.
2023-06-22 03:11:04:fe_source_hist_220_v0_06: Saving...
2023-06-22 03:11:05:fe_source_hist_220_v0_06: Saved.
2023-06-22 03:11:06:create_source_file: 00h:06m:00.38s (total=360.38 seconds).
2023-06-22 04:13:18:fe_source_hist_220_v0_07: Creating particle source file.
2023-06-22 04:13:19:fe_source_hist_220_v0_07: Particle information at source.
2023-06-22 04:13:42:fe_source_hist_220_v0_06: Creating particle source file.
2023-06-22 04:13:44:fe_source_hist_220_v0_06: Particle information at source.
2023-06-22 04:15:48:fe_source_hist_220_v0_06: Dictionary of particle IDs at source.
2023-06-22 04:15:48:fe_source_hist_220_v0_06: Sum EUC transport per source.
2023-06-22 04:16:18:fe_source_hist_220_v0_06: Iron weighted mean per source.
2023-06-22 04:19:27:fe_source_hist_220_v0_07: Dictionary of particle IDs at source.
2023-06-22 04:19:27:fe_source_hist_220_v0_07: Sum EUC transport per source.
2023-06-22 04:19:58:fe_source_hist_220_v0_07: Iron weighted mean per source.
2023-06-22 04:20:04:fe_source_hist_220_v0_06: Group by source.
2023-06-22 04:23:24:fe_source_hist_220_v0_07: Group by source.
2023-06-23 15:58:24:fe_source_hist_220_v0_06: Creating particle source file.
2023-06-23 15:58:26:fe_source_hist_220_v0_06: Particle information at source.
2023-06-23 15:58:28:fe_source_hist_220_v0_07: Creating particle source file.
2023-06-23 15:58:30:fe_source_hist_220_v0_07: Particle information at source.
2023-06-23 16:01:05:fe_source_hist_220_v0_06: Dictionary of particle IDs at source.
2023-06-23 16:01:06:fe_source_hist_220_v0_06: Sum EUC transport per source.
2023-06-23 16:01:34:fe_source_hist_220_v0_06: Iron weighted mean per source.
2023-06-23 16:05:11:fe_source_hist_220_v0_06: Group by source.
2023-06-23 16:05:12:fe_source_hist_220_v0_06: Saving...
2023-06-23 16:05:13:fe_source_hist_220_v0_06: Saved.
2023-06-23 16:05:13:create_source_file: 00h:06m:49.22s (total=409.22 seconds).
2023-06-23 16:08:39:fe_source_hist_220_v0_07: Dictionary of particle IDs at source.
2023-06-23 16:08:40:fe_source_hist_220_v0_07: Sum EUC transport per source.
2023-06-23 16:09:02:fe_source_hist_220_v0_07: Iron weighted mean per source.
2023-06-23 16:12:15:fe_source_hist_220_v0_07: Group by source.
2023-06-23 16:12:16:fe_source_hist_220_v0_07: Saving...
2023-06-23 16:12:18:fe_source_hist_220_v0_07: Saved.
2023-06-23 16:12:18:create_source_file: 00h:13m:49.52s (total=829.52 seconds).
2023-06-23 16:26:31:fe_source_hist_220_v0_06: Creating particle source file.
2023-06-23 16:26:31:fe_source_hist_220_v0_07: Creating particle source file.
2023-06-23 16:26:33:fe_source_hist_220_v0_06: Particle information at source.
2023-06-23 16:26:33:fe_source_hist_220_v0_07: Particle information at source.
2023-06-23 16:28:48:fe_source_hist_220_v0_07: Dictionary of particle IDs at source.
2023-06-23 16:28:48:fe_source_hist_220_v0_07: Sum EUC transport per source.
2023-06-23 16:28:50:fe_source_hist_220_v0_06: Dictionary of particle IDs at source.
2023-06-23 16:28:50:fe_source_hist_220_v0_06: Sum EUC transport per source.
2023-06-23 16:29:12:fe_source_hist_220_v0_07: Iron weighted mean per source.
2023-06-23 16:29:16:fe_source_hist_220_v0_06: Iron weighted mean per source.
2023-06-23 16:32:29:fe_source_hist_220_v0_07: Group by source.
2023-06-23 16:32:30:fe_source_hist_220_v0_07: Saving...
2023-06-23 16:32:32:fe_source_hist_220_v0_07: Saved.
2023-06-23 16:32:32:create_source_file: 00h:06m:01.46s (total=361.46 seconds).
2023-06-23 16:33:01:fe_source_hist_220_v0_06: Group by source.
2023-06-23 16:33:02:fe_source_hist_220_v0_06: Saving...
2023-06-23 16:33:03:fe_source_hist_220_v0_06: Saved.
2023-06-23 16:33:03:create_source_file: 00h:06m:32.10s (total=392.10 seconds).
2023-06-23 17:20:40:fe_source_hist_165_v0_00: Creating particle source file.
2023-06-23 17:20:43:fe_source_hist_165_v0_00: Particle information at source.
2023-06-23 17:23:38:fe_source_hist_165_v0_00: Dictionary of particle IDs at source.
2023-06-23 17:23:39:fe_source_hist_165_v0_00: Sum EUC transport per source.
2023-06-23 17:24:17:fe_source_hist_165_v0_00: Iron weighted mean per source.
2023-06-23 17:30:17:fe_source_hist_165_v0_00: Group by source.
2023-06-23 17:30:19:fe_source_hist_165_v0_00: Saving...
2023-06-23 17:30:23:fe_source_hist_165_v0_00: Saved.
2023-06-23 17:30:23:create_source_file: 00h:09m:42.48s (total=582.48 seconds).
2023-06-23 17:30:39:fe_source_hist_165_v0_01: Creating particle source file.
2023-06-23 17:30:42:fe_source_hist_165_v0_01: Particle information at source.
2023-06-23 17:34:03:fe_source_hist_165_v0_01: Dictionary of particle IDs at source.
2023-06-23 17:34:03:fe_source_hist_165_v0_01: Sum EUC transport per source.
2023-06-23 17:34:44:fe_source_hist_165_v0_01: Iron weighted mean per source.
2023-06-23 17:40:14:fe_source_hist_165_v0_01: Group by source.
2023-06-23 17:40:16:fe_source_hist_165_v0_01: Saving...
2023-06-23 17:40:18:fe_source_hist_165_v0_01: Saved.
2023-06-23 17:40:18:create_source_file: 00h:09m:38.64s (total=578.64 seconds).
2023-06-23 17:40:36:fe_source_hist_165_v0_02: Creating particle source file.
2023-06-23 17:40:38:fe_source_hist_165_v0_02: Particle information at source.
2023-06-23 17:45:16:fe_source_hist_165_v0_02: Dictionary of particle IDs at source.
2023-06-23 17:45:17:fe_source_hist_165_v0_02: Sum EUC transport per source.
2023-06-23 17:46:02:fe_source_hist_165_v0_02: Iron weighted mean per source.
2023-06-23 17:51:34:fe_source_hist_165_v0_02: Group by source.
2023-06-23 17:51:37:fe_source_hist_165_v0_02: Saving...
2023-06-23 17:51:39:fe_source_hist_165_v0_02: Saved.
2023-06-23 17:51:39:create_source_file: 00h:11m:03.41s (total=663.41 seconds).
2023-06-23 17:52:06:fe_source_hist_165_v0_03: Creating particle source file.
2023-06-23 17:52:09:fe_source_hist_165_v0_03: Particle information at source.
2023-06-23 17:55:38:fe_source_hist_165_v0_03: Dictionary of particle IDs at source.
2023-06-23 17:55:38:fe_source_hist_165_v0_03: Sum EUC transport per source.
2023-06-23 17:56:28:fe_source_hist_165_v0_03: Iron weighted mean per source.
2023-06-23 18:02:24:fe_source_hist_165_v0_03: Group by source.
2023-06-23 18:02:27:fe_source_hist_165_v0_03: Saving...
2023-06-23 18:02:28:fe_source_hist_165_v0_03: Saved.
2023-06-23 18:02:28:create_source_file: 00h:10m:22.63s (total=622.63 seconds).
2023-06-23 18:02:45:fe_source_hist_165_v0_04: Creating particle source file.
2023-06-23 18:02:48:fe_source_hist_165_v0_04: Particle information at source.
2023-06-23 18:06:04:fe_source_hist_165_v0_04: Dictionary of particle IDs at source.
2023-06-23 18:06:04:fe_source_hist_165_v0_04: Sum EUC transport per source.
2023-06-23 18:06:49:fe_source_hist_165_v0_04: Iron weighted mean per source.
2023-06-23 18:13:51:fe_source_hist_165_v0_04: Group by source.
2023-06-23 18:13:53:fe_source_hist_165_v0_04: Saving...
2023-06-23 18:13:55:fe_source_hist_165_v0_04: Saved.
2023-06-23 18:13:55:create_source_file: 00h:11m:09.98s (total=669.98 seconds).
2023-06-23 18:14:30:fe_source_hist_165_v0_05: Creating particle source file.
2023-06-23 18:14:35:fe_source_hist_165_v0_05: Particle information at source.
2023-06-23 18:17:01:fe_source_hist_165_v0_05: Dictionary of particle IDs at source.
2023-06-23 18:17:02:fe_source_hist_165_v0_05: Sum EUC transport per source.
2023-06-23 18:17:39:fe_source_hist_165_v0_05: Iron weighted mean per source.
2023-06-23 18:22:37:fe_source_hist_165_v0_05: Group by source.
2023-06-23 18:22:38:fe_source_hist_165_v0_05: Saving...
2023-06-23 18:22:40:fe_source_hist_165_v0_05: Saved.
2023-06-23 18:22:40:create_source_file: 00h:08m:09.53s (total=489.53 seconds).
2023-06-23 18:23:01:fe_source_hist_165_v0_06: Creating particle source file.
2023-06-23 18:23:03:fe_source_hist_165_v0_06: Particle information at source.
2023-06-23 18:24:26:fe_source_hist_165_v0_06: Dictionary of particle IDs at source.
2023-06-23 18:24:27:fe_source_hist_165_v0_06: Sum EUC transport per source.
2023-06-23 18:25:18:fe_source_hist_165_v0_06: Iron weighted mean per source.
2023-06-23 18:30:42:fe_source_hist_165_v0_06: Group by source.
2023-06-23 18:30:43:fe_source_hist_165_v0_06: Saving...
2023-06-23 18:30:45:fe_source_hist_165_v0_06: Saved.
2023-06-23 18:30:45:create_source_file: 00h:07m:43.85s (total=463.85 seconds).
2023-06-23 18:31:01:fe_source_hist_165_v0_07: Creating particle source file.
2023-06-23 18:31:03:fe_source_hist_165_v0_07: Particle information at source.
2023-06-23 18:33:01:fe_source_hist_165_v0_07: Dictionary of particle IDs at source.
2023-06-23 18:33:01:fe_source_hist_165_v0_07: Sum EUC transport per source.
2023-06-23 18:33:37:fe_source_hist_165_v0_07: Iron weighted mean per source.
2023-06-23 18:38:39:fe_source_hist_165_v0_07: Group by source.
2023-06-23 18:38:40:fe_source_hist_165_v0_07: Saving...
2023-06-23 18:38:43:fe_source_hist_165_v0_07: Saved.
2023-06-23 18:38:43:create_source_file: 00h:07m:42.04s (total=462.04 seconds).
2023-06-23 18:38:43:fe_source_hist_165_v0_: Saving combined source file.
2023-06-23 18:39:04:fe_source_hist_165_v0_: Saved combined source file.
2023-06-23 18:39:24:fe_source_hist_190_v0_00: Creating particle source file.
2023-06-23 18:39:26:fe_source_hist_190_v0_00: Particle information at source.
2023-06-23 18:43:03:fe_source_hist_190_v0_00: Dictionary of particle IDs at source.
2023-06-23 18:43:03:fe_source_hist_190_v0_00: Sum EUC transport per source.
2023-06-23 18:43:48:fe_source_hist_190_v0_00: Iron weighted mean per source.
2023-06-23 18:49:08:fe_source_hist_190_v0_00: Group by source.
2023-06-23 18:49:11:fe_source_hist_190_v0_00: Saving...
2023-06-23 18:49:12:fe_source_hist_190_v0_00: Saved.
2023-06-23 18:49:13:create_source_file: 00h:09m:48.53s (total=588.53 seconds).
2023-06-23 18:49:32:fe_source_hist_190_v0_01: Creating particle source file.
2023-06-23 18:49:34:fe_source_hist_190_v0_01: Particle information at source.
2023-06-23 19:00:28:fe_source_hist_190_v0_01: Dictionary of particle IDs at source.
2023-06-23 19:00:28:fe_source_hist_190_v0_01: Sum EUC transport per source.
2023-06-23 19:01:08:fe_source_hist_190_v0_01: Iron weighted mean per source.
2023-06-23 19:06:09:fe_source_hist_190_v0_01: Group by source.
2023-06-23 19:06:11:fe_source_hist_190_v0_01: Saving...
2023-06-23 19:06:13:fe_source_hist_190_v0_01: Saved.
2023-06-23 19:06:13:create_source_file: 00h:16m:41.18s (total=1001.18 seconds).
2023-06-23 19:06:28:fe_source_hist_190_v0_02: Creating particle source file.
2023-06-23 19:06:30:fe_source_hist_190_v0_02: Particle information at source.
2023-06-23 19:07:01:fe_source_rcp_165_v0_00: Creating particle source file.
2023-06-23 19:07:03:fe_source_rcp_165_v0_00: Particle information at source.
2023-06-23 19:12:59:fe_source_rcp_165_v0_00: Dictionary of particle IDs at source.
2023-06-23 19:13:00:fe_source_rcp_165_v0_00: Sum EUC transport per source.
2023-06-23 19:13:40:fe_source_rcp_165_v0_00: Iron weighted mean per source.
2023-06-23 19:18:51:fe_source_rcp_165_v0_00: Group by source.
2023-06-23 19:18:53:fe_source_rcp_165_v0_00: Saving...
2023-06-23 19:18:55:fe_source_rcp_165_v0_00: Saved.
2023-06-23 19:18:55:create_source_file: 00h:11m:54.35s (total=714.35 seconds).
2023-06-23 19:19:10:fe_source_rcp_165_v0_01: Creating particle source file.
2023-06-23 19:19:12:fe_source_rcp_165_v0_01: Particle information at source.
2023-06-23 19:19:51:fe_source_hist_190_v0_02: Dictionary of particle IDs at source.
2023-06-23 19:19:52:fe_source_hist_190_v0_02: Sum EUC transport per source.
2023-06-23 19:20:31:fe_source_hist_190_v0_02: Iron weighted mean per source.
2023-06-23 19:25:20:fe_source_rcp_165_v0_01: Dictionary of particle IDs at source.
2023-06-23 19:25:20:fe_source_rcp_165_v0_01: Sum EUC transport per source.
2023-06-23 19:25:35:fe_source_hist_190_v0_02: Group by source.
2023-06-23 19:25:36:fe_source_hist_190_v0_02: Saving...
2023-06-23 19:25:38:fe_source_hist_190_v0_02: Saved.
2023-06-23 19:25:38:create_source_file: 00h:19m:09.27s (total=1149.27 seconds).
2023-06-23 19:25:52:fe_source_hist_190_v0_03: Creating particle source file.
2023-06-23 19:25:54:fe_source_hist_190_v0_03: Particle information at source.
2023-06-23 19:25:58:fe_source_rcp_165_v0_01: Iron weighted mean per source.
2023-06-23 19:31:16:fe_source_rcp_165_v0_01: Group by source.
2023-06-23 19:31:18:fe_source_rcp_165_v0_01: Saving...
2023-06-23 19:31:20:fe_source_rcp_165_v0_01: Saved.
2023-06-23 19:31:20:create_source_file: 00h:12m:09.77s (total=729.77 seconds).
2023-06-23 19:31:35:fe_source_rcp_165_v0_02: Creating particle source file.
2023-06-23 19:31:37:fe_source_rcp_165_v0_02: Particle information at source.
2023-06-23 19:31:46:fe_source_hist_190_v0_03: Dictionary of particle IDs at source.
2023-06-23 19:31:46:fe_source_hist_190_v0_03: Sum EUC transport per source.
2023-06-23 19:32:26:fe_source_hist_190_v0_03: Iron weighted mean per source.
2023-06-23 19:37:34:fe_source_hist_190_v0_03: Group by source.
2023-06-23 19:37:36:fe_source_hist_190_v0_03: Saving...
2023-06-23 19:37:38:fe_source_hist_190_v0_03: Saved.
2023-06-23 19:37:38:create_source_file: 00h:11m:45.61s (total=705.61 seconds).
2023-06-23 19:37:52:fe_source_hist_190_v0_04: Creating particle source file.
2023-06-23 19:37:53:fe_source_hist_190_v0_04: Particle information at source.
2023-06-23 19:39:21:fe_source_rcp_165_v0_03: Creating particle source file.
2023-06-23 19:39:24:fe_source_rcp_165_v0_03: Particle information at source.
2023-06-23 19:43:54:fe_source_hist_190_v0_04: Dictionary of particle IDs at source.
2023-06-23 19:43:55:fe_source_hist_190_v0_04: Sum EUC transport per source.
2023-06-23 19:44:33:fe_source_hist_190_v0_04: Iron weighted mean per source.
2023-06-23 19:47:04:fe_source_rcp_165_v0_03: Dictionary of particle IDs at source.
2023-06-23 19:47:04:fe_source_rcp_165_v0_03: Sum EUC transport per source.
2023-06-23 19:47:50:fe_source_rcp_165_v0_03: Iron weighted mean per source.
2023-06-23 19:49:33:fe_source_hist_190_v0_04: Group by source.
2023-06-23 19:49:35:fe_source_hist_190_v0_04: Saving...
2023-06-23 19:49:37:fe_source_hist_190_v0_04: Saved.
2023-06-23 19:49:37:create_source_file: 00h:11m:45.19s (total=705.19 seconds).
2023-06-23 19:49:53:fe_source_hist_190_v0_05: Creating particle source file.
2023-06-23 19:49:55:fe_source_hist_190_v0_05: Particle information at source.
2023-06-23 19:53:13:fe_source_rcp_165_v0_03: Group by source.
2023-06-23 19:53:14:fe_source_rcp_165_v0_03: Saving...
2023-06-23 19:53:16:fe_source_rcp_165_v0_03: Saved.
2023-06-23 19:53:16:create_source_file: 00h:13m:54.43s (total=834.43 seconds).
2023-06-23 19:53:30:fe_source_rcp_165_v0_04: Creating particle source file.
2023-06-23 19:53:32:fe_source_rcp_165_v0_04: Particle information at source.
2023-06-23 19:57:01:fe_source_hist_190_v0_05: Dictionary of particle IDs at source.
2023-06-23 19:57:02:fe_source_hist_190_v0_05: Sum EUC transport per source.
2023-06-23 19:57:42:fe_source_hist_190_v0_05: Iron weighted mean per source.
2023-06-23 20:01:39:fe_source_rcp_165_v0_04: Dictionary of particle IDs at source.
2023-06-23 20:01:39:fe_source_rcp_165_v0_04: Sum EUC transport per source.
2023-06-23 20:02:22:fe_source_rcp_165_v0_04: Iron weighted mean per source.
2023-06-23 20:02:48:fe_source_hist_190_v0_05: Group by source.
2023-06-23 20:02:50:fe_source_hist_190_v0_05: Saving...
2023-06-23 20:02:51:fe_source_hist_190_v0_05: Saved.
2023-06-23 20:02:51:create_source_file: 00h:12m:58.07s (total=778.07 seconds).
2023-06-23 20:03:07:fe_source_hist_190_v0_06: Creating particle source file.
2023-06-23 20:03:09:fe_source_hist_190_v0_06: Particle information at source.
2023-06-23 20:07:48:fe_source_rcp_165_v0_04: Group by source.
2023-06-23 20:07:50:fe_source_rcp_165_v0_04: Saving...
2023-06-23 20:07:51:fe_source_rcp_165_v0_04: Saved.
2023-06-23 20:07:51:create_source_file: 00h:14m:21.06s (total=861.06 seconds).
2023-06-23 20:08:04:fe_source_hist_190_v0_06: Dictionary of particle IDs at source.
2023-06-23 20:08:05:fe_source_hist_190_v0_06: Sum EUC transport per source.
2023-06-23 20:08:05:fe_source_rcp_165_v0_05: Creating particle source file.
2023-06-23 20:08:07:fe_source_rcp_165_v0_05: Particle information at source.
2023-06-23 20:08:38:fe_source_hist_190_v0_06: Iron weighted mean per source.
2023-06-23 20:12:49:fe_source_hist_190_v0_06: Group by source.
2023-06-23 20:12:50:fe_source_hist_190_v0_06: Saving...
2023-06-23 20:12:51:fe_source_hist_190_v0_06: Saved.
2023-06-23 20:12:51:create_source_file: 00h:09m:44.58s (total=584.58 seconds).
2023-06-23 20:13:08:fe_source_hist_190_v0_07: Creating particle source file.
2023-06-23 20:13:10:fe_source_hist_190_v0_07: Particle information at source.
2023-06-23 20:15:49:fe_source_rcp_165_v0_05: Dictionary of particle IDs at source.
2023-06-23 20:15:49:fe_source_rcp_165_v0_05: Sum EUC transport per source.
2023-06-23 20:16:34:fe_source_rcp_165_v0_05: Iron weighted mean per source.
2023-06-23 20:21:29:fe_source_hist_190_v0_07: Dictionary of particle IDs at source.
2023-06-23 20:21:29:fe_source_hist_190_v0_07: Sum EUC transport per source.
2023-06-23 20:22:06:fe_source_hist_190_v0_07: Iron weighted mean per source.
2023-06-23 20:22:27:fe_source_rcp_165_v0_05: Group by source.
2023-06-23 20:22:29:fe_source_rcp_165_v0_05: Saving...
2023-06-23 20:22:31:fe_source_rcp_165_v0_05: Saved.
2023-06-23 20:22:31:create_source_file: 00h:14m:25.73s (total=865.73 seconds).
2023-06-23 20:22:46:fe_source_rcp_165_v0_06: Creating particle source file.
2023-06-23 20:22:47:fe_source_rcp_165_v0_06: Particle information at source.
2023-06-23 20:26:38:fe_source_hist_190_v0_07: Group by source.
2023-06-23 20:26:40:fe_source_hist_190_v0_07: Saving...
2023-06-23 20:26:41:fe_source_hist_190_v0_07: Saved.
2023-06-23 20:26:41:create_source_file: 00h:13m:33.69s (total=813.69 seconds).
2023-06-23 20:26:41:fe_source_hist_190_v0_: Saving combined source file.
2023-06-23 20:27:01:fe_source_hist_190_v0_: Saved combined source file.
2023-06-23 20:27:17:fe_source_hist_220_v0_00: Creating particle source file.
2023-06-23 20:27:19:fe_source_hist_220_v0_00: Particle information at source.
2023-06-23 20:30:40:fe_source_rcp_165_v0_06: Dictionary of particle IDs at source.
2023-06-23 20:30:41:fe_source_rcp_165_v0_06: Sum EUC transport per source.
2023-06-23 20:31:20:fe_source_rcp_165_v0_06: Iron weighted mean per source.
2023-06-23 20:36:07:fe_source_rcp_165_v0_06: Group by source.
2023-06-23 20:36:08:fe_source_rcp_165_v0_06: Saving...
2023-06-23 20:36:10:fe_source_rcp_165_v0_06: Saved.
2023-06-23 20:36:10:create_source_file: 00h:13m:24.43s (total=804.43 seconds).
2023-06-23 20:36:26:fe_source_rcp_165_v0_07: Creating particle source file.
2023-06-23 20:36:28:fe_source_rcp_165_v0_07: Particle information at source.
2023-06-23 20:36:58:fe_source_hist_220_v0_00: Dictionary of particle IDs at source.
2023-06-23 20:36:58:fe_source_hist_220_v0_00: Sum EUC transport per source.
2023-06-23 20:37:38:fe_source_hist_220_v0_00: Iron weighted mean per source.
2023-06-23 20:41:36:fe_source_rcp_165_v0_07: Dictionary of particle IDs at source.
2023-06-23 20:41:36:fe_source_rcp_165_v0_07: Sum EUC transport per source.
2023-06-23 20:42:14:fe_source_rcp_165_v0_07: Iron weighted mean per source.
2023-06-23 20:42:39:fe_source_hist_220_v0_00: Group by source.
2023-06-23 20:42:41:fe_source_hist_220_v0_00: Saving...
2023-06-23 20:42:42:fe_source_hist_220_v0_00: Saved.
2023-06-23 20:42:42:create_source_file: 00h:15m:25.26s (total=925.26 seconds).
2023-06-23 20:42:58:fe_source_hist_220_v0_01: Creating particle source file.
2023-06-23 20:43:00:fe_source_hist_220_v0_01: Particle information at source.
2023-06-23 20:46:40:fe_source_rcp_165_v0_07: Group by source.
2023-06-23 20:46:43:fe_source_rcp_165_v0_07: Saving...
2023-06-23 20:46:44:fe_source_rcp_165_v0_07: Saved.
2023-06-23 20:46:44:create_source_file: 00h:10m:17.67s (total=617.67 seconds).
2023-06-23 20:46:59:fe_source_rcp_190_v0_00: Creating particle source file.
2023-06-23 20:47:01:fe_source_rcp_190_v0_00: Particle information at source.
2023-06-23 20:49:13:fe_source_hist_220_v0_01: Dictionary of particle IDs at source.
2023-06-23 20:49:14:fe_source_hist_220_v0_01: Sum EUC transport per source.
2023-06-23 20:49:46:fe_source_hist_220_v0_01: Iron weighted mean per source.
2023-06-23 20:54:01:fe_source_hist_220_v0_01: Group by source.
2023-06-23 20:54:03:fe_source_hist_220_v0_01: Saving...
2023-06-23 20:54:04:fe_source_hist_220_v0_01: Saved.
2023-06-23 20:54:04:create_source_file: 00h:11m:06.40s (total=666.40 seconds).
2023-06-23 20:54:23:fe_source_hist_220_v0_02: Creating particle source file.
2023-06-23 20:54:26:fe_source_hist_220_v0_02: Particle information at source.
2023-06-23 20:59:11:fe_source_rcp_190_v0_01: Creating particle source file.
2023-06-23 20:59:13:fe_source_rcp_190_v0_01: Particle information at source.
2023-06-23 21:04:59:fe_source_hist_220_v0_02: Dictionary of particle IDs at source.
2023-06-23 21:05:00:fe_source_hist_220_v0_02: Sum EUC transport per source.
2023-06-23 21:05:37:fe_source_hist_220_v0_02: Iron weighted mean per source.
2023-06-23 21:10:08:fe_source_hist_220_v0_02: Group by source.
2023-06-23 21:10:10:fe_source_hist_220_v0_02: Saving...
2023-06-23 21:10:11:fe_source_hist_220_v0_02: Saved.
2023-06-23 21:10:11:create_source_file: 00h:15m:47.80s (total=947.80 seconds).
2023-06-23 21:10:27:fe_source_hist_220_v0_03: Creating particle source file.
2023-06-23 21:10:29:fe_source_hist_220_v0_03: Particle information at source.
2023-06-23 21:12:12:fe_source_rcp_190_v0_01: Dictionary of particle IDs at source.
2023-06-23 21:12:13:fe_source_rcp_190_v0_01: Sum EUC transport per source.
2023-06-23 21:12:50:fe_source_rcp_190_v0_01: Iron weighted mean per source.
2023-06-23 21:16:19:fe_source_hist_220_v0_03: Dictionary of particle IDs at source.
2023-06-23 21:16:20:fe_source_hist_220_v0_03: Sum EUC transport per source.
2023-06-23 21:16:55:fe_source_hist_220_v0_03: Iron weighted mean per source.
2023-06-23 21:17:11:fe_source_rcp_190_v0_01: Group by source.
2023-06-23 21:17:13:fe_source_rcp_190_v0_01: Saving...
2023-06-23 21:17:14:fe_source_rcp_190_v0_01: Saved.
2023-06-23 21:17:15:create_source_file: 00h:18m:03.31s (total=1083.31 seconds).
2023-06-23 21:17:31:fe_source_rcp_190_v0_02: Creating particle source file.
2023-06-23 21:17:33:fe_source_rcp_190_v0_02: Particle information at source.
2023-06-23 21:21:15:fe_source_hist_220_v0_03: Group by source.
2023-06-23 21:21:16:fe_source_hist_220_v0_03: Saving...
2023-06-23 21:21:18:fe_source_hist_220_v0_03: Saved.
2023-06-23 21:21:18:create_source_file: 00h:10m:51.48s (total=651.48 seconds).
2023-06-23 21:21:34:fe_source_hist_220_v0_04: Creating particle source file.
2023-06-23 21:21:36:fe_source_hist_220_v0_04: Particle information at source.
2023-06-23 21:27:23:fe_source_hist_220_v0_04: Dictionary of particle IDs at source.
2023-06-23 21:27:23:fe_source_hist_220_v0_04: Sum EUC transport per source.
2023-06-23 21:28:07:fe_source_hist_220_v0_04: Iron weighted mean per source.
2023-06-23 21:28:35:fe_source_rcp_190_v0_02: Dictionary of particle IDs at source.
2023-06-23 21:28:36:fe_source_rcp_190_v0_02: Sum EUC transport per source.
2023-06-23 21:29:14:fe_source_rcp_190_v0_02: Iron weighted mean per source.
2023-06-23 21:32:49:fe_source_hist_220_v0_04: Group by source.
2023-06-23 21:32:51:fe_source_hist_220_v0_04: Saving...
2023-06-23 21:32:52:fe_source_hist_220_v0_04: Saved.
2023-06-23 21:32:52:create_source_file: 00h:11m:17.97s (total=677.97 seconds).
2023-06-23 21:33:10:fe_source_hist_220_v0_05: Creating particle source file.
2023-06-23 21:33:12:fe_source_hist_220_v0_05: Particle information at source.
2023-06-23 21:34:35:fe_source_rcp_190_v0_02: Group by source.
2023-06-23 21:34:37:fe_source_rcp_190_v0_02: Saving...
2023-06-23 21:34:39:fe_source_rcp_190_v0_02: Saved.
2023-06-23 21:34:39:create_source_file: 00h:17m:08.34s (total=1028.34 seconds).
2023-06-23 21:34:53:fe_source_rcp_190_v0_03: Creating particle source file.
2023-06-23 21:34:55:fe_source_rcp_190_v0_03: Particle information at source.
2023-06-23 21:37:33:fe_source_hist_220_v0_05: Dictionary of particle IDs at source.
2023-06-23 21:37:33:fe_source_hist_220_v0_05: Sum EUC transport per source.
2023-06-23 21:38:15:fe_source_hist_220_v0_05: Iron weighted mean per source.
2023-06-23 21:40:54:fe_source_rcp_190_v0_03: Dictionary of particle IDs at source.
2023-06-23 21:40:55:fe_source_rcp_190_v0_03: Sum EUC transport per source.
2023-06-23 21:41:39:fe_source_rcp_190_v0_03: Iron weighted mean per source.
2023-06-23 21:42:55:fe_source_hist_220_v0_05: Group by source.
2023-06-23 21:42:56:fe_source_hist_220_v0_05: Saving...
2023-06-23 21:42:58:fe_source_hist_220_v0_05: Saved.
2023-06-23 21:42:58:create_source_file: 00h:09m:48.00s (total=588.00 seconds).
2023-06-23 21:42:58:fe_source_hist_220_v0_: Saving combined source file.
2023-06-23 21:43:14:fe_source_hist_220_v0_: Saved combined source file.
2023-06-23 21:43:57:fe_source_hist_250_v0_00: Creating particle source file.
2023-06-23 21:43:59:fe_source_hist_250_v0_00: Particle information at source.
2023-06-23 21:46:32:fe_source_rcp_190_v0_03: Group by source.
2023-06-23 21:46:33:fe_source_rcp_190_v0_03: Saving...
2023-06-23 21:46:34:fe_source_rcp_190_v0_03: Saved.
2023-06-23 21:46:34:create_source_file: 00h:11m:41.39s (total=701.39 seconds).
2023-06-23 21:46:48:fe_source_rcp_190_v0_04: Creating particle source file.
2023-06-23 21:46:50:fe_source_rcp_190_v0_04: Particle information at source.
2023-06-23 21:49:25:fe_source_hist_250_v0_00: Dictionary of particle IDs at source.
2023-06-23 21:49:25:fe_source_hist_250_v0_00: Sum EUC transport per source.
2023-06-23 21:50:05:fe_source_hist_250_v0_00: Iron weighted mean per source.
2023-06-23 21:54:34:fe_source_hist_250_v0_00: Group by source.
2023-06-23 21:54:36:fe_source_hist_250_v0_00: Saving...
2023-06-23 21:54:37:fe_source_hist_250_v0_00: Saved.
2023-06-23 21:54:37:create_source_file: 00h:10m:40.52s (total=640.52 seconds).
2023-06-23 21:54:53:fe_source_hist_250_v0_01: Creating particle source file.
2023-06-23 21:54:55:fe_source_hist_250_v0_01: Particle information at source.
2023-06-23 21:57:00:fe_source_hist_250_v0_01: Dictionary of particle IDs at source.
2023-06-23 21:57:00:fe_source_hist_250_v0_01: Sum EUC transport per source.
2023-06-23 21:57:28:fe_source_hist_250_v0_01: Iron weighted mean per source.
2023-06-23 21:58:03:fe_source_rcp_190_v0_04: Dictionary of particle IDs at source.
2023-06-23 21:58:04:fe_source_rcp_190_v0_04: Sum EUC transport per source.
2023-06-23 21:58:40:fe_source_rcp_190_v0_04: Iron weighted mean per source.
2023-06-23 22:01:01:fe_source_hist_250_v0_01: Group by source.
2023-06-23 22:01:02:fe_source_hist_250_v0_01: Saving...
2023-06-23 22:01:11:fe_source_hist_250_v0_01: Saved.
2023-06-23 22:01:11:create_source_file: 00h:06m:17.70s (total=377.70 seconds).
2023-06-23 22:01:28:fe_source_hist_250_v0_02: Creating particle source file.
2023-06-23 22:01:30:fe_source_hist_250_v0_02: Particle information at source.
2023-06-23 22:03:27:fe_source_rcp_190_v0_04: Group by source.
2023-06-23 22:03:28:fe_source_rcp_190_v0_04: Saving...
2023-06-23 22:03:30:fe_source_rcp_190_v0_04: Saved.
2023-06-23 22:03:30:create_source_file: 00h:16m:41.43s (total=1001.43 seconds).
2023-06-23 22:03:44:fe_source_rcp_190_v0_05: Creating particle source file.
2023-06-23 22:03:45:fe_source_rcp_190_v0_05: Particle information at source.
2023-06-23 22:04:35:fe_source_hist_250_v0_02: Dictionary of particle IDs at source.
2023-06-23 22:04:36:fe_source_hist_250_v0_02: Sum EUC transport per source.
2023-06-23 22:05:07:fe_source_hist_250_v0_02: Iron weighted mean per source.
2023-06-23 22:09:21:fe_source_hist_250_v0_02: Group by source.
2023-06-23 22:09:22:fe_source_hist_250_v0_02: Saving...
2023-06-23 22:09:23:fe_source_hist_250_v0_02: Saved.
2023-06-23 22:09:23:create_source_file: 00h:07m:55.68s (total=475.68 seconds).
2023-06-23 22:09:38:fe_source_hist_250_v0_03: Creating particle source file.
2023-06-23 22:09:40:fe_source_hist_250_v0_03: Particle information at source.
2023-06-23 22:10:47:fe_source_rcp_190_v0_05: Dictionary of particle IDs at source.
2023-06-23 22:10:48:fe_source_rcp_190_v0_05: Sum EUC transport per source.
2023-06-23 22:11:06:fe_source_hist_250_v0_03: Dictionary of particle IDs at source.
2023-06-23 22:11:06:fe_source_hist_250_v0_03: Sum EUC transport per source.
2023-06-23 22:11:24:fe_source_rcp_190_v0_05: Iron weighted mean per source.
2023-06-23 22:11:31:fe_source_hist_250_v0_03: Iron weighted mean per source.
2023-06-23 22:14:54:fe_source_hist_250_v0_03: Group by source.
2023-06-23 22:14:55:fe_source_hist_250_v0_03: Saving...
2023-06-23 22:14:56:fe_source_hist_250_v0_03: Saved.
2023-06-23 22:14:56:create_source_file: 00h:05m:17.95s (total=317.95 seconds).
2023-06-23 22:15:13:fe_source_hist_250_v0_04: Creating particle source file.
2023-06-23 22:15:14:fe_source_hist_250_v0_04: Particle information at source.
2023-06-23 22:16:02:fe_source_rcp_190_v0_05: Group by source.
2023-06-23 22:16:04:fe_source_rcp_190_v0_05: Saving...
2023-06-23 22:16:06:fe_source_rcp_190_v0_05: Saved.
2023-06-23 22:16:06:create_source_file: 00h:12m:21.89s (total=741.89 seconds).
2023-06-23 22:16:20:fe_source_rcp_190_v0_06: Creating particle source file.
2023-06-23 22:16:21:fe_source_rcp_190_v0_06: Particle information at source.
2023-06-23 22:18:12:fe_source_rcp_190_v0_06: Dictionary of particle IDs at source.
2023-06-23 22:18:12:fe_source_rcp_190_v0_06: Sum EUC transport per source.
2023-06-23 22:18:44:fe_source_rcp_190_v0_06: Iron weighted mean per source.
2023-06-23 22:20:19:fe_source_hist_250_v0_04: Dictionary of particle IDs at source.
2023-06-23 22:20:20:fe_source_hist_250_v0_04: Sum EUC transport per source.
2023-06-23 22:20:49:fe_source_hist_250_v0_04: Iron weighted mean per source.
2023-06-23 22:22:44:fe_source_rcp_190_v0_06: Group by source.
2023-06-23 22:22:46:fe_source_rcp_190_v0_06: Saving...
2023-06-23 22:22:47:fe_source_rcp_190_v0_06: Saved.
2023-06-23 22:22:47:create_source_file: 00h:06m:27.56s (total=387.56 seconds).
2023-06-23 22:22:55:fe_source_rcp_190_v0_07: Creating particle source file.
2023-06-23 22:22:57:fe_source_rcp_190_v0_07: Particle information at source.
2023-06-23 22:24:30:fe_source_hist_250_v0_04: Group by source.
2023-06-23 22:24:31:fe_source_hist_250_v0_04: Saving...
2023-06-23 22:24:33:fe_source_hist_250_v0_04: Saved.
2023-06-23 22:24:33:create_source_file: 00h:09m:20.26s (total=560.26 seconds).
2023-06-23 22:24:49:fe_source_hist_250_v0_05: Creating particle source file.
2023-06-23 22:24:51:fe_source_hist_250_v0_05: Particle information at source.
2023-06-23 22:27:32:fe_source_rcp_190_v0_07: Dictionary of particle IDs at source.
2023-06-23 22:27:32:fe_source_rcp_190_v0_07: Sum EUC transport per source.
2023-06-23 22:28:04:fe_source_rcp_190_v0_07: Iron weighted mean per source.
2023-06-23 22:29:51:fe_source_hist_250_v0_05: Dictionary of particle IDs at source.
2023-06-23 22:29:52:fe_source_hist_250_v0_05: Sum EUC transport per source.
2023-06-23 22:30:16:fe_source_hist_250_v0_05: Iron weighted mean per source.
2023-06-23 22:32:23:fe_source_rcp_190_v0_07: Group by source.
2023-06-23 22:32:25:fe_source_rcp_190_v0_07: Saving...
2023-06-23 22:32:27:fe_source_rcp_190_v0_07: Saved.
2023-06-23 22:32:27:create_source_file: 00h:09m:31.15s (total=571.15 seconds).
2023-06-23 22:32:40:fe_source_rcp_220_v0_00: Creating particle source file.
2023-06-23 22:32:41:fe_source_rcp_220_v0_00: Particle information at source.
2023-06-23 22:33:36:fe_source_hist_250_v0_05: Group by source.
2023-06-23 22:33:37:fe_source_hist_250_v0_05: Saving...
2023-06-23 22:33:51:fe_source_hist_250_v0_05: Saved.
2023-06-23 22:33:51:create_source_file: 00h:09m:01.94s (total=541.94 seconds).
2023-06-23 22:34:06:fe_source_hist_250_v0_06: Creating particle source file.
2023-06-23 22:34:07:fe_source_hist_250_v0_06: Particle information at source.
2023-06-23 22:35:00:fe_source_hist_250_v0_06: Dictionary of particle IDs at source.
2023-06-23 22:35:00:fe_source_hist_250_v0_06: Sum EUC transport per source.
2023-06-23 22:35:21:fe_source_hist_250_v0_06: Iron weighted mean per source.
2023-06-23 22:36:05:fe_source_rcp_220_v0_00: Dictionary of particle IDs at source.
2023-06-23 22:36:05:fe_source_rcp_220_v0_00: Sum EUC transport per source.
2023-06-23 22:36:41:fe_source_rcp_220_v0_00: Iron weighted mean per source.
2023-06-23 22:38:38:fe_source_hist_250_v0_06: Group by source.
2023-06-23 22:38:39:fe_source_hist_250_v0_06: Saving...
2023-06-23 22:38:41:fe_source_hist_250_v0_06: Saved.
2023-06-23 22:38:41:create_source_file: 00h:04m:34.87s (total=274.87 seconds).
2023-06-23 22:38:57:fe_source_hist_250_v0_07: Creating particle source file.
2023-06-23 22:39:00:fe_source_hist_250_v0_07: Particle information at source.
2023-06-23 22:40:17:fe_source_hist_250_v0_07: Dictionary of particle IDs at source.
2023-06-23 22:40:17:fe_source_hist_250_v0_07: Sum EUC transport per source.
2023-06-23 22:40:43:fe_source_hist_250_v0_07: Iron weighted mean per source.
2023-06-23 22:42:10:fe_source_rcp_220_v0_00: Group by source.
2023-06-23 22:42:11:fe_source_rcp_220_v0_00: Saving...
2023-06-23 22:42:13:fe_source_rcp_220_v0_00: Saved.
2023-06-23 22:42:13:create_source_file: 00h:09m:32.77s (total=572.77 seconds).
2023-06-23 22:42:28:fe_source_rcp_220_v0_01: Creating particle source file.
2023-06-23 22:42:31:fe_source_rcp_220_v0_01: Particle information at source.
2023-06-23 22:44:09:fe_source_hist_250_v0_07: Group by source.
2023-06-23 22:44:10:fe_source_hist_250_v0_07: Saving...
2023-06-23 22:44:12:fe_source_hist_250_v0_07: Saved.
2023-06-23 22:44:12:create_source_file: 00h:05m:14.78s (total=314.78 seconds).
2023-06-23 22:44:12:fe_source_hist_250_v0_: Saving combined source file.
2023-06-23 22:44:29:fe_source_hist_250_v0_: Saved combined source file.
2023-06-23 22:45:13:fe_source_rcp_220_v0_01: Dictionary of particle IDs at source.
2023-06-23 22:45:14:fe_source_rcp_220_v0_01: Sum EUC transport per source.
2023-06-23 22:45:46:fe_source_rcp_220_v0_01: Iron weighted mean per source.
2023-06-23 22:49:44:fe_source_rcp_220_v0_01: Group by source.
2023-06-23 22:49:46:fe_source_rcp_220_v0_01: Saving...
2023-06-23 22:49:48:fe_source_rcp_220_v0_01: Saved.
2023-06-23 22:49:48:create_source_file: 00h:07m:19.57s (total=439.57 seconds).
2023-06-23 22:50:02:fe_source_rcp_220_v0_02: Creating particle source file.
2023-06-23 22:50:04:fe_source_rcp_220_v0_02: Particle information at source.
2023-06-23 22:53:45:fe_source_rcp_220_v0_02: Dictionary of particle IDs at source.
2023-06-23 22:53:45:fe_source_rcp_220_v0_02: Sum EUC transport per source.
2023-06-23 22:54:24:fe_source_rcp_220_v0_02: Iron weighted mean per source.
2023-06-23 22:59:09:fe_source_rcp_220_v0_02: Group by source.
2023-06-23 22:59:11:fe_source_rcp_220_v0_02: Saving...
2023-06-23 22:59:12:fe_source_rcp_220_v0_02: Saved.
2023-06-23 22:59:13:create_source_file: 00h:09m:10.42s (total=550.42 seconds).
2023-06-23 22:59:28:fe_source_rcp_220_v0_03: Creating particle source file.
2023-06-23 22:59:29:fe_source_rcp_220_v0_03: Particle information at source.
2023-06-23 23:04:12:fe_source_rcp_220_v0_03: Dictionary of particle IDs at source.
2023-06-23 23:04:12:fe_source_rcp_220_v0_03: Sum EUC transport per source.
2023-06-23 23:04:45:fe_source_rcp_220_v0_03: Iron weighted mean per source.
2023-06-23 23:08:52:fe_source_rcp_220_v0_03: Group by source.
2023-06-23 23:08:53:fe_source_rcp_220_v0_03: Saving...
2023-06-23 23:08:55:fe_source_rcp_220_v0_03: Saved.
2023-06-23 23:08:55:create_source_file: 00h:09m:27.41s (total=567.41 seconds).
2023-06-23 23:09:25:fe_source_rcp_220_v0_04: Creating particle source file.
2023-06-23 23:09:28:fe_source_rcp_220_v0_04: Particle information at source.
2023-06-23 23:13:54:fe_source_rcp_220_v0_04: Dictionary of particle IDs at source.
2023-06-23 23:13:54:fe_source_rcp_220_v0_04: Sum EUC transport per source.
2023-06-23 23:14:31:fe_source_rcp_220_v0_04: Iron weighted mean per source.
2023-06-23 23:19:15:fe_source_rcp_220_v0_04: Group by source.
2023-06-23 23:19:16:fe_source_rcp_220_v0_04: Saving...
2023-06-23 23:19:18:fe_source_rcp_220_v0_04: Saved.
2023-06-23 23:19:18:create_source_file: 00h:09m:53.12s (total=593.12 seconds).
2023-06-23 23:19:33:fe_source_rcp_220_v0_05: Creating particle source file.
2023-06-23 23:19:34:fe_source_rcp_220_v0_05: Particle information at source.
2023-06-23 23:24:55:fe_source_rcp_220_v0_05: Dictionary of particle IDs at source.
2023-06-23 23:24:56:fe_source_rcp_220_v0_05: Sum EUC transport per source.
2023-06-23 23:25:31:fe_source_rcp_220_v0_05: Iron weighted mean per source.
2023-06-23 23:30:34:fe_source_rcp_220_v0_05: Group by source.
2023-06-23 23:30:35:fe_source_rcp_220_v0_05: Saving...
2023-06-23 23:30:37:fe_source_rcp_220_v0_05: Saved.
2023-06-23 23:30:37:create_source_file: 00h:11m:04.19s (total=664.19 seconds).
2023-06-23 23:30:53:fe_source_rcp_220_v0_06: Creating particle source file.
2023-06-23 23:30:55:fe_source_rcp_220_v0_06: Particle information at source.
2023-06-23 23:31:41:fe_source_rcp_220_v0_06: Dictionary of particle IDs at source.
2023-06-23 23:31:42:fe_source_rcp_220_v0_06: Sum EUC transport per source.
2023-06-23 23:32:11:fe_source_rcp_220_v0_06: Iron weighted mean per source.
2023-06-23 23:35:45:fe_source_rcp_220_v0_06: Group by source.
2023-06-23 23:35:47:fe_source_rcp_220_v0_06: Saving...
2023-06-23 23:35:48:fe_source_rcp_220_v0_06: Saved.
2023-06-23 23:35:48:create_source_file: 00h:04m:54.88s (total=294.88 seconds).
2023-06-23 23:36:03:fe_source_rcp_220_v0_07: Creating particle source file.
2023-06-23 23:36:05:fe_source_rcp_220_v0_07: Particle information at source.
2023-06-23 23:37:08:fe_source_rcp_220_v0_07: Dictionary of particle IDs at source.
2023-06-23 23:37:09:fe_source_rcp_220_v0_07: Sum EUC transport per source.
2023-06-23 23:37:40:fe_source_rcp_220_v0_07: Iron weighted mean per source.
2023-06-23 23:41:39:fe_source_rcp_220_v0_07: Group by source.
2023-06-23 23:41:42:fe_source_rcp_220_v0_07: Saving...
2023-06-23 23:41:43:fe_source_rcp_220_v0_07: Saved.
2023-06-23 23:41:43:create_source_file: 00h:05m:40.29s (total=340.29 seconds).
2023-06-23 23:41:43:fe_source_rcp_220_v0_: Saving combined source file.
2023-06-23 23:42:04:fe_source_rcp_220_v0_: Saved combined source file.
2023-06-23 23:42:20:fe_source_rcp_250_v0_00: Creating particle source file.
2023-06-23 23:42:22:fe_source_rcp_250_v0_00: Particle information at source.
2023-06-23 23:44:49:fe_source_rcp_250_v0_00: Dictionary of particle IDs at source.
2023-06-23 23:44:50:fe_source_rcp_250_v0_00: Sum EUC transport per source.
2023-06-23 23:45:26:fe_source_rcp_250_v0_00: Iron weighted mean per source.
2023-06-23 23:49:39:fe_source_rcp_250_v0_00: Group by source.
2023-06-23 23:49:41:fe_source_rcp_250_v0_00: Saving...
2023-06-23 23:49:42:fe_source_rcp_250_v0_00: Saved.
2023-06-23 23:49:42:create_source_file: 00h:07m:22.56s (total=442.56 seconds).
2023-06-23 23:49:57:fe_source_rcp_250_v0_01: Creating particle source file.
2023-06-23 23:49:59:fe_source_rcp_250_v0_01: Particle information at source.
2023-06-23 23:52:31:fe_source_rcp_250_v0_01: Dictionary of particle IDs at source.
2023-06-23 23:52:32:fe_source_rcp_250_v0_01: Sum EUC transport per source.
2023-06-23 23:53:00:fe_source_rcp_250_v0_01: Iron weighted mean per source.
2023-06-23 23:56:28:fe_source_rcp_250_v0_01: Group by source.
2023-06-23 23:56:30:fe_source_rcp_250_v0_01: Saving...
2023-06-23 23:56:31:fe_source_rcp_250_v0_01: Saved.
2023-06-23 23:56:31:create_source_file: 00h:06m:34.06s (total=394.06 seconds).
2023-06-23 23:56:49:fe_source_rcp_250_v0_02: Creating particle source file.
2023-06-23 23:56:51:fe_source_rcp_250_v0_02: Particle information at source.
2023-06-23 23:58:09:fe_source_rcp_250_v0_02: Dictionary of particle IDs at source.
2023-06-23 23:58:10:fe_source_rcp_250_v0_02: Sum EUC transport per source.
2023-06-23 23:58:43:fe_source_rcp_250_v0_02: Iron weighted mean per source.
2023-06-24 00:02:40:fe_source_rcp_250_v0_02: Group by source.
2023-06-24 00:02:42:fe_source_rcp_250_v0_02: Saving...
2023-06-24 00:02:43:fe_source_rcp_250_v0_02: Saved.
2023-06-24 00:02:43:create_source_file: 00h:05m:53.71s (total=353.71 seconds).
2023-06-24 00:02:59:fe_source_rcp_250_v0_03: Creating particle source file.
2023-06-24 00:03:01:fe_source_rcp_250_v0_03: Particle information at source.
2023-06-24 00:03:48:fe_source_rcp_250_v0_03: Dictionary of particle IDs at source.
2023-06-24 00:03:48:fe_source_rcp_250_v0_03: Sum EUC transport per source.
2023-06-24 00:04:09:fe_source_rcp_250_v0_03: Iron weighted mean per source.
2023-06-24 00:07:09:fe_source_rcp_250_v0_03: Group by source.
2023-06-24 00:07:11:fe_source_rcp_250_v0_03: Saving...
2023-06-24 00:07:13:fe_source_rcp_250_v0_03: Saved.
2023-06-24 00:07:13:create_source_file: 00h:04m:14.01s (total=254.01 seconds).
2023-06-24 00:07:31:fe_source_rcp_250_v0_04: Creating particle source file.
2023-06-24 00:07:33:fe_source_rcp_250_v0_04: Particle information at source.
2023-06-24 00:08:19:fe_source_rcp_250_v0_04: Dictionary of particle IDs at source.
2023-06-24 00:08:19:fe_source_rcp_250_v0_04: Sum EUC transport per source.
2023-06-24 00:08:44:fe_source_rcp_250_v0_04: Iron weighted mean per source.
2023-06-24 00:12:16:fe_source_rcp_250_v0_04: Group by source.
2023-06-24 00:12:18:fe_source_rcp_250_v0_04: Saving...
2023-06-24 00:12:20:fe_source_rcp_250_v0_04: Saved.
2023-06-24 00:12:20:create_source_file: 00h:04m:48.96s (total=288.96 seconds).
2023-06-24 00:12:42:fe_source_rcp_250_v0_05: Creating particle source file.
2023-06-24 00:12:47:fe_source_rcp_250_v0_05: Particle information at source.
2023-06-24 00:13:40:fe_source_rcp_250_v0_05: Dictionary of particle IDs at source.
2023-06-24 00:13:41:fe_source_rcp_250_v0_05: Sum EUC transport per source.
2023-06-24 00:14:10:fe_source_rcp_250_v0_05: Iron weighted mean per source.
2023-06-24 00:17:15:fe_source_rcp_250_v0_05: Group by source.
2023-06-24 00:17:16:fe_source_rcp_250_v0_05: Saving...
2023-06-24 00:17:18:fe_source_rcp_250_v0_05: Saved.
2023-06-24 00:17:18:create_source_file: 00h:04m:35.39s (total=275.39 seconds).
2023-06-24 00:17:34:fe_source_rcp_250_v0_06: Creating particle source file.
2023-06-24 00:17:37:fe_source_rcp_250_v0_06: Particle information at source.
2023-06-24 00:18:19:fe_source_rcp_250_v0_06: Dictionary of particle IDs at source.
2023-06-24 00:18:20:fe_source_rcp_250_v0_06: Sum EUC transport per source.
2023-06-24 00:18:46:fe_source_rcp_250_v0_06: Iron weighted mean per source.
2023-06-24 00:21:47:fe_source_rcp_250_v0_06: Group by source.
2023-06-24 00:21:49:fe_source_rcp_250_v0_06: Saving...
2023-06-24 00:21:50:fe_source_rcp_250_v0_06: Saved.
2023-06-24 00:21:50:create_source_file: 00h:04m:15.46s (total=255.46 seconds).
2023-06-24 00:22:06:fe_source_rcp_250_v0_07: Creating particle source file.
2023-06-24 00:22:09:fe_source_rcp_250_v0_07: Particle information at source.
2023-06-24 00:22:50:fe_source_rcp_250_v0_07: Dictionary of particle IDs at source.
2023-06-24 00:22:51:fe_source_rcp_250_v0_07: Sum EUC transport per source.
2023-06-24 00:23:19:fe_source_rcp_250_v0_07: Iron weighted mean per source.
